#
# There is insufficient memory for the Java Runtime Environment to continue.
# Native memory allocation (malloc) failed to allocate 407536 bytes. Error detail: Chunk::new
# Possible reasons:
#   The system is out of physical RAM or swap space
#   This process is running with CompressedOops enabled, and the Java Heap may be blocking the growth of the native heap
# Possible solutions:
#   Reduce memory load on the system
#   Increase physical memory or swap space
#   Check if swap backing store is full
#   Decrease Java heap size (-Xmx/-Xms)
#   Decrease number of Java threads
#   Decrease Java thread stack sizes (-Xss)
#   Set larger code cache with -XX:ReservedCodeCacheSize=
#   JVM is running with Unscaled Compressed Oops mode in which the Java heap is
#     placed in the first 4GB address space. The Java Heap base address is the
#     maximum limit for the native heap growth. Please use -XX:HeapBaseMinAddress
#     to set the Java Heap base and to place the Java Heap above 4GB virtual address.
# This output file may be truncated or incomplete.
#
#  Out of Memory Error (arena.cpp:191), pid=12048, tid=13432
#
# JRE version: OpenJDK Runtime Environment Temurin-17.0.13+11 (17.0.13+11) (build 17.0.13+11)
# Java VM: OpenJDK 64-Bit Server VM Temurin-17.0.13+11 (17.0.13+11, mixed mode, tiered, compressed oops, compressed class ptrs, parallel gc, windows-amd64)
# No core dump will be written. Minidumps are not enabled by default on client versions of Windows
#

---------------  S U M M A R Y ------------

Command Line: --add-modules=ALL-SYSTEM --add-opens=java.base/java.util=ALL-UNNAMED --add-opens=java.base/java.lang=ALL-UNNAMED --add-opens=java.base/sun.nio.fs=ALL-UNNAMED -Declipse.application=org.eclipse.jdt.ls.core.id1 -Dosgi.bundles.defaultStartLevel=4 -Declipse.product=org.eclipse.jdt.ls.core.product -Djava.import.generatesMetadataFilesAtProjectRoot=false -DDetectVMInstallationsJob.disabled=true -Dfile.encoding=utf8 -XX:+UseParallelGC -XX:GCTimeRatio=4 -XX:AdaptiveSizePolicyWeight=90 -Dsun.zip.disableMemoryMapping=true -Xmx1G -Xms100m -Xlog:disable -javaagent:c:\Users\Admin\.vscode\extensions\redhat.java-1.36.0-win32-x64\lombok\lombok-1.18.35.jar -XX:+HeapDumpOnOutOfMemoryError -XX:HeapDumpPath=c:\Users\Admin\AppData\Roaming\Code\User\workspaceStorage\1141ed2dea09336be60d10b4a5feda28\redhat.java -Daether.dependencyCollector.impl=bf c:\Users\Admin\.vscode\extensions\redhat.java-1.36.0-win32-x64\server\plugins\org.eclipse.equinox.launcher_1.6.900.v20240613-2009.jar -configuration c:\Users\Admin\AppData\Roaming\Code\User\globalStorage\redhat.java\1.36.0\config_win -data c:\Users\Admin\AppData\Roaming\Code\User\workspaceStorage\1141ed2dea09336be60d10b4a5feda28\redhat.java\jdt_ws --pipe=\\.\pipe\lsp-e41d584de1983ff917683f707a2625cd-sock

Host: 11th Gen Intel(R) Core(TM) i5-1135G7 @ 2.40GHz, 8 cores, 7G,  Windows 10 , 64 bit Build 19041 (10.0.19041.4957)
Time: Mon Nov 11 10:47:00 2024 SE Asia Standard Time elapsed time: 65.424326 seconds (0d 0h 1m 5s)

---------------  T H R E A D  ---------------

Current thread (0x00000240fd636290):  JavaThread "C2 CompilerThread0" daemon [_thread_in_native, id=13432, stack(0x000000ef20900000,0x000000ef20a00000)]


Current CompileTask:
C2:  65424 11546       4       org.eclipse.jdt.internal.compiler.classfmt.AnnotationInfo::decodeDefaultValue (871 bytes)

Stack: [0x000000ef20900000,0x000000ef20a00000]
Native frames: (J=compiled Java code, j=interpreted, Vv=VM code, C=native code)
V  [jvm.dll+0x682a19]
V  [jvm.dll+0x839538]
V  [jvm.dll+0x83afe3]
V  [jvm.dll+0x83b653]
V  [jvm.dll+0x24704f]
V  [jvm.dll+0xace34]
V  [jvm.dll+0xad4cc]
V  [jvm.dll+0x2ac84f]
V  [jvm.dll+0x588a79]
V  [jvm.dll+0x220ea2]
V  [jvm.dll+0x22129f]
V  [jvm.dll+0x21a2b0]
V  [jvm.dll+0x21738b]
V  [jvm.dll+0x1a3070]
V  [jvm.dll+0x22788c]
V  [jvm.dll+0x2259eb]
V  [jvm.dll+0x7eec98]
V  [jvm.dll+0x7e8ffc]
V  [jvm.dll+0x6818f7]
C  [ucrtbase.dll+0x21bb2]
C  [KERNEL32.DLL+0x17374]
C  [ntdll.dll+0x4cc91]


---------------  P R O C E S S  ---------------

Threads class SMR info:
_java_thread_list=0x000002409e812f10, length=59, elements={
0x00000240f7514130, 0x00000240fc3a64f0, 0x00000240fc3a7650, 0x00000240fd629410,
0x00000240fd629ee0, 0x00000240fd62e7d0, 0x00000240fd6319c0, 0x00000240fd636290,
0x00000240fd689c10, 0x00000240fd6a9140, 0x00000240fd7a8980, 0x00000240fd7aa7e0,
0x00000240fd7aa2d0, 0x00000240fd7a8e90, 0x00000240fd7ab710, 0x00000240fd7a8470,
0x00000240fd7a93a0, 0x00000240fd7a9dc0, 0x00000240fd7ab200, 0x00000240fe5a50a0,
0x00000240fe5a1e00, 0x00000240fe5a0ed0, 0x00000240fe5a4170, 0x00000240fe5a64e0,
0x00000240fe5a3c60, 0x00000240fe5a2310, 0x00000240fe5a5fd0, 0x00000240fe5a2820,
0x00000240fe59ffa0, 0x00000240fe5a4680, 0x00000240fe5a2d30, 0x00000240fe5a3240,
0x00000240fe5a3750, 0x00000240fe59f070, 0x00000240fe5a69f0, 0x00000240fe5a55b0,
0x00000240fe59fa90, 0x00000240fe5a5ac0, 0x00000240fe5a04b0, 0x00000240fe59f580,
0x00000240fd7a98b0, 0x00000240fd7aacf0, 0x0000024094698b80, 0x0000024094694ec0,
0x0000024094697c50, 0x0000024094697230, 0x0000024094693a80, 0x0000024094699090,
0x0000024094693570, 0x0000024094699fc0, 0x00000240946995a0, 0x0000024094698160,
0x00000240946958e0, 0x0000024094699ab0, 0x0000024094693f90, 0x00000240946953d0,
0x0000024094693060, 0x0000024094695df0, 0x000002409469a9e0
}

Java Threads: ( => current thread )
  0x00000240f7514130 JavaThread "main" [_thread_blocked, id=15172, stack(0x000000ef20000000,0x000000ef20100000)]
  0x00000240fc3a64f0 JavaThread "Reference Handler" daemon [_thread_blocked, id=16044, stack(0x000000ef20300000,0x000000ef20400000)]
  0x00000240fc3a7650 JavaThread "Finalizer" daemon [_thread_blocked, id=18224, stack(0x000000ef20400000,0x000000ef20500000)]
  0x00000240fd629410 JavaThread "Signal Dispatcher" daemon [_thread_blocked, id=5152, stack(0x000000ef20500000,0x000000ef20600000)]
  0x00000240fd629ee0 JavaThread "Attach Listener" daemon [_thread_blocked, id=18540, stack(0x000000ef20600000,0x000000ef20700000)]
  0x00000240fd62e7d0 JavaThread "Service Thread" daemon [_thread_blocked, id=6332, stack(0x000000ef20700000,0x000000ef20800000)]
  0x00000240fd6319c0 JavaThread "Monitor Deflation Thread" daemon [_thread_blocked, id=8452, stack(0x000000ef20800000,0x000000ef20900000)]
=>0x00000240fd636290 JavaThread "C2 CompilerThread0" daemon [_thread_in_native, id=13432, stack(0x000000ef20900000,0x000000ef20a00000)]
  0x00000240fd689c10 JavaThread "C1 CompilerThread0" daemon [_thread_blocked, id=2668, stack(0x000000ef20a00000,0x000000ef20b00000)]
  0x00000240fd6a9140 JavaThread "Sweeper thread" daemon [_thread_blocked, id=1444, stack(0x000000ef20b00000,0x000000ef20c00000)]
  0x00000240fd7a8980 JavaThread "Common-Cleaner" daemon [_thread_blocked, id=21984, stack(0x000000ef20c00000,0x000000ef20d00000)]
  0x00000240fd7aa7e0 JavaThread "Notification Thread" daemon [_thread_blocked, id=17488, stack(0x000000ef20e00000,0x000000ef20f00000)]
  0x00000240fd7aa2d0 JavaThread "Active Thread: Equinox Container: 5cd00798-319c-4fd5-a54c-c3d612bbf2ff" [_thread_blocked, id=3680, stack(0x000000ef21600000,0x000000ef21700000)]
  0x00000240fd7a8e90 JavaThread "Refresh Thread: Equinox Container: 5cd00798-319c-4fd5-a54c-c3d612bbf2ff" daemon [_thread_blocked, id=19192, stack(0x000000ef21700000,0x000000ef21800000)]
  0x00000240fd7ab710 JavaThread "Framework Event Dispatcher: Equinox Container: 5cd00798-319c-4fd5-a54c-c3d612bbf2ff" daemon [_thread_blocked, id=1316, stack(0x000000ef21500000,0x000000ef21600000)]
  0x00000240fd7a8470 JavaThread "Start Level: Equinox Container: 5cd00798-319c-4fd5-a54c-c3d612bbf2ff" daemon [_thread_blocked, id=15872, stack(0x000000ef21800000,0x000000ef21900000)]
  0x00000240fd7a93a0 JavaThread "Bundle File Closer" daemon [_thread_blocked, id=18472, stack(0x000000ef21b00000,0x000000ef21c00000)]
  0x00000240fd7a9dc0 JavaThread "SCR Component Actor" daemon [_thread_blocked, id=6824, stack(0x000000ef21a00000,0x000000ef21b00000)]
  0x00000240fd7ab200 JavaThread "Worker-JM" [_thread_blocked, id=13776, stack(0x000000ef21d00000,0x000000ef21e00000)]
  0x00000240fe5a50a0 JavaThread "JNA Cleaner" daemon [_thread_blocked, id=10964, stack(0x000000ef21e00000,0x000000ef21f00000)]
  0x00000240fe5a1e00 JavaThread "Worker-0: Validate documents" [_thread_blocked, id=17840, stack(0x000000ef21f00000,0x000000ef22000000)]
  0x00000240fe5a0ed0 JavaThread "Worker-1: Java indexing... " [_thread_blocked, id=9452, stack(0x000000ef22000000,0x000000ef22100000)]
  0x00000240fe5a4170 JavaThread "Worker-2" [_thread_blocked, id=12264, stack(0x000000ef22100000,0x000000ef22200000)]
  0x00000240fe5a64e0 JavaThread "Java indexing" daemon [_thread_in_native, id=8852, stack(0x000000ef22200000,0x000000ef22300000)]
  0x00000240fe5a3c60 JavaThread "Worker-3" [_thread_blocked, id=1264, stack(0x000000ef22400000,0x000000ef22500000)]
  0x00000240fe5a2310 JavaThread "Thread-2" daemon [_thread_in_native, id=4656, stack(0x000000ef22500000,0x000000ef22600000)]
  0x00000240fe5a5fd0 JavaThread "Thread-3" daemon [_thread_in_native, id=14748, stack(0x000000ef22600000,0x000000ef22700000)]
  0x00000240fe5a2820 JavaThread "Thread-4" daemon [_thread_in_native, id=22076, stack(0x000000ef22700000,0x000000ef22800000)]
  0x00000240fe59ffa0 JavaThread "Thread-5" daemon [_thread_in_native, id=10344, stack(0x000000ef22800000,0x000000ef22900000)]
  0x00000240fe5a4680 JavaThread "Thread-6" daemon [_thread_in_native, id=18108, stack(0x000000ef22900000,0x000000ef22a00000)]
  0x00000240fe5a2d30 JavaThread "Thread-7" daemon [_thread_in_native, id=16620, stack(0x000000ef22a00000,0x000000ef22b00000)]
  0x00000240fe5a3240 JavaThread "Thread-8" daemon [_thread_in_native, id=1648, stack(0x000000ef22b00000,0x000000ef22c00000)]
  0x00000240fe5a3750 JavaThread "Thread-9" daemon [_thread_in_native, id=22276, stack(0x000000ef22c00000,0x000000ef22d00000)]
  0x00000240fe59f070 JavaThread "Thread-10" daemon [_thread_in_native, id=16156, stack(0x000000ef22d00000,0x000000ef22e00000)]
  0x00000240fe5a69f0 JavaThread "pool-2-thread-1" [_thread_blocked, id=8880, stack(0x000000ef22e00000,0x000000ef22f00000)]
  0x00000240fe5a55b0 JavaThread "Worker-4: Check JDK Index" [_thread_blocked, id=10628, stack(0x000000ef22f00000,0x000000ef23000000)]
  0x00000240fe59fa90 JavaThread "WorkspaceEventsHandler" [_thread_blocked, id=13308, stack(0x000000ef23000000,0x000000ef23100000)]
  0x00000240fe5a5ac0 JavaThread "pool-1-thread-1" [_thread_in_Java, id=7012, stack(0x000000ef23100000,0x000000ef23200000)]
  0x00000240fe5a04b0 JavaThread "Worker-5: Publish Diagnostics" [_thread_in_Java, id=16412, stack(0x000000ef23200000,0x000000ef23300000)]
  0x00000240fe59f580 JavaThread "LocalFile Deleter" daemon [_thread_blocked, id=5072, stack(0x000000ef22300000,0x000000ef22400000)]
  0x00000240fd7a98b0 JavaThread "LocalFile Deleter" daemon [_thread_blocked, id=18312, stack(0x000000ef23300000,0x000000ef23400000)]
  0x00000240fd7aacf0 JavaThread "LocalFile Deleter" daemon [_thread_blocked, id=12848, stack(0x000000ef23400000,0x000000ef23500000)]
  0x0000024094698b80 JavaThread "Compiler Source File Reader" daemon [_thread_blocked, id=16624, stack(0x000000ef23500000,0x000000ef23600000)]
  0x0000024094694ec0 JavaThread "Compiler Source File Reader" daemon [_thread_blocked, id=14656, stack(0x000000ef23600000,0x000000ef23700000)]
  0x0000024094697c50 JavaThread "Compiler Source File Reader" daemon [_thread_blocked, id=6028, stack(0x000000ef23700000,0x000000ef23800000)]
  0x0000024094697230 JavaThread "Compiler Source File Reader" daemon [_thread_blocked, id=13840, stack(0x000000ef23800000,0x000000ef23900000)]
  0x0000024094693a80 JavaThread "Compiler Source File Reader" daemon [_thread_blocked, id=12688, stack(0x000000ef23900000,0x000000ef23a00000)]
  0x0000024094699090 JavaThread "Compiler Source File Reader" daemon [_thread_blocked, id=14960, stack(0x000000ef23a00000,0x000000ef23b00000)]
  0x0000024094693570 JavaThread "Compiler Processing Task" daemon [_thread_blocked, id=8200, stack(0x000000ef23b00000,0x000000ef23c00000)]
  0x0000024094699fc0 JavaThread "Compiler Class File Writer" daemon [_thread_blocked, id=20404, stack(0x000000ef23c00000,0x000000ef23d00000)]
  0x00000240946995a0 JavaThread "Compiler Class File Writer" daemon [_thread_blocked, id=4168, stack(0x000000ef23d00000,0x000000ef23e00000)]
  0x0000024094698160 JavaThread "Compiler Class File Writer" daemon [_thread_blocked, id=12548, stack(0x000000ef23e00000,0x000000ef23f00000)]
  0x00000240946958e0 JavaThread "Compiler Class File Writer" daemon [_thread_blocked, id=6292, stack(0x000000ef23f00000,0x000000ef24000000)]
  0x0000024094699ab0 JavaThread "Compiler Class File Writer" daemon [_thread_blocked, id=7608, stack(0x000000ef24000000,0x000000ef24100000)]
  0x0000024094693f90 JavaThread "Compiler Class File Writer" daemon [_thread_blocked, id=3124, stack(0x000000ef24100000,0x000000ef24200000)]
  0x00000240946953d0 JavaThread "LocalFile Deleter" daemon [_thread_blocked, id=8184, stack(0x000000ef1fe00000,0x000000ef1ff00000)]
  0x0000024094693060 JavaThread "ForkJoinPool.commonPool-worker-1" daemon [_thread_blocked, id=2632, stack(0x000000ef24500000,0x000000ef24600000)]
  0x0000024094695df0 JavaThread "ForkJoinPool.commonPool-worker-2" daemon [_thread_blocked, id=16232, stack(0x000000ef24600000,0x000000ef24700000)]
  0x000002409469a9e0 JavaThread "ForkJoinPool.commonPool-worker-3" daemon [_thread_blocked, id=8244, stack(0x000000ef24700000,0x000000ef24800000)]

Other Threads:
  0x00000240fc3a2230 VMThread "VM Thread" [stack: 0x000000ef20200000,0x000000ef20300000] [id=18100]
  0x00000240fd892520 WatcherThread [stack: 0x000000ef20f00000,0x000000ef21000000] [id=7540]
  0x00000240f7529060 GCTaskThread "GC Thread#0" [stack: 0x000000ef20100000,0x000000ef20200000] [id=12444]
  0x00000240fe714750 GCTaskThread "GC Thread#1" [stack: 0x000000ef20d00000,0x000000ef20e00000] [id=11720]
  0x00000240fe9ecb40 GCTaskThread "GC Thread#2" [stack: 0x000000ef21000000,0x000000ef21100000] [id=19888]
  0x00000240febe1440 GCTaskThread "GC Thread#3" [stack: 0x000000ef21100000,0x000000ef21200000] [id=3116]
  0x00000240fe606d10 GCTaskThread "GC Thread#4" [stack: 0x000000ef21200000,0x000000ef21300000] [id=15104]
  0x00000240fe606fd0 GCTaskThread "GC Thread#5" [stack: 0x000000ef21300000,0x000000ef21400000] [id=15520]
  0x00000240fe607290 GCTaskThread "GC Thread#6" [stack: 0x000000ef21400000,0x000000ef21500000] [id=4612]
  0x00000240fd9663b0 GCTaskThread "GC Thread#7" [stack: 0x000000ef21900000,0x000000ef21a00000] [id=4116]

Threads with active compile tasks:
C2 CompilerThread0    65543 11546       4       org.eclipse.jdt.internal.compiler.classfmt.AnnotationInfo::decodeDefaultValue (871 bytes)

VM state: not at safepoint (normal execution)

VM Mutex/Monitor currently owned by a thread: None

Heap address: 0x00000000c0000000, size: 1024 MB, Compressed Oops mode: 32-bit

CDS archive(s) not mapped
Compressed class space mapped at: 0x0000000100000000-0x0000000140000000, reserved size: 1073741824
Narrow klass base: 0x0000000000000000, Narrow klass shift: 3, Narrow klass range: 0x140000000

GC Precious Log:
 CPUs: 8 total, 8 available
 Memory: 7975M
 Large Page Support: Disabled
 NUMA Support: Disabled
 Compressed Oops: Enabled (32-bit)
 Alignments: Space 512K, Generation 512K, Heap 2M
 Heap Min Capacity: 100M
 Heap Initial Capacity: 100M
 Heap Max Capacity: 1G
 Pre-touch: Disabled
 Parallel Workers: 8

Heap:
 PSYoungGen      total 7680K, used 3590K [0x00000000eab00000, 0x00000000eb480000, 0x0000000100000000)
  eden space 6656K, 45% used [0x00000000eab00000,0x00000000eadf1940,0x00000000eb180000)
  from space 1024K, 56% used [0x00000000eb380000,0x00000000eb410000,0x00000000eb480000)
  to   space 1536K, 0% used [0x00000000eb180000,0x00000000eb180000,0x00000000eb300000)
 ParOldGen       total 228352K, used 212542K [0x00000000c0000000, 0x00000000cdf00000, 0x00000000eab00000)
  object space 228352K, 93% used [0x00000000c0000000,0x00000000ccf8fbd0,0x00000000cdf00000)
 Metaspace       used 71319K, committed 72704K, reserved 1114112K
  class space    used 7505K, committed 8128K, reserved 1048576K

Card table byte_map: [0x00000240f6eb0000,0x00000240f70c0000] _byte_map_base: 0x00000240f68b0000

Marking Bits: (ParMarkBitMap*) 0x00007ffd1f416940
 Begin Bits: [0x00000240fa1b0000, 0x00000240fb1b0000)
 End Bits:   [0x00000240fb1b0000, 0x00000240fc1b0000)

Polling page: 0x00000240f5490000

Metaspace:

Usage:
  Non-class:     62.32 MB used.
      Class:      7.33 MB used.
       Both:     69.65 MB used.

Virtual space:
  Non-class space:       64.00 MB reserved,      63.06 MB ( 99%) committed,  1 nodes.
      Class space:        1.00 GB reserved,       7.94 MB ( <1%) committed,  1 nodes.
             Both:        1.06 GB reserved,      71.00 MB (  7%) committed. 

Chunk freelists:
   Non-Class:  736.00 KB
       Class:  8.10 MB
        Both:  8.82 MB

MaxMetaspaceSize: unlimited
CompressedClassSpaceSize: 1.00 GB
Initial GC threshold: 21.00 MB
Current GC threshold: 117.31 MB
CDS: off
MetaspaceReclaimPolicy: balanced
 - commit_granule_bytes: 65536.
 - commit_granule_words: 8192.
 - virtual_space_node_default_size: 8388608.
 - enlarge_chunks_in_place: 1.
 - new_chunks_are_fully_committed: 0.
 - uncommit_free_chunks: 1.
 - use_allocation_guard: 0.
 - handle_deallocations: 1.


Internal statistics:

num_allocs_failed_limit: 9.
num_arena_births: 958.
num_arena_deaths: 18.
num_vsnodes_births: 2.
num_vsnodes_deaths: 0.
num_space_committed: 1136.
num_space_uncommitted: 0.
num_chunks_returned_to_freelist: 28.
num_chunks_taken_from_freelist: 4023.
num_chunk_merges: 14.
num_chunk_splits: 2432.
num_chunks_enlarged: 1349.
num_inconsistent_stats: 0.

CodeHeap 'non-profiled nmethods': size=120000Kb used=7830Kb max_used=7830Kb free=112169Kb
 bounds [0x0000024087ad0000, 0x0000024088280000, 0x000002408f000000]
CodeHeap 'profiled nmethods': size=120000Kb used=19943Kb max_used=19965Kb free=100056Kb
 bounds [0x0000024080000000, 0x0000024081410000, 0x0000024087530000]
CodeHeap 'non-nmethods': size=5760Kb used=1380Kb max_used=1482Kb free=4379Kb
 bounds [0x0000024087530000, 0x00000240877a0000, 0x0000024087ad0000]
 total_blobs=10203 nmethods=9484 adapters=632
 compilation: enabled
              stopped_count=0, restarted_count=0
 full_count=0

Compilation events (20 events):
Event: 64.691 Thread 0x00000240fd689c10 11541       3       java.lang.Module::getLayer (43 bytes)
Event: 64.691 Thread 0x00000240fd689c10 nmethod 11541 0x00000240807e8710 code [0x00000240807e88e0, 0x00000240807e8c88]
Event: 64.720 Thread 0x00000240fd689c10 11542       3       org.eclipse.jdt.internal.compiler.parser.Scanner::resetLookBack (15 bytes)
Event: 64.720 Thread 0x00000240fd689c10 nmethod 11542 0x0000024080bc6090 code [0x0000024080bc6220, 0x0000024080bc6378]
Event: 64.964 Thread 0x00000240fd689c10 11543       3       org.eclipse.jdt.internal.compiler.parser.Scanner::internalScanIdentifierOrKeyword (4945 bytes)
Event: 64.989 Thread 0x00000240fd689c10 nmethod 11543 0x00000240813f2890 code [0x00000240813f36a0, 0x00000240813fe878]
Event: 65.183 Thread 0x00000240fd689c10 11544       3       org.eclipse.jdt.internal.compiler.classfmt.AnnotationInfo::scanAnnotation (330 bytes)
Event: 65.186 Thread 0x00000240fd689c10 nmethod 11544 0x0000024080c5f410 code [0x0000024080c5f700, 0x0000024080c607a8]
Event: 65.279 Thread 0x00000240fd689c10 11547       1       org.eclipse.jdt.internal.compiler.classfmt.RecordComponentInfo::sizeInBytes (5 bytes)
Event: 65.279 Thread 0x00000240fd689c10 nmethod 11547 0x0000024088268290 code [0x0000024088268420, 0x00000240882684f8]
Event: 65.344 Thread 0x00000240fd636290 nmethod 11537 0x0000024088268590 code [0x0000024088269740, 0x000002408826fb70]
Event: 65.345 Thread 0x00000240fd636290 11546       4       org.eclipse.jdt.internal.compiler.classfmt.AnnotationInfo::decodeDefaultValue (871 bytes)
Event: 65.350 Thread 0x00000240fd689c10 11548       3       org.eclipse.jdt.internal.core.PackageFragment::equals (56 bytes)
Event: 65.351 Thread 0x00000240fd689c10 nmethod 11548 0x00000240811ace10 code [0x00000240811ad000, 0x00000240811ad678]
Event: 65.351 Thread 0x00000240fd689c10 11549       3       org.eclipse.jdt.internal.core.AbstractClassFile::equals (49 bytes)
Event: 65.353 Thread 0x00000240fd689c10 nmethod 11549 0x0000024080ff3a10 code [0x0000024080ff3c00, 0x0000024080ff4238]
Event: 65.353 Thread 0x00000240fd689c10 11550       3       org.eclipse.jdt.internal.core.JavaProject$ModuleLookup::recordRoot (16 bytes)
Event: 65.354 Thread 0x00000240fd689c10 nmethod 11550 0x0000024080b83d10 code [0x0000024080b83ec0, 0x0000024080b840a8]
Event: 65.359 Thread 0x00000240fd689c10 11551       3       org.eclipse.jdt.internal.core.JavaProject::computePackageFragmentRoots (650 bytes)
Event: 65.373 Thread 0x00000240fd689c10 nmethod 11551 0x0000024080f35f90 code [0x0000024080f367e0, 0x0000024080f3bb08]

GC Heap History (20 events):
Event: 64.738 GC heap before
{Heap before GC invocations=406 (full 14):
 PSYoungGen      total 8192K, used 7864K [0x00000000eab00000, 0x00000000eb580000, 0x0000000100000000)
  eden space 6144K, 100% used [0x00000000eab00000,0x00000000eb100000,0x00000000eb100000)
  from space 2048K, 83% used [0x00000000eb380000,0x00000000eb52e008,0x00000000eb580000)
  to   space 2048K, 0% used [0x00000000eb180000,0x00000000eb180000,0x00000000eb380000)
 ParOldGen       total 228352K, used 200783K [0x00000000c0000000, 0x00000000cdf00000, 0x00000000eab00000)
  object space 228352K, 87% used [0x00000000c0000000,0x00000000cc413ca0,0x00000000cdf00000)
 Metaspace       used 71177K, committed 72576K, reserved 1114112K
  class space    used 7498K, committed 8128K, reserved 1048576K
}
Event: 64.742 GC heap after
{Heap after GC invocations=406 (full 14):
 PSYoungGen      total 8704K, used 782K [0x00000000eab00000, 0x00000000eb500000, 0x0000000100000000)
  eden space 6656K, 0% used [0x00000000eab00000,0x00000000eab00000,0x00000000eb180000)
  from space 2048K, 38% used [0x00000000eb180000,0x00000000eb243838,0x00000000eb380000)
  to   space 1536K, 0% used [0x00000000eb380000,0x00000000eb380000,0x00000000eb500000)
 ParOldGen       total 228352K, used 202383K [0x00000000c0000000, 0x00000000cdf00000, 0x00000000eab00000)
  object space 228352K, 88% used [0x00000000c0000000,0x00000000cc5a3ca8,0x00000000cdf00000)
 Metaspace       used 71177K, committed 72576K, reserved 1114112K
  class space    used 7498K, committed 8128K, reserved 1048576K
}
Event: 64.801 GC heap before
{Heap before GC invocations=407 (full 14):
 PSYoungGen      total 8704K, used 7438K [0x00000000eab00000, 0x00000000eb500000, 0x0000000100000000)
  eden space 6656K, 100% used [0x00000000eab00000,0x00000000eb180000,0x00000000eb180000)
  from space 2048K, 38% used [0x00000000eb180000,0x00000000eb243838,0x00000000eb380000)
  to   space 1536K, 0% used [0x00000000eb380000,0x00000000eb380000,0x00000000eb500000)
 ParOldGen       total 228352K, used 202383K [0x00000000c0000000, 0x00000000cdf00000, 0x00000000eab00000)
  object space 228352K, 88% used [0x00000000c0000000,0x00000000cc5a3ca8,0x00000000cdf00000)
 Metaspace       used 71177K, committed 72576K, reserved 1114112K
  class space    used 7498K, committed 8128K, reserved 1048576K
}
Event: 64.803 GC heap after
{Heap after GC invocations=407 (full 14):
 PSYoungGen      total 8192K, used 1110K [0x00000000eab00000, 0x00000000eb500000, 0x0000000100000000)
  eden space 6656K, 0% used [0x00000000eab00000,0x00000000eab00000,0x00000000eb180000)
  from space 1536K, 72% used [0x00000000eb380000,0x00000000eb495808,0x00000000eb500000)
  to   space 1536K, 0% used [0x00000000eb200000,0x00000000eb200000,0x00000000eb380000)
 ParOldGen       total 228352K, used 203039K [0x00000000c0000000, 0x00000000cdf00000, 0x00000000eab00000)
  object space 228352K, 88% used [0x00000000c0000000,0x00000000cc647cb8,0x00000000cdf00000)
 Metaspace       used 71177K, committed 72576K, reserved 1114112K
  class space    used 7498K, committed 8128K, reserved 1048576K
}
Event: 64.869 GC heap before
{Heap before GC invocations=408 (full 14):
 PSYoungGen      total 8192K, used 7766K [0x00000000eab00000, 0x00000000eb500000, 0x0000000100000000)
  eden space 6656K, 100% used [0x00000000eab00000,0x00000000eb180000,0x00000000eb180000)
  from space 1536K, 72% used [0x00000000eb380000,0x00000000eb495808,0x00000000eb500000)
  to   space 1536K, 0% used [0x00000000eb200000,0x00000000eb200000,0x00000000eb380000)
 ParOldGen       total 228352K, used 203039K [0x00000000c0000000, 0x00000000cdf00000, 0x00000000eab00000)
  object space 228352K, 88% used [0x00000000c0000000,0x00000000cc647cb8,0x00000000cdf00000)
 Metaspace       used 71177K, committed 72576K, reserved 1114112K
  class space    used 7498K, committed 8128K, reserved 1048576K
}
Event: 64.873 GC heap after
{Heap after GC invocations=408 (full 14):
 PSYoungGen      total 8192K, used 1526K [0x00000000eab00000, 0x00000000eb680000, 0x0000000100000000)
  eden space 6656K, 0% used [0x00000000eab00000,0x00000000eab00000,0x00000000eb180000)
  from space 1536K, 99% used [0x00000000eb200000,0x00000000eb37d808,0x00000000eb380000)
  to   space 2560K, 0% used [0x00000000eb400000,0x00000000eb400000,0x00000000eb680000)
 ParOldGen       total 228352K, used 203423K [0x00000000c0000000, 0x00000000cdf00000, 0x00000000eab00000)
  object space 228352K, 89% used [0x00000000c0000000,0x00000000cc6a7cb8,0x00000000cdf00000)
 Metaspace       used 71177K, committed 72576K, reserved 1114112K
  class space    used 7498K, committed 8128K, reserved 1048576K
}
Event: 64.943 GC heap before
{Heap before GC invocations=409 (full 14):
 PSYoungGen      total 8192K, used 8182K [0x00000000eab00000, 0x00000000eb680000, 0x0000000100000000)
  eden space 6656K, 100% used [0x00000000eab00000,0x00000000eb180000,0x00000000eb180000)
  from space 1536K, 99% used [0x00000000eb200000,0x00000000eb37d808,0x00000000eb380000)
  to   space 2560K, 0% used [0x00000000eb400000,0x00000000eb400000,0x00000000eb680000)
 ParOldGen       total 228352K, used 203423K [0x00000000c0000000, 0x00000000cdf00000, 0x00000000eab00000)
  object space 228352K, 89% used [0x00000000c0000000,0x00000000cc6a7cb8,0x00000000cdf00000)
 Metaspace       used 71177K, committed 72576K, reserved 1114112K
  class space    used 7498K, committed 8128K, reserved 1048576K
}
Event: 64.946 GC heap after
{Heap after GC invocations=409 (full 14):
 PSYoungGen      total 8192K, used 1132K [0x00000000eab00000, 0x00000000eb580000, 0x0000000100000000)
  eden space 6656K, 0% used [0x00000000eab00000,0x00000000eab00000,0x00000000eb180000)
  from space 1536K, 73% used [0x00000000eb400000,0x00000000eb51b008,0x00000000eb580000)
  to   space 1536K, 0% used [0x00000000eb200000,0x00000000eb200000,0x00000000eb380000)
 ParOldGen       total 228352K, used 204951K [0x00000000c0000000, 0x00000000cdf00000, 0x00000000eab00000)
  object space 228352K, 89% used [0x00000000c0000000,0x00000000cc825cb8,0x00000000cdf00000)
 Metaspace       used 71177K, committed 72576K, reserved 1114112K
  class space    used 7498K, committed 8128K, reserved 1048576K
}
Event: 65.014 GC heap before
{Heap before GC invocations=410 (full 14):
 PSYoungGen      total 8192K, used 7788K [0x00000000eab00000, 0x00000000eb580000, 0x0000000100000000)
  eden space 6656K, 100% used [0x00000000eab00000,0x00000000eb180000,0x00000000eb180000)
  from space 1536K, 73% used [0x00000000eb400000,0x00000000eb51b008,0x00000000eb580000)
  to   space 1536K, 0% used [0x00000000eb200000,0x00000000eb200000,0x00000000eb380000)
 ParOldGen       total 228352K, used 204951K [0x00000000c0000000, 0x00000000cdf00000, 0x00000000eab00000)
  object space 228352K, 89% used [0x00000000c0000000,0x00000000cc825cb8,0x00000000cdf00000)
 Metaspace       used 71177K, committed 72576K, reserved 1114112K
  class space    used 7498K, committed 8128K, reserved 1048576K
}
Event: 65.018 GC heap after
{Heap after GC invocations=410 (full 14):
 PSYoungGen      total 8192K, used 1516K [0x00000000eab00000, 0x00000000eb580000, 0x0000000100000000)
  eden space 6656K, 0% used [0x00000000eab00000,0x00000000eab00000,0x00000000eb180000)
  from space 1536K, 98% used [0x00000000eb200000,0x00000000eb37b008,0x00000000eb380000)
  to   space 2048K, 0% used [0x00000000eb380000,0x00000000eb380000,0x00000000eb580000)
 ParOldGen       total 228352K, used 205327K [0x00000000c0000000, 0x00000000cdf00000, 0x00000000eab00000)
  object space 228352K, 89% used [0x00000000c0000000,0x00000000cc883cb8,0x00000000cdf00000)
 Metaspace       used 71177K, committed 72576K, reserved 1114112K
  class space    used 7498K, committed 8128K, reserved 1048576K
}
Event: 65.075 GC heap before
{Heap before GC invocations=411 (full 14):
 PSYoungGen      total 8192K, used 8172K [0x00000000eab00000, 0x00000000eb580000, 0x0000000100000000)
  eden space 6656K, 100% used [0x00000000eab00000,0x00000000eb180000,0x00000000eb180000)
  from space 1536K, 98% used [0x00000000eb200000,0x00000000eb37b008,0x00000000eb380000)
  to   space 2048K, 0% used [0x00000000eb380000,0x00000000eb380000,0x00000000eb580000)
 ParOldGen       total 228352K, used 205327K [0x00000000c0000000, 0x00000000cdf00000, 0x00000000eab00000)
  object space 228352K, 89% used [0x00000000c0000000,0x00000000cc883cb8,0x00000000cdf00000)
 Metaspace       used 71177K, committed 72576K, reserved 1114112K
  class space    used 7498K, committed 8128K, reserved 1048576K
}
Event: 65.077 GC heap after
{Heap after GC invocations=411 (full 14):
 PSYoungGen      total 8192K, used 1056K [0x00000000eab00000, 0x00000000eb500000, 0x0000000100000000)
  eden space 6656K, 0% used [0x00000000eab00000,0x00000000eab00000,0x00000000eb180000)
  from space 1536K, 68% used [0x00000000eb380000,0x00000000eb488000,0x00000000eb500000)
  to   space 1536K, 0% used [0x00000000eb200000,0x00000000eb200000,0x00000000eb380000)
 ParOldGen       total 228352K, used 206848K [0x00000000c0000000, 0x00000000cdf00000, 0x00000000eab00000)
  object space 228352K, 90% used [0x00000000c0000000,0x00000000cca002d0,0x00000000cdf00000)
 Metaspace       used 71177K, committed 72576K, reserved 1114112K
  class space    used 7498K, committed 8128K, reserved 1048576K
}
Event: 65.156 GC heap before
{Heap before GC invocations=412 (full 14):
 PSYoungGen      total 8192K, used 7712K [0x00000000eab00000, 0x00000000eb500000, 0x0000000100000000)
  eden space 6656K, 100% used [0x00000000eab00000,0x00000000eb180000,0x00000000eb180000)
  from space 1536K, 68% used [0x00000000eb380000,0x00000000eb488000,0x00000000eb500000)
  to   space 1536K, 0% used [0x00000000eb200000,0x00000000eb200000,0x00000000eb380000)
 ParOldGen       total 228352K, used 206848K [0x00000000c0000000, 0x00000000cdf00000, 0x00000000eab00000)
  object space 228352K, 90% used [0x00000000c0000000,0x00000000cca002d0,0x00000000cdf00000)
 Metaspace       used 71177K, committed 72576K, reserved 1114112K
  class space    used 7498K, committed 8128K, reserved 1048576K
}
Event: 65.159 GC heap after
{Heap after GC invocations=412 (full 14):
 PSYoungGen      total 8192K, used 1536K [0x00000000eab00000, 0x00000000eb680000, 0x0000000100000000)
  eden space 6656K, 0% used [0x00000000eab00000,0x00000000eab00000,0x00000000eb180000)
  from space 1536K, 100% used [0x00000000eb200000,0x00000000eb380000,0x00000000eb380000)
  to   space 2560K, 0% used [0x00000000eb400000,0x00000000eb400000,0x00000000eb680000)
 ParOldGen       total 228352K, used 207392K [0x00000000c0000000, 0x00000000cdf00000, 0x00000000eab00000)
  object space 228352K, 90% used [0x00000000c0000000,0x00000000cca882d8,0x00000000cdf00000)
 Metaspace       used 71177K, committed 72576K, reserved 1114112K
  class space    used 7498K, committed 8128K, reserved 1048576K
}
Event: 65.208 GC heap before
{Heap before GC invocations=413 (full 14):
 PSYoungGen      total 8192K, used 8192K [0x00000000eab00000, 0x00000000eb680000, 0x0000000100000000)
  eden space 6656K, 100% used [0x00000000eab00000,0x00000000eb180000,0x00000000eb180000)
  from space 1536K, 100% used [0x00000000eb200000,0x00000000eb380000,0x00000000eb380000)
  to   space 2560K, 0% used [0x00000000eb400000,0x00000000eb400000,0x00000000eb680000)
 ParOldGen       total 228352K, used 207392K [0x00000000c0000000, 0x00000000cdf00000, 0x00000000eab00000)
  object space 228352K, 90% used [0x00000000c0000000,0x00000000cca882d8,0x00000000cdf00000)
 Metaspace       used 71177K, committed 72576K, reserved 1114112K
  class space    used 7498K, committed 8128K, reserved 1048576K
}
Event: 65.210 GC heap after
{Heap after GC invocations=413 (full 14):
 PSYoungGen      total 7680K, used 1024K [0x00000000eab00000, 0x00000000eb500000, 0x0000000100000000)
  eden space 6656K, 0% used [0x00000000eab00000,0x00000000eab00000,0x00000000eb180000)
  from space 1024K, 100% used [0x00000000eb400000,0x00000000eb500000,0x00000000eb500000)
  to   space 1536K, 0% used [0x00000000eb200000,0x00000000eb200000,0x00000000eb380000)
 ParOldGen       total 228352K, used 208912K [0x00000000c0000000, 0x00000000cdf00000, 0x00000000eab00000)
  object space 228352K, 91% used [0x00000000c0000000,0x00000000ccc042e8,0x00000000cdf00000)
 Metaspace       used 71177K, committed 72576K, reserved 1114112K
  class space    used 7498K, committed 8128K, reserved 1048576K
}
Event: 65.268 GC heap before
{Heap before GC invocations=414 (full 14):
 PSYoungGen      total 7680K, used 7680K [0x00000000eab00000, 0x00000000eb500000, 0x0000000100000000)
  eden space 6656K, 100% used [0x00000000eab00000,0x00000000eb180000,0x00000000eb180000)
  from space 1024K, 100% used [0x00000000eb400000,0x00000000eb500000,0x00000000eb500000)
  to   space 1536K, 0% used [0x00000000eb200000,0x00000000eb200000,0x00000000eb380000)
 ParOldGen       total 228352K, used 208912K [0x00000000c0000000, 0x00000000cdf00000, 0x00000000eab00000)
  object space 228352K, 91% used [0x00000000c0000000,0x00000000ccc042e8,0x00000000cdf00000)
 Metaspace       used 71177K, committed 72576K, reserved 1114112K
  class space    used 7498K, committed 8128K, reserved 1048576K
}
Event: 65.270 GC heap after
{Heap after GC invocations=414 (full 14):
 PSYoungGen      total 8192K, used 1536K [0x00000000eab00000, 0x00000000eb580000, 0x0000000100000000)
  eden space 6656K, 0% used [0x00000000eab00000,0x00000000eab00000,0x00000000eb180000)
  from space 1536K, 100% used [0x00000000eb200000,0x00000000eb380000,0x00000000eb380000)
  to   space 2048K, 0% used [0x00000000eb380000,0x00000000eb380000,0x00000000eb580000)
 ParOldGen       total 228352K, used 209192K [0x00000000c0000000, 0x00000000cdf00000, 0x00000000eab00000)
  object space 228352K, 91% used [0x00000000c0000000,0x00000000ccc4a2e8,0x00000000cdf00000)
 Metaspace       used 71177K, committed 72576K, reserved 1114112K
  class space    used 7498K, committed 8128K, reserved 1048576K
}
Event: 65.322 GC heap before
{Heap before GC invocations=415 (full 14):
 PSYoungGen      total 8192K, used 8192K [0x00000000eab00000, 0x00000000eb580000, 0x0000000100000000)
  eden space 6656K, 100% used [0x00000000eab00000,0x00000000eb180000,0x00000000eb180000)
  from space 1536K, 100% used [0x00000000eb200000,0x00000000eb380000,0x00000000eb380000)
  to   space 2048K, 0% used [0x00000000eb380000,0x00000000eb380000,0x00000000eb580000)
 ParOldGen       total 228352K, used 209192K [0x00000000c0000000, 0x00000000cdf00000, 0x00000000eab00000)
  object space 228352K, 91% used [0x00000000c0000000,0x00000000ccc4a2e8,0x00000000cdf00000)
 Metaspace       used 71215K, committed 72576K, reserved 1114112K
  class space    used 7500K, committed 8128K, reserved 1048576K
}
Event: 65.326 GC heap after
{Heap after GC invocations=415 (full 14):
 PSYoungGen      total 8192K, used 1184K [0x00000000eab00000, 0x00000000eb500000, 0x0000000100000000)
  eden space 6656K, 0% used [0x00000000eab00000,0x00000000eab00000,0x00000000eb180000)
  from space 1536K, 77% used [0x00000000eb380000,0x00000000eb4a8000,0x00000000eb500000)
  to   space 1536K, 0% used [0x00000000eb200000,0x00000000eb200000,0x00000000eb380000)
 ParOldGen       total 228352K, used 210683K [0x00000000c0000000, 0x00000000cdf00000, 0x00000000eab00000)
  object space 228352K, 92% used [0x00000000c0000000,0x00000000ccdbeef8,0x00000000cdf00000)
 Metaspace       used 71215K, committed 72576K, reserved 1114112K
  class space    used 7500K, committed 8128K, reserved 1048576K
}

Dll operation events (10 events):
Event: 0.010 Loaded shared library c:\Users\Admin\.vscode\extensions\redhat.java-1.36.0-win32-x64\jre\17.0.13-win32-x86_64\bin\java.dll
Event: 0.285 Loaded shared library c:\Users\Admin\.vscode\extensions\redhat.java-1.36.0-win32-x64\jre\17.0.13-win32-x86_64\bin\zip.dll
Event: 0.311 Loaded shared library C:\Users\Admin\.vscode\extensions\redhat.java-1.36.0-win32-x64\jre\17.0.13-win32-x86_64\bin\instrument.dll
Event: 0.344 Loaded shared library C:\Users\Admin\.vscode\extensions\redhat.java-1.36.0-win32-x64\jre\17.0.13-win32-x86_64\bin\net.dll
Event: 0.347 Loaded shared library C:\Users\Admin\.vscode\extensions\redhat.java-1.36.0-win32-x64\jre\17.0.13-win32-x86_64\bin\nio.dll
Event: 0.367 Loaded shared library C:\Users\Admin\.vscode\extensions\redhat.java-1.36.0-win32-x64\jre\17.0.13-win32-x86_64\bin\zip.dll
Event: 0.427 Loaded shared library C:\Users\Admin\.vscode\extensions\redhat.java-1.36.0-win32-x64\jre\17.0.13-win32-x86_64\bin\jimage.dll
Event: 0.646 Loaded shared library c:\Users\Admin\.vscode\extensions\redhat.java-1.36.0-win32-x64\jre\17.0.13-win32-x86_64\bin\verify.dll
Event: 3.782 Loaded shared library C:\Users\Admin\AppData\Roaming\Code\User\globalStorage\redhat.java\1.36.0\config_win\org.eclipse.equinox.launcher\org.eclipse.equinox.launcher.win32.win32.x86_64_1.2.1100.v20240722-2106\eclipse_11904.dll
Event: 9.003 Loaded shared library C:\Windows\Temp\jna-63116079\jna5271637538282833216.dll

Deoptimization events (20 events):
Event: 62.732 Thread 0x00000240fe5a64e0 DEOPT PACKING pc=0x00000240881baa48 sp=0x000000ef222ff060
Event: 62.732 Thread 0x00000240fe5a64e0 DEOPT UNPACKING pc=0x0000024087589ea3 sp=0x000000ef222ff080 mode 2
Event: 62.806 Thread 0x00000240fe5a64e0 DEOPT PACKING pc=0x0000024080bf6d07 sp=0x000000ef222ff070
Event: 62.806 Thread 0x00000240fe5a64e0 DEOPT UNPACKING pc=0x000002408758a9e3 sp=0x000000ef222fe5f0 mode 0
Event: 63.135 Thread 0x00000240fe5a64e0 DEOPT PACKING pc=0x0000024080ba4b48 sp=0x000000ef222ff0b0
Event: 63.135 Thread 0x00000240fe5a64e0 DEOPT UNPACKING pc=0x000002408758a9e3 sp=0x000000ef222fe570 mode 0
Event: 63.727 Thread 0x00000240fe5a64e0 DEOPT PACKING pc=0x0000024080450ab9 sp=0x000000ef222ff190
Event: 63.727 Thread 0x00000240fe5a64e0 DEOPT UNPACKING pc=0x000002408758a9e3 sp=0x000000ef222fe688 mode 0
Event: 64.228 Thread 0x00000240fe5a5ac0 Uncommon trap: trap_request=0xffffff45 fr.pc=0x00000240880162b0 relative=0x0000000000000210
Event: 64.228 Thread 0x00000240fe5a5ac0 Uncommon trap: reason=unstable_if action=reinterpret pc=0x00000240880162b0 method=org.eclipse.jdt.internal.core.util.WeakHashSet.cleanupGarbageCollectedValues()V @ 140 c2
Event: 64.228 Thread 0x00000240fe5a5ac0 DEOPT PACKING pc=0x00000240880162b0 sp=0x000000ef231fdb00
Event: 64.228 Thread 0x00000240fe5a5ac0 DEOPT UNPACKING pc=0x0000024087589ea3 sp=0x000000ef231fda90 mode 2
Event: 64.962 Thread 0x00000240fe5a64e0 Uncommon trap: trap_request=0xffffff45 fr.pc=0x0000024088250a18 relative=0x0000000000001398
Event: 64.963 Thread 0x00000240fe5a64e0 Uncommon trap: reason=unstable_if action=reinterpret pc=0x0000024088250a18 method=org.eclipse.jdt.internal.compiler.parser.Scanner.internalScanIdentifierOrKeyword(II[C)I @ 1593 c2
Event: 64.963 Thread 0x00000240fe5a64e0 DEOPT PACKING pc=0x0000024088250a18 sp=0x000000ef222ff4f0
Event: 64.963 Thread 0x00000240fe5a64e0 DEOPT UNPACKING pc=0x0000024087589ea3 sp=0x000000ef222ff470 mode 2
Event: 65.175 Thread 0x00000240fe5a64e0 Uncommon trap: trap_request=0xffffff45 fr.pc=0x0000024087e9c3f8 relative=0x0000000000001358
Event: 65.175 Thread 0x00000240fe5a64e0 Uncommon trap: reason=unstable_if action=reinterpret pc=0x0000024087e9c3f8 method=org.eclipse.jdt.internal.compiler.classfmt.AnnotationInfo.scanElementValue(I)I @ 167 c2
Event: 65.175 Thread 0x00000240fe5a64e0 DEOPT PACKING pc=0x0000024087e9c3f8 sp=0x000000ef222ff1c0
Event: 65.175 Thread 0x00000240fe5a64e0 DEOPT UNPACKING pc=0x0000024087589ea3 sp=0x000000ef222ff0c8 mode 2

Classes loaded (20 events):
Event: 40.152 Loading class java/util/concurrent/CompletableFuture$UniExceptionally
Event: 40.152 Loading class java/util/concurrent/CompletableFuture$UniExceptionally done
Event: 40.154 Loading class java/util/HashMap$ValueSpliterator
Event: 40.155 Loading class java/util/HashMap$ValueSpliterator done
Event: 40.371 Loading class java/util/stream/ReduceOps$1
Event: 40.375 Loading class java/util/stream/ReduceOps$1 done
Event: 40.375 Loading class java/util/stream/ReduceOps$1ReducingSink
Event: 40.376 Loading class java/util/stream/ReduceOps$1ReducingSink done
Event: 40.559 Loading class java/util/Hashtable$KeySet
Event: 40.560 Loading class java/util/Hashtable$KeySet done
Event: 41.544 Loading class java/lang/invoke/MethodHandleImpl$CountingWrapper$1
Event: 41.544 Loading class java/lang/invoke/MethodHandleImpl$CountingWrapper$1 done
Event: 50.867 Loading class sun/nio/fs/WindowsFileCopy
Event: 50.869 Loading class sun/nio/fs/WindowsFileCopy done
Event: 52.052 Loading class java/lang/Class$EnclosingMethodInfo
Event: 52.052 Loading class java/lang/Class$EnclosingMethodInfo done
Event: 64.132 Loading class java/nio/charset/CharacterCodingException
Event: 64.132 Loading class java/nio/charset/CharacterCodingException done
Event: 64.133 Loading class java/io/SequenceInputStream
Event: 64.134 Loading class java/io/SequenceInputStream done

Classes unloaded (9 events):
Event: 12.625 Thread 0x00000240fc3a2230 Unloading class 0x0000000100252000 'java/lang/invoke/LambdaForm$MH+0x0000000100252000'
Event: 12.625 Thread 0x00000240fc3a2230 Unloading class 0x0000000100251c00 'java/lang/invoke/LambdaForm$MH+0x0000000100251c00'
Event: 12.625 Thread 0x00000240fc3a2230 Unloading class 0x0000000100251800 'java/lang/invoke/LambdaForm$MH+0x0000000100251800'
Event: 12.625 Thread 0x00000240fc3a2230 Unloading class 0x0000000100251400 'java/lang/invoke/LambdaForm$MH+0x0000000100251400'
Event: 12.625 Thread 0x00000240fc3a2230 Unloading class 0x0000000100251000 'java/lang/invoke/LambdaForm$BMH+0x0000000100251000'
Event: 12.625 Thread 0x00000240fc3a2230 Unloading class 0x0000000100250c00 'java/lang/invoke/LambdaForm$DMH+0x0000000100250c00'
Event: 12.625 Thread 0x00000240fc3a2230 Unloading class 0x000000010024c400 'java/lang/invoke/LambdaForm$DMH+0x000000010024c400'
Event: 39.274 Thread 0x00000240fc3a2230 Unloading class 0x0000000100751000 'java/lang/invoke/LambdaForm$MH+0x0000000100751000'
Event: 39.274 Thread 0x00000240fc3a2230 Unloading class 0x0000000100750800 'java/lang/invoke/LambdaForm$DMH+0x0000000100750800'

Classes redefined (0 events):
No events

Internal exceptions (20 events):
Event: 61.235 Thread 0x00000240fe5a64e0 Exception <a 'sun/nio/fs/WindowsException'{0x00000000eae97da0}> (0x00000000eae97da0) 
thrown [s\src\hotspot\share\prims\jni.cpp, line 516]
Event: 61.250 Thread 0x00000240fe5a64e0 Exception <a 'sun/nio/fs/WindowsException'{0x00000000eaec7bf8}> (0x00000000eaec7bf8) 
thrown [s\src\hotspot\share\prims\jni.cpp, line 516]
Event: 61.384 Thread 0x00000240fe5a64e0 Exception <a 'sun/nio/fs/WindowsException'{0x00000000eaec6c88}> (0x00000000eaec6c88) 
thrown [s\src\hotspot\share\prims\jni.cpp, line 516]
Event: 62.180 Thread 0x00000240fe5a64e0 Exception <a 'sun/nio/fs/WindowsException'{0x00000000eb1c6898}> (0x00000000eb1c6898) 
thrown [s\src\hotspot\share\prims\jni.cpp, line 516]
Event: 62.660 Thread 0x00000240fe5a64e0 Exception <a 'sun/nio/fs/WindowsException'{0x00000000eac35d08}> (0x00000000eac35d08) 
thrown [s\src\hotspot\share\prims\jni.cpp, line 516]
Event: 62.800 Thread 0x00000240fe5a64e0 Exception <a 'sun/nio/fs/WindowsException'{0x00000000eae21fc8}> (0x00000000eae21fc8) 
thrown [s\src\hotspot\share\prims\jni.cpp, line 516]
Event: 62.941 Thread 0x00000240fe5a4170 Exception <a 'sun/nio/fs/WindowsException'{0x00000000eac6c380}> (0x00000000eac6c380) 
thrown [s\src\hotspot\share\prims\jni.cpp, line 516]
Event: 62.941 Thread 0x00000240fe5a4170 Exception <a 'sun/nio/fs/WindowsException'{0x00000000eac6ca78}> (0x00000000eac6ca78) 
thrown [s\src\hotspot\share\prims\jni.cpp, line 516]
Event: 63.404 Thread 0x00000240fe5a64e0 Exception <a 'sun/nio/fs/WindowsException'{0x00000000eab4c108}> (0x00000000eab4c108) 
thrown [s\src\hotspot\share\prims\jni.cpp, line 516]
Event: 63.529 Thread 0x00000240fe5a64e0 Exception <a 'sun/nio/fs/WindowsException'{0x00000000eab0fe98}> (0x00000000eab0fe98) 
thrown [s\src\hotspot\share\prims\jni.cpp, line 516]
Event: 63.813 Thread 0x00000240fe5a64e0 Exception <a 'sun/nio/fs/WindowsException'{0x00000000eab05cb0}> (0x00000000eab05cb0) 
thrown [s\src\hotspot\share\prims\jni.cpp, line 516]
Event: 63.856 Thread 0x00000240fe5a64e0 Exception <a 'sun/nio/fs/WindowsException'{0x00000000eac1f188}> (0x00000000eac1f188) 
thrown [s\src\hotspot\share\prims\jni.cpp, line 516]
Event: 63.927 Thread 0x00000240fe5a64e0 Exception <a 'sun/nio/fs/WindowsException'{0x00000000eac51900}> (0x00000000eac51900) 
thrown [s\src\hotspot\share\prims\jni.cpp, line 516]
Event: 64.005 Thread 0x00000240fe5a64e0 Exception <a 'sun/nio/fs/WindowsException'{0x00000000eab72318}> (0x00000000eab72318) 
thrown [s\src\hotspot\share\prims\jni.cpp, line 516]
Event: 64.021 Thread 0x00000240fe5a64e0 Exception <a 'sun/nio/fs/WindowsException'{0x00000000eabcb960}> (0x00000000eabcb960) 
thrown [s\src\hotspot\share\prims\jni.cpp, line 516]
Event: 64.048 Thread 0x00000240fe5a64e0 Exception <a 'sun/nio/fs/WindowsException'{0x00000000eabe1798}> (0x00000000eabe1798) 
thrown [s\src\hotspot\share\prims\jni.cpp, line 516]
Event: 64.165 Thread 0x00000240fe5a5ac0 Exception <a 'java/io/FileNotFoundException'{0x00000000eac481f0}> (0x00000000eac481f0) 
thrown [s\src\hotspot\share\prims\jni.cpp, line 516]
Event: 64.166 Thread 0x00000240fe5a5ac0 Exception <a 'java/io/FileNotFoundException'{0x00000000eac8bab8}> (0x00000000eac8bab8) 
thrown [s\src\hotspot\share\prims\jni.cpp, line 516]
Event: 64.690 Thread 0x00000240fe5a04b0 Exception <a 'java/lang/NoSuchMethodError'{0x00000000eaeb27b8}: 'java.lang.Object java.lang.invoke.DirectMethodHandle$Holder.invokeSpecial(java.lang.Object, java.lang.Object, int, long)'> (0x00000000eaeb27b8) 
thrown [s\src\hotspot\share\interpreter\linkResolver.cpp, line 759]
Event: 64.711 Thread 0x00000240fe5a64e0 Exception <a 'sun/nio/fs/WindowsException'{0x00000000eae8baf0}> (0x00000000eae8baf0) 
thrown [s\src\hotspot\share\prims\jni.cpp, line 516]

VM Operations (20 events):
Event: 64.801 Executing VM operation: ParallelGCFailedAllocation
Event: 64.803 Executing VM operation: ParallelGCFailedAllocation done
Event: 64.869 Executing VM operation: ParallelGCFailedAllocation
Event: 64.873 Executing VM operation: ParallelGCFailedAllocation done
Event: 64.943 Executing VM operation: ParallelGCFailedAllocation
Event: 64.946 Executing VM operation: ParallelGCFailedAllocation done
Event: 65.013 Executing VM operation: ParallelGCFailedAllocation
Event: 65.018 Executing VM operation: ParallelGCFailedAllocation done
Event: 65.075 Executing VM operation: ParallelGCFailedAllocation
Event: 65.077 Executing VM operation: ParallelGCFailedAllocation done
Event: 65.156 Executing VM operation: ParallelGCFailedAllocation
Event: 65.159 Executing VM operation: ParallelGCFailedAllocation done
Event: 65.208 Executing VM operation: ParallelGCFailedAllocation
Event: 65.211 Executing VM operation: ParallelGCFailedAllocation done
Event: 65.268 Executing VM operation: ParallelGCFailedAllocation
Event: 65.271 Executing VM operation: ParallelGCFailedAllocation done
Event: 65.318 Executing VM operation: ParallelGCFailedAllocation
Event: 65.327 Executing VM operation: ParallelGCFailedAllocation done
Event: 65.344 Executing VM operation: HandshakeAllThreads
Event: 65.344 Executing VM operation: HandshakeAllThreads done

Memory protections (0 events):
No events

Nmethod flushes (20 events):
Event: 40.647 Thread 0x00000240fd6a9140 flushing  nmethod 0x0000024081119b10
Event: 40.647 Thread 0x00000240fd6a9140 flushing  nmethod 0x0000024081120090
Event: 40.647 Thread 0x00000240fd6a9140 flushing  nmethod 0x000002408114b790
Event: 40.648 Thread 0x00000240fd6a9140 flushing  nmethod 0x0000024081191d90
Event: 40.648 Thread 0x00000240fd6a9140 flushing  nmethod 0x0000024081197d90
Event: 40.648 Thread 0x00000240fd6a9140 flushing  nmethod 0x00000240811acb10
Event: 40.648 Thread 0x00000240fd6a9140 flushing  nmethod 0x00000240811b3c10
Event: 40.648 Thread 0x00000240fd6a9140 flushing  nmethod 0x00000240811dfc90
Event: 40.648 Thread 0x00000240fd6a9140 flushing osr nmethod 0x0000024081213b90
Event: 40.648 Thread 0x00000240fd6a9140 flushing  nmethod 0x0000024081219110
Event: 40.648 Thread 0x00000240fd6a9140 flushing  nmethod 0x0000024081236110
Event: 40.648 Thread 0x00000240fd6a9140 flushing  nmethod 0x0000024081237190
Event: 40.648 Thread 0x00000240fd6a9140 flushing  nmethod 0x0000024081237c10
Event: 40.648 Thread 0x00000240fd6a9140 flushing  nmethod 0x0000024081239490
Event: 40.649 Thread 0x00000240fd6a9140 flushing  nmethod 0x0000024081289e10
Event: 40.649 Thread 0x00000240fd6a9140 flushing  nmethod 0x00000240812d2710
Event: 40.649 Thread 0x00000240fd6a9140 flushing  nmethod 0x00000240812e1690
Event: 40.649 Thread 0x00000240fd6a9140 flushing  nmethod 0x00000240812f4890
Event: 40.650 Thread 0x00000240fd6a9140 flushing  nmethod 0x000002408132d010
Event: 52.831 Thread 0x00000240fd6a9140 flushing  nmethod 0x00000240807f7e10

Events (20 events):
Event: 38.514 Thread 0x0000024094696300 Thread exited: 0x0000024094696300
Event: 39.003 Thread 0x00000240fecfa230 Thread exited: 0x00000240fecfa230
Event: 39.618 Thread 0x00000240ffd2b690 Thread added: 0x00000240949fb3b0
Event: 40.152 Thread 0x00000240fe5a5ac0 Thread added: 0x0000024094693060
Event: 40.172 Thread 0x00000240fe5a5ac0 Thread added: 0x0000024094695df0
Event: 40.185 Thread 0x00000240fe5a5ac0 Thread added: 0x000002409469a9e0
Event: 40.311 Thread 0x00000240949fb3b0 Thread exited: 0x00000240949fb3b0
Event: 40.334 Thread 0x00000240ffd2b690 Thread exited: 0x00000240ffd2b690
Event: 40.446 Thread 0x00000240fd689c10 Thread added: 0x00000240ffd2b690
Event: 40.446 Thread 0x00000240fd689c10 Thread added: 0x00000240fd9461f0
Event: 40.789 Thread 0x0000024094695df0 Thread added: 0x0000024094696300
Event: 42.774 Thread 0x00000240fd9461f0 Thread exited: 0x00000240fd9461f0
Event: 42.872 Thread 0x00000240ffd2b690 Thread exited: 0x00000240ffd2b690
Event: 45.132 Thread 0x00000240fd636290 Thread added: 0x00000240fd94a1b0
Event: 45.878 Thread 0x0000024094696300 Thread exited: 0x0000024094696300
Event: 48.751 Thread 0x00000240fd94a1b0 Thread exited: 0x00000240fd94a1b0
Event: 49.338 Thread 0x00000240fd636290 Thread added: 0x00000240fd9461f0
Event: 49.850 Thread 0x00000240fd9461f0 Thread exited: 0x00000240fd9461f0
Event: 50.944 Thread 0x00000240fd689c10 Thread added: 0x00000240fd949c60
Event: 56.885 Thread 0x00000240fd949c60 Thread exited: 0x00000240fd949c60


Dynamic libraries:
0x00007ff66b700000 - 0x00007ff66b70e000 	c:\Users\Admin\.vscode\extensions\redhat.java-1.36.0-win32-x64\jre\17.0.13-win32-x86_64\bin\java.exe
0x00007ffe0c470000 - 0x00007ffe0c668000 	C:\WINDOWS\SYSTEM32\ntdll.dll
0x00007ffe0a490000 - 0x00007ffe0a552000 	C:\WINDOWS\System32\KERNEL32.DLL
0x00007ffe09e10000 - 0x00007ffe0a10e000 	C:\WINDOWS\System32\KERNELBASE.dll
0x00007ffe0a2f0000 - 0x00007ffe0a3f0000 	C:\WINDOWS\System32\ucrtbase.dll
0x00007ffddcc70000 - 0x00007ffddcc87000 	c:\Users\Admin\.vscode\extensions\redhat.java-1.36.0-win32-x64\jre\17.0.13-win32-x86_64\bin\jli.dll
0x00007ffdcea70000 - 0x00007ffdcea8e000 	c:\Users\Admin\.vscode\extensions\redhat.java-1.36.0-win32-x64\jre\17.0.13-win32-x86_64\bin\VCRUNTIME140.dll
0x00007ffe0a560000 - 0x00007ffe0a6fd000 	C:\WINDOWS\System32\USER32.dll
0x00007ffddcfa0000 - 0x00007ffddd23a000 	C:\WINDOWS\WinSxS\amd64_microsoft.windows.common-controls_6595b64144ccf1df_6.0.19041.4355_none_60b8b9eb71f62e16\COMCTL32.dll
0x00007ffe09cc0000 - 0x00007ffe09ce2000 	C:\WINDOWS\System32\win32u.dll
0x00007ffe0b3d0000 - 0x00007ffe0b46e000 	C:\WINDOWS\System32\msvcrt.dll
0x00007ffe0bf00000 - 0x00007ffe0bf2b000 	C:\WINDOWS\System32\GDI32.dll
0x00007ffe09b10000 - 0x00007ffe09c27000 	C:\WINDOWS\System32\gdi32full.dll
0x00007ffe0a3f0000 - 0x00007ffe0a48d000 	C:\WINDOWS\System32\msvcp_win.dll
0x00007ffe0c010000 - 0x00007ffe0c03f000 	C:\WINDOWS\System32\IMM32.DLL
0x00007ffe00150000 - 0x00007ffe0015c000 	c:\Users\Admin\.vscode\extensions\redhat.java-1.36.0-win32-x64\jre\17.0.13-win32-x86_64\bin\vcruntime140_1.dll
0x00007ffdb8a20000 - 0x00007ffdb8aad000 	c:\Users\Admin\.vscode\extensions\redhat.java-1.36.0-win32-x64\jre\17.0.13-win32-x86_64\bin\msvcp140.dll
0x00007ffd1e870000 - 0x00007ffd1f4db000 	c:\Users\Admin\.vscode\extensions\redhat.java-1.36.0-win32-x64\jre\17.0.13-win32-x86_64\bin\server\jvm.dll
0x00007ffe0c1e0000 - 0x00007ffe0c292000 	C:\WINDOWS\System32\ADVAPI32.dll
0x00007ffe0c390000 - 0x00007ffe0c430000 	C:\WINDOWS\System32\sechost.dll
0x00007ffe0b2a0000 - 0x00007ffe0b3c3000 	C:\WINDOWS\System32\RPCRT4.dll
0x00007ffe0a160000 - 0x00007ffe0a187000 	C:\WINDOWS\System32\bcrypt.dll
0x00007ffe0b520000 - 0x00007ffe0b58b000 	C:\WINDOWS\System32\WS2_32.dll
0x00007ffe09050000 - 0x00007ffe0909b000 	C:\WINDOWS\SYSTEM32\POWRPROF.dll
0x00007ffe07f80000 - 0x00007ffe07fa7000 	C:\WINDOWS\SYSTEM32\WINMM.dll
0x00007ffdfafa0000 - 0x00007ffdfafaa000 	C:\WINDOWS\SYSTEM32\VERSION.dll
0x00007ffe08f10000 - 0x00007ffe08f22000 	C:\WINDOWS\SYSTEM32\UMPDC.dll
0x00007ffe08360000 - 0x00007ffe08372000 	C:\WINDOWS\SYSTEM32\kernel.appcore.dll
0x00007ffdd1780000 - 0x00007ffdd178a000 	c:\Users\Admin\.vscode\extensions\redhat.java-1.36.0-win32-x64\jre\17.0.13-win32-x86_64\bin\jimage.dll
0x00007ffe07d90000 - 0x00007ffe07f74000 	C:\WINDOWS\SYSTEM32\DBGHELP.DLL
0x00007ffe07fb0000 - 0x00007ffe07fe4000 	C:\WINDOWS\SYSTEM32\dbgcore.DLL
0x00007ffe09c30000 - 0x00007ffe09cb2000 	C:\WINDOWS\System32\bcryptPrimitives.dll
0x00007ffdca6f0000 - 0x00007ffdca6fe000 	c:\Users\Admin\.vscode\extensions\redhat.java-1.36.0-win32-x64\jre\17.0.13-win32-x86_64\bin\instrument.dll
0x00007ffdca6c0000 - 0x00007ffdca6e5000 	c:\Users\Admin\.vscode\extensions\redhat.java-1.36.0-win32-x64\jre\17.0.13-win32-x86_64\bin\java.dll
0x00007ffdca6a0000 - 0x00007ffdca6b8000 	c:\Users\Admin\.vscode\extensions\redhat.java-1.36.0-win32-x64\jre\17.0.13-win32-x86_64\bin\zip.dll
0x00007ffe0b590000 - 0x00007ffe0bcff000 	C:\WINDOWS\System32\SHELL32.dll
0x00007ffe07510000 - 0x00007ffe07cb4000 	C:\WINDOWS\SYSTEM32\windows.storage.dll
0x00007ffe0af30000 - 0x00007ffe0b283000 	C:\WINDOWS\System32\combase.dll
0x00007ffe09540000 - 0x00007ffe0956e000 	C:\WINDOWS\SYSTEM32\Wldp.dll
0x00007ffe0ab70000 - 0x00007ffe0ac3d000 	C:\WINDOWS\System32\OLEAUT32.dll
0x00007ffe0b470000 - 0x00007ffe0b51d000 	C:\WINDOWS\System32\SHCORE.dll
0x00007ffe0c2a0000 - 0x00007ffe0c2f5000 	C:\WINDOWS\System32\shlwapi.dll
0x00007ffe09a40000 - 0x00007ffe09a64000 	C:\WINDOWS\SYSTEM32\profapi.dll
0x00007ffdc3210000 - 0x00007ffdc3229000 	C:\Users\Admin\.vscode\extensions\redhat.java-1.36.0-win32-x64\jre\17.0.13-win32-x86_64\bin\net.dll
0x00007ffe06170000 - 0x00007ffe0627d000 	C:\WINDOWS\SYSTEM32\WINHTTP.dll
0x00007ffe092a0000 - 0x00007ffe0930a000 	C:\WINDOWS\system32\mswsock.dll
0x00007ffdc31f0000 - 0x00007ffdc3206000 	C:\Users\Admin\.vscode\extensions\redhat.java-1.36.0-win32-x64\jre\17.0.13-win32-x86_64\bin\nio.dll
0x00007ffdca640000 - 0x00007ffdca650000 	c:\Users\Admin\.vscode\extensions\redhat.java-1.36.0-win32-x64\jre\17.0.13-win32-x86_64\bin\verify.dll
0x00007ffdbe1d0000 - 0x00007ffdbe215000 	C:\Users\Admin\AppData\Roaming\Code\User\globalStorage\redhat.java\1.36.0\config_win\org.eclipse.equinox.launcher\org.eclipse.equinox.launcher.win32.win32.x86_64_1.2.1100.v20240722-2106\eclipse_11904.dll
0x00007ffe0ac40000 - 0x00007ffe0ad6b000 	C:\WINDOWS\System32\ole32.dll
0x00007ffe09490000 - 0x00007ffe094a8000 	C:\WINDOWS\SYSTEM32\CRYPTSP.dll
0x00007ffe08b50000 - 0x00007ffe08b84000 	C:\WINDOWS\system32\rsaenh.dll
0x00007ffe09a00000 - 0x00007ffe09a2e000 	C:\WINDOWS\SYSTEM32\USERENV.dll
0x00007ffe094b0000 - 0x00007ffe094bc000 	C:\WINDOWS\SYSTEM32\CRYPTBASE.dll
0x00007ffe08f30000 - 0x00007ffe08f6b000 	C:\WINDOWS\SYSTEM32\IPHLPAPI.DLL
0x00007ffe0b290000 - 0x00007ffe0b298000 	C:\WINDOWS\System32\NSI.dll
0x00007ffe014a0000 - 0x00007ffe014b7000 	C:\WINDOWS\SYSTEM32\dhcpcsvc6.DLL
0x00007ffe015f0000 - 0x00007ffe0160d000 	C:\WINDOWS\SYSTEM32\dhcpcsvc.DLL
0x00007ffe08f80000 - 0x00007ffe0904a000 	C:\WINDOWS\SYSTEM32\DNSAPI.dll
0x00007ffd6a690000 - 0x00007ffd6a6d9000 	C:\Windows\Temp\jna-63116079\jna5271637538282833216.dll
0x00007ffe0c380000 - 0x00007ffe0c388000 	C:\WINDOWS\System32\PSAPI.DLL

dbghelp: loaded successfully - version: 4.0.5 - missing functions: none
symbol engine: initialized successfully - sym options: 0x614 - pdb path: .;c:\Users\Admin\.vscode\extensions\redhat.java-1.36.0-win32-x64\jre\17.0.13-win32-x86_64\bin;C:\WINDOWS\SYSTEM32;C:\WINDOWS\WinSxS\amd64_microsoft.windows.common-controls_6595b64144ccf1df_6.0.19041.4355_none_60b8b9eb71f62e16;c:\Users\Admin\.vscode\extensions\redhat.java-1.36.0-win32-x64\jre\17.0.13-win32-x86_64\bin\server;C:\Users\Admin\AppData\Roaming\Code\User\globalStorage\redhat.java\1.36.0\config_win\org.eclipse.equinox.launcher\org.eclipse.equinox.launcher.win32.win32.x86_64_1.2.1100.v20240722-2106;C:\Windows\Temp\jna-63116079

VM Arguments:
jvm_args: --add-modules=ALL-SYSTEM --add-opens=java.base/java.util=ALL-UNNAMED --add-opens=java.base/java.lang=ALL-UNNAMED --add-opens=java.base/sun.nio.fs=ALL-UNNAMED -Declipse.application=org.eclipse.jdt.ls.core.id1 -Dosgi.bundles.defaultStartLevel=4 -Declipse.product=org.eclipse.jdt.ls.core.product -Djava.import.generatesMetadataFilesAtProjectRoot=false -DDetectVMInstallationsJob.disabled=true -Dfile.encoding=utf8 -XX:+UseParallelGC -XX:GCTimeRatio=4 -XX:AdaptiveSizePolicyWeight=90 -Dsun.zip.disableMemoryMapping=true -Xmx1G -Xms100m -Xlog:disable -javaagent:c:\Users\Admin\.vscode\extensions\redhat.java-1.36.0-win32-x64\lombok\lombok-1.18.35.jar -XX:+HeapDumpOnOutOfMemoryError -XX:HeapDumpPath=c:\Users\Admin\AppData\Roaming\Code\User\workspaceStorage\1141ed2dea09336be60d10b4a5feda28\redhat.java -Daether.dependencyCollector.impl=bf 
java_command: c:\Users\Admin\.vscode\extensions\redhat.java-1.36.0-win32-x64\server\plugins\org.eclipse.equinox.launcher_1.6.900.v20240613-2009.jar -configuration c:\Users\Admin\AppData\Roaming\Code\User\globalStorage\redhat.java\1.36.0\config_win -data c:\Users\Admin\AppData\Roaming\Code\User\workspaceStorage\1141ed2dea09336be60d10b4a5feda28\redhat.java\jdt_ws --pipe=\\.\pipe\lsp-e41d584de1983ff917683f707a2625cd-sock
java_class_path (initial): c:\Users\Admin\.vscode\extensions\redhat.java-1.36.0-win32-x64\server\plugins\org.eclipse.equinox.launcher_1.6.900.v20240613-2009.jar
Launcher Type: SUN_STANDARD

[Global flags]
    uintx AdaptiveSizePolicyWeight                 = 90                                        {product} {command line}
     intx CICompilerCount                          = 4                                         {product} {ergonomic}
    uintx GCTimeRatio                              = 4                                         {product} {command line}
     bool HeapDumpOnOutOfMemoryError               = true                                   {manageable} {command line}
    ccstr HeapDumpPath                             = c:\Users\Admin\AppData\Roaming\Code\User\workspaceStorage\1141ed2dea09336be60d10b4a5feda28\redhat.java         {manageable} {command line}
   size_t InitialHeapSize                          = 104857600                                 {product} {command line}
   size_t MaxHeapSize                              = 1073741824                                {product} {command line}
   size_t MaxNewSize                               = 357564416                                 {product} {ergonomic}
   size_t MinHeapDeltaBytes                        = 524288                                    {product} {ergonomic}
   size_t MinHeapSize                              = 104857600                                 {product} {command line}
   size_t NewSize                                  = 34603008                                  {product} {ergonomic}
    uintx NonNMethodCodeHeapSize                   = 5839372                                {pd product} {ergonomic}
    uintx NonProfiledCodeHeapSize                  = 122909434                              {pd product} {ergonomic}
   size_t OldSize                                  = 70254592                                  {product} {ergonomic}
    uintx ProfiledCodeHeapSize                     = 122909434                              {pd product} {ergonomic}
    uintx ReservedCodeCacheSize                    = 251658240                              {pd product} {ergonomic}
     bool SegmentedCodeCache                       = true                                      {product} {ergonomic}
   size_t SoftMaxHeapSize                          = 1073741824                             {manageable} {ergonomic}
     bool UseCompressedClassPointers               = true                           {product lp64_product} {ergonomic}
     bool UseCompressedOops                        = true                           {product lp64_product} {ergonomic}
     bool UseLargePagesIndividualAllocation        = false                                  {pd product} {ergonomic}
     bool UseParallelGC                            = true                                      {product} {command line}

Logging:
Log output configuration:
 #0: stdout all=off uptime,level,tags
 #1: stderr all=off uptime,level,tags

Environment Variables:
JAVA_HOME=D:\dowload\jdk-17.0.13_windows-x64_bin\jdk-17.0.13
PATH=C:\Program Files\Common Files\Oracle\Java\javapath;D:\NTASPORT\dbhomeXE\bin;D:\app\client\Admin\product\12.2.0\client_2\bin;C:\Program Files (x86)\Common Files\Oracle\Java\javapath;C:\WINDOWS\system32;C:\WINDOWS;C:\WINDOWS\System32\Wbem;C:\WINDOWS\System32\WindowsPowerShell\v1.0\;C:\WINDOWS\System32\OpenSSH\;C:\Program Files (x86)\Microsoft SQL Server\160\Tools\Binn\;C:\Program Files\Microsoft SQL Server\160\Tools\Binn\;C:\Program Files\Microsoft SQL Server\Client SDK\ODBC\170\Tools\Binn\;C:\Program Files\Microsoft SQL Server\160\DTS\Binn\;C:\Program Files (x86)\Microsoft SQL Server\160\DTS\Binn\;C:\Program Files\Azure Data Studio\bin;C:\Program Files\NVIDIA Corporation\NVIDIA NvDLISR;C:\Program Files\Microsoft SQL Server\150\Tools\Binn\;C:\Program Files\dotnet\;C:\Program Files\Git\cmd;C:\Program Files\Microsoft\Web Platform Installer\;C:\Program Files\nodejs\;C:\Users\Admin\Downloads\php-8.3.2-nts-Win32-vs16-x64;C:\xampp\htdocs\bai1;C:\Program Files\MySQL\MySQL Server 8.3\bin;C:\xampp\php;C:\ProgramData\ComposerSetup\bin;C:\apache-maven-3.9.7\bin;D:\dowload\jdk-17.0.13_windows-x64_bin\jdk-17.0.13\bin;C:\Program Files\Java\jre1.8.0_202\bin;C:\Users\Admin\AppData\Local\Programs\Python\Python313\Scripts\;C:\Users\Admin\AppData\Local\Programs\Python\Python313\;C:\Users\Admin\AppData\Local\Programs\Python\Launcher\;C:\Users\Admin\AppData\Local\Microsoft\WindowsApps;C:\Users\Admin\AppData\Local\Programs\Microsoft VS Code\bin;C:\Program Files\Azure Data Studio\bin;C:\Users\Admin\.dotnet\tools;C:\Users\Admin\Documents\Zalo Received Files\php-8.2.12-Win32-vs16-x64;C:\Users\Admin\AppData\Roaming\npm;C:\Users\Admin\AppData\Roaming\Composer\vendor\bin;C:\apache-maven-3.9.7\bin;
USERNAME=Admin
OS=Windows_NT
PROCESSOR_IDENTIFIER=Intel64 Family 6 Model 140 Stepping 1, GenuineIntel
TMP=C:\WINDOWS\TEMP
TEMP=C:\Users\Admin\AppData\Local\Temp



Periodic native trim disabled


---------------  S Y S T E M  ---------------

OS:
 Windows 10 , 64 bit Build 19041 (10.0.19041.4957)
OS uptime: 4 days 22:12 hours

CPU: total 8 (initial active 8) (4 cores per cpu, 2 threads per core) family 6 model 140 stepping 1 microcode 0x86, cx8, cmov, fxsr, ht, mmx, 3dnowpref, sse, sse2, sse3, ssse3, sse4.1, sse4.2, popcnt, lzcnt, tsc, tscinvbit, avx, avx2, aes, erms, clmul, bmi1, bmi2, adx, avx512f, avx512dq, avx512cd, avx512bw, avx512vl, sha, fma, vzeroupper, avx512_vpopcntdq, avx512_vpclmulqdq, avx512_vaes, avx512_vnni, clflush, clflushopt, clwb, avx512_vbmi2, avx512_vbmi
Processor Information for all 8 processors :
  Max Mhz: 2419, Current Mhz: 2419, Mhz Limit: 2419

Memory: 4k page, system-wide physical 7975M (348M free)
TotalPageFile size 20965M (AvailPageFile size 2M)
current process WorkingSet (physical memory assigned to process): 481M, peak: 669M
current process commit charge ("private bytes"): 481M, peak: 607M

vm_info: OpenJDK 64-Bit Server VM (17.0.13+11) for windows-amd64 JRE (17.0.13+11), built on Oct 16 2024 00:10:08 by "admin" with MS VC++ 17.7 (VS2022)

END.
