#
# There is insufficient memory for the Java Runtime Environment to continue.
# Native memory allocation (malloc) failed to allocate 549376 bytes. Error detail: Chunk::new
# Possible reasons:
#   The system is out of physical RAM or swap space
#   This process is running with CompressedOops enabled, and the Java Heap may be blocking the growth of the native heap
# Possible solutions:
#   Reduce memory load on the system
#   Increase physical memory or swap space
#   Check if swap backing store is full
#   Decrease Java heap size (-Xmx/-Xms)
#   Decrease number of Java threads
#   Decrease Java thread stack sizes (-Xss)
#   Set larger code cache with -XX:ReservedCodeCacheSize=
#   JVM is running with Unscaled Compressed Oops mode in which the Java heap is
#     placed in the first 4GB address space. The Java Heap base address is the
#     maximum limit for the native heap growth. Please use -XX:HeapBaseMinAddress
#     to set the Java Heap base and to place the Java Heap above 4GB virtual address.
# This output file may be truncated or incomplete.
#
#  Out of Memory Error (arena.cpp:191), pid=18036, tid=7384
#
# JRE version: OpenJDK Runtime Environment Temurin-17.0.13+11 (17.0.13+11) (build 17.0.13+11)
# Java VM: OpenJDK 64-Bit Server VM Temurin-17.0.13+11 (17.0.13+11, mixed mode, tiered, compressed oops, compressed class ptrs, parallel gc, windows-amd64)
# No core dump will be written. Minidumps are not enabled by default on client versions of Windows
#

---------------  S U M M A R Y ------------

Command Line: --add-modules=ALL-SYSTEM --add-opens=java.base/java.util=ALL-UNNAMED --add-opens=java.base/java.lang=ALL-UNNAMED --add-opens=java.base/sun.nio.fs=ALL-UNNAMED -Declipse.application=org.eclipse.jdt.ls.core.id1 -Dosgi.bundles.defaultStartLevel=4 -Declipse.product=org.eclipse.jdt.ls.core.product -Djava.import.generatesMetadataFilesAtProjectRoot=false -DDetectVMInstallationsJob.disabled=true -Dfile.encoding=utf8 -XX:+UseParallelGC -XX:GCTimeRatio=4 -XX:AdaptiveSizePolicyWeight=90 -Dsun.zip.disableMemoryMapping=true -Xmx1G -Xms100m -Xlog:disable -javaagent:c:\Users\Admin\.vscode\extensions\redhat.java-1.36.0-win32-x64\lombok\lombok-1.18.35.jar -XX:+HeapDumpOnOutOfMemoryError -XX:HeapDumpPath=c:\Users\Admin\AppData\Roaming\Code\User\workspaceStorage\1141ed2dea09336be60d10b4a5feda28\redhat.java -Daether.dependencyCollector.impl=bf c:\Users\Admin\.vscode\extensions\redhat.java-1.36.0-win32-x64\server\plugins\org.eclipse.equinox.launcher_1.6.900.v20240613-2009.jar -configuration c:\Users\Admin\AppData\Roaming\Code\User\globalStorage\redhat.java\1.36.0\config_win -data c:\Users\Admin\AppData\Roaming\Code\User\workspaceStorage\1141ed2dea09336be60d10b4a5feda28\redhat.java\jdt_ws --pipe=\\.\pipe\lsp-4b3541ff786ff1cdf212803d1c99028a-sock

Host: 11th Gen Intel(R) Core(TM) i5-1135G7 @ 2.40GHz, 8 cores, 7G,  Windows 10 , 64 bit Build 19041 (10.0.19041.4957)
Time: Mon Nov 11 10:47:50 2024 SE Asia Standard Time elapsed time: 37.506707 seconds (0d 0h 0m 37s)

---------------  T H R E A D  ---------------

Current thread (0x0000022da5d1e480):  JavaThread "C2 CompilerThread1" daemon [_thread_in_native, id=7384, stack(0x0000003b81b00000,0x0000003b81c00000)]


Current CompileTask:
C2:  37506 10402   !   4       org.codehaus.plexus.interpolation.ObjectBasedValueSource::getValue (66 bytes)

Stack: [0x0000003b81b00000,0x0000003b81c00000]
Native frames: (J=compiled Java code, j=interpreted, Vv=VM code, C=native code)
V  [jvm.dll+0x682a19]
V  [jvm.dll+0x839538]
V  [jvm.dll+0x83afe3]
V  [jvm.dll+0x83b653]
V  [jvm.dll+0x24704f]
V  [jvm.dll+0xace34]
V  [jvm.dll+0xad4cc]
V  [jvm.dll+0x2ac84f]
V  [jvm.dll+0x588a79]
V  [jvm.dll+0x220ea2]
V  [jvm.dll+0x22129f]
V  [jvm.dll+0x21a2b0]
V  [jvm.dll+0x21738b]
V  [jvm.dll+0x1a3070]
V  [jvm.dll+0x22788c]
V  [jvm.dll+0x2259eb]
V  [jvm.dll+0x7eec98]
V  [jvm.dll+0x7e8ffc]
V  [jvm.dll+0x6818f7]
C  [ucrtbase.dll+0x21bb2]
C  [KERNEL32.DLL+0x17374]
C  [ntdll.dll+0x4cc91]


---------------  P R O C E S S  ---------------

Threads class SMR info:
_java_thread_list=0x0000022da321d910, length=66, elements={
0x0000022d84ba9090, 0x0000022d9a98cd80, 0x0000022d9fbeb290, 0x0000022d9fc10120,
0x0000022d9fc109f0, 0x0000022d9fc133c0, 0x0000022d9fc13d80, 0x0000022d9fc16a80,
0x0000022d9fc19c30, 0x0000022d9fc21420, 0x0000022d84c08ce0, 0x0000022d9ff63300,
0x0000022da12dea00, 0x0000022da15de150, 0x0000022da0f5d310, 0x0000022da10da440,
0x0000022da1d279a0, 0x0000022da1d230f0, 0x0000022da1d24f50, 0x0000022da1d24530,
0x0000022da1d24a40, 0x0000022da1d25460, 0x0000022da1d25e80, 0x0000022da1d26390,
0x0000022da1d268a0, 0x0000022da1d23b10, 0x0000022da1d24020, 0x0000022d9fddb9f0,
0x0000022d9fddc410, 0x0000022d9fddce30, 0x0000022d9fddc920, 0x0000022d9fddd850,
0x0000022d9fdd9170, 0x0000022d9fddbf00, 0x0000022d9fdd8c60, 0x0000022d9fdddd60,
0x0000022d9fddb4e0, 0x0000022d9fddf6b0, 0x0000022d9fde05e0, 0x0000022d9fdde270,
0x0000022d9fdde780, 0x0000022d9fddec90, 0x0000022d9fdda5b0, 0x0000022d9fdd9b90,
0x0000022d9fddf1a0, 0x0000022d9fdda0a0, 0x0000022d9fddaac0, 0x0000022d9fddfbc0,
0x0000022d9fde00d0, 0x0000022da1d25970, 0x0000022da1d23600, 0x0000022da61fedb0,
0x0000022da6202560, 0x0000022da62052f0, 0x0000022da61ffce0, 0x0000022da61ff7d0,
0x0000022da6202050, 0x0000022da61fde80, 0x0000022da6201120, 0x0000022da61fe390,
0x0000022da5d1e480, 0x0000022da6205800, 0x0000022da61fe8a0, 0x0000022da6200700,
0x0000022da6201630, 0x0000022da6202f80
}

Java Threads: ( => current thread )
  0x0000022d84ba9090 JavaThread "main" [_thread_blocked, id=22452, stack(0x0000003bfed00000,0x0000003bfee00000)]
  0x0000022d9a98cd80 JavaThread "Reference Handler" daemon [_thread_blocked, id=2212, stack(0x0000003bff000000,0x0000003bff100000)]
  0x0000022d9fbeb290 JavaThread "Finalizer" daemon [_thread_blocked, id=17040, stack(0x0000003bff100000,0x0000003bff200000)]
  0x0000022d9fc10120 JavaThread "Signal Dispatcher" daemon [_thread_blocked, id=19812, stack(0x0000003bff200000,0x0000003bff300000)]
  0x0000022d9fc109f0 JavaThread "Attach Listener" daemon [_thread_blocked, id=14160, stack(0x0000003bff300000,0x0000003bff400000)]
  0x0000022d9fc133c0 JavaThread "Service Thread" daemon [_thread_blocked, id=21992, stack(0x0000003bff400000,0x0000003bff500000)]
  0x0000022d9fc13d80 JavaThread "Monitor Deflation Thread" daemon [_thread_blocked, id=2820, stack(0x0000003bff500000,0x0000003bff600000)]
  0x0000022d9fc16a80 JavaThread "C2 CompilerThread0" daemon [_thread_in_native, id=18576, stack(0x0000003bff600000,0x0000003bff700000)]
  0x0000022d9fc19c30 JavaThread "C1 CompilerThread0" daemon [_thread_blocked, id=10292, stack(0x0000003bff700000,0x0000003bff800000)]
  0x0000022d9fc21420 JavaThread "Sweeper thread" daemon [_thread_blocked, id=1676, stack(0x0000003bff800000,0x0000003bff900000)]
  0x0000022d84c08ce0 JavaThread "Common-Cleaner" daemon [_thread_blocked, id=21056, stack(0x0000003bff900000,0x0000003bffa00000)]
  0x0000022d9ff63300 JavaThread "Notification Thread" daemon [_thread_blocked, id=17908, stack(0x0000003bffa00000,0x0000003bffb00000)]
  0x0000022da12dea00 JavaThread "Active Thread: Equinox Container: 16d48844-ef58-4bbd-8e5b-d7ba0a06b2d6" [_thread_blocked, id=10880, stack(0x0000003b80300000,0x0000003b80400000)]
  0x0000022da15de150 JavaThread "Refresh Thread: Equinox Container: 16d48844-ef58-4bbd-8e5b-d7ba0a06b2d6" daemon [_thread_blocked, id=9232, stack(0x0000003b80400000,0x0000003b80500000)]
  0x0000022da0f5d310 JavaThread "Framework Event Dispatcher: Equinox Container: 16d48844-ef58-4bbd-8e5b-d7ba0a06b2d6" daemon [_thread_blocked, id=22204, stack(0x0000003b80500000,0x0000003b80600000)]
  0x0000022da10da440 JavaThread "Start Level: Equinox Container: 16d48844-ef58-4bbd-8e5b-d7ba0a06b2d6" daemon [_thread_blocked, id=10960, stack(0x0000003b80600000,0x0000003b80700000)]
  0x0000022da1d279a0 JavaThread "Bundle File Closer" daemon [_thread_blocked, id=20364, stack(0x0000003b80200000,0x0000003b80300000)]
  0x0000022da1d230f0 JavaThread "SCR Component Actor" daemon [_thread_blocked, id=19888, stack(0x0000003b80800000,0x0000003b80900000)]
  0x0000022da1d24f50 JavaThread "Worker-JM" [_thread_blocked, id=16232, stack(0x0000003b80b00000,0x0000003b80c00000)]
  0x0000022da1d24530 JavaThread "JNA Cleaner" daemon [_thread_blocked, id=19200, stack(0x0000003b80a00000,0x0000003b80b00000)]
  0x0000022da1d24a40 JavaThread "Worker-0" [_thread_blocked, id=9904, stack(0x0000003b80c00000,0x0000003b80d00000)]
  0x0000022da1d25460 JavaThread "Worker-1" [_thread_blocked, id=15808, stack(0x0000003b80d00000,0x0000003b80e00000)]
  0x0000022da1d25e80 JavaThread "Worker-2" [_thread_blocked, id=18416, stack(0x0000003b81000000,0x0000003b81100000)]
  0x0000022da1d26390 JavaThread "Java indexing" daemon [_thread_blocked, id=7116, stack(0x0000003b81100000,0x0000003b81200000)]
  0x0000022da1d268a0 JavaThread "Thread-2" daemon [_thread_in_native, id=22268, stack(0x0000003b80e00000,0x0000003b80f00000)]
  0x0000022da1d23b10 JavaThread "Thread-3" daemon [_thread_in_native, id=3232, stack(0x0000003b80f00000,0x0000003b81000000)]
  0x0000022da1d24020 JavaThread "Thread-4" daemon [_thread_in_native, id=20788, stack(0x0000003b81200000,0x0000003b81300000)]
  0x0000022d9fddb9f0 JavaThread "Thread-5" daemon [_thread_in_native, id=17556, stack(0x0000003b81300000,0x0000003b81400000)]
  0x0000022d9fddc410 JavaThread "Thread-6" daemon [_thread_in_native, id=10940, stack(0x0000003b81400000,0x0000003b81500000)]
  0x0000022d9fddce30 JavaThread "Thread-7" daemon [_thread_in_native, id=20008, stack(0x0000003b81500000,0x0000003b81600000)]
  0x0000022d9fddc920 JavaThread "Thread-8" daemon [_thread_in_native, id=20600, stack(0x0000003b81600000,0x0000003b81700000)]
  0x0000022d9fddd850 JavaThread "Thread-9" daemon [_thread_in_native, id=4940, stack(0x0000003b81700000,0x0000003b81800000)]
  0x0000022d9fdd9170 JavaThread "Thread-10" daemon [_thread_in_native, id=5256, stack(0x0000003b81800000,0x0000003b81900000)]
  0x0000022d9fddbf00 JavaThread "pool-2-thread-1" [_thread_blocked, id=12704, stack(0x0000003b81900000,0x0000003b81a00000)]
  0x0000022d9fdd8c60 JavaThread "Worker-3: Java indexing... " [_thread_blocked, id=12476, stack(0x0000003b81a00000,0x0000003b81b00000)]
  0x0000022d9fdddd60 JavaThread "Worker-4: Building" [_thread_blocked, id=22292, stack(0x0000003b80900000,0x0000003b80a00000)]
  0x0000022d9fddb4e0 JavaThread "WorkspaceEventsHandler" [_thread_blocked, id=10444, stack(0x0000003b81d00000,0x0000003b81e00000)]
  0x0000022d9fddf6b0 JavaThread "pool-1-thread-1" [_thread_blocked, id=1528, stack(0x0000003b81e00000,0x0000003b81f00000)]
  0x0000022d9fde05e0 JavaThread "Worker-5" [_thread_blocked, id=14344, stack(0x0000003b81f00000,0x0000003b82000000)]
  0x0000022d9fdde270 JavaThread "LocalFile Deleter" daemon [_thread_blocked, id=20296, stack(0x0000003b82000000,0x0000003b82100000)]
  0x0000022d9fdde780 JavaThread "LocalFile Deleter" daemon [_thread_blocked, id=8908, stack(0x0000003b82100000,0x0000003b82200000)]
  0x0000022d9fddec90 JavaThread "LocalFile Deleter" daemon [_thread_blocked, id=19540, stack(0x0000003b82200000,0x0000003b82300000)]
  0x0000022d9fdda5b0 JavaThread "LocalFile Deleter" daemon [_thread_blocked, id=9940, stack(0x0000003b82300000,0x0000003b82400000)]
  0x0000022d9fdd9b90 JavaThread "LocalFile Deleter" daemon [_thread_blocked, id=17628, stack(0x0000003b82400000,0x0000003b82500000)]
  0x0000022d9fddf1a0 JavaThread "LocalFile Deleter" daemon [_thread_blocked, id=18792, stack(0x0000003b82500000,0x0000003b82600000)]
  0x0000022d9fdda0a0 JavaThread "LocalFile Deleter" daemon [_thread_blocked, id=9004, stack(0x0000003b82600000,0x0000003b82700000)]
  0x0000022d9fddaac0 JavaThread "LocalFile Deleter" daemon [_thread_blocked, id=9792, stack(0x0000003b82700000,0x0000003b82800000)]
  0x0000022d9fddfbc0 JavaThread "Compiler Source File Reader" daemon [_thread_blocked, id=17932, stack(0x0000003b82800000,0x0000003b82900000)]
  0x0000022d9fde00d0 JavaThread "Compiler Source File Reader" daemon [_thread_blocked, id=13796, stack(0x0000003b82900000,0x0000003b82a00000)]
  0x0000022da1d25970 JavaThread "Compiler Source File Reader" daemon [_thread_blocked, id=19840, stack(0x0000003b82a00000,0x0000003b82b00000)]
  0x0000022da1d23600 JavaThread "Compiler Source File Reader" daemon [_thread_blocked, id=6336, stack(0x0000003b82b00000,0x0000003b82c00000)]
  0x0000022da61fedb0 JavaThread "Compiler Source File Reader" daemon [_thread_blocked, id=20740, stack(0x0000003b82c00000,0x0000003b82d00000)]
  0x0000022da6202560 JavaThread "Compiler Source File Reader" daemon [_thread_blocked, id=22476, stack(0x0000003b82d00000,0x0000003b82e00000)]
  0x0000022da62052f0 JavaThread "Compiler Processing Task" daemon [_thread_blocked, id=12452, stack(0x0000003b82e00000,0x0000003b82f00000)]
  0x0000022da61ffce0 JavaThread "Compiler Class File Writer" daemon [_thread_blocked, id=13712, stack(0x0000003b82f00000,0x0000003b83000000)]
  0x0000022da61ff7d0 JavaThread "Compiler Class File Writer" daemon [_thread_blocked, id=15380, stack(0x0000003b83000000,0x0000003b83100000)]
  0x0000022da6202050 JavaThread "Compiler Class File Writer" daemon [_thread_blocked, id=10888, stack(0x0000003b83100000,0x0000003b83200000)]
  0x0000022da61fde80 JavaThread "Compiler Class File Writer" daemon [_thread_blocked, id=21520, stack(0x0000003b83200000,0x0000003b83300000)]
  0x0000022da6201120 JavaThread "Compiler Class File Writer" daemon [_thread_blocked, id=3212, stack(0x0000003b83300000,0x0000003b83400000)]
  0x0000022da61fe390 JavaThread "Compiler Class File Writer" daemon [_thread_blocked, id=11068, stack(0x0000003b83400000,0x0000003b83500000)]
=>0x0000022da5d1e480 JavaThread "C2 CompilerThread1" daemon [_thread_in_native, id=7384, stack(0x0000003b81b00000,0x0000003b81c00000)]
  0x0000022da6205800 JavaThread "ParallelDescriptorResolver-1-0" daemon [_thread_blocked, id=17196, stack(0x0000003b81c00000,0x0000003b81d00000)]
  0x0000022da61fe8a0 JavaThread "ParallelDescriptorResolver-1-1" daemon [_thread_blocked, id=13676, stack(0x0000003b83500000,0x0000003b83600000)]
  0x0000022da6200700 JavaThread "ParallelDescriptorResolver-1-2" daemon [_thread_blocked, id=724, stack(0x0000003b83600000,0x0000003b83700000)]
  0x0000022da6201630 JavaThread "ParallelDescriptorResolver-1-3" daemon [_thread_blocked, id=12904, stack(0x0000003b83700000,0x0000003b83800000)]
  0x0000022da6202f80 JavaThread "ParallelDescriptorResolver-1-4" daemon [_thread_blocked, id=5336, stack(0x0000003b83800000,0x0000003b83900000)]

Other Threads:
  0x0000022d84c58450 VMThread "VM Thread" [stack: 0x0000003bfef00000,0x0000003bff000000] [id=4420] _threads_hazard_ptr=0x0000022da321d910
  0x0000022d9ff67cf0 WatcherThread [stack: 0x0000003bffb00000,0x0000003bffc00000] [id=5544]
  0x0000022d84bbdac0 GCTaskThread "GC Thread#0" [stack: 0x0000003bfee00000,0x0000003bfef00000] [id=3272]
  0x0000022da0fc0aa0 GCTaskThread "GC Thread#1" [stack: 0x0000003bffc00000,0x0000003bffd00000] [id=21100]
  0x0000022da1265430 GCTaskThread "GC Thread#2" [stack: 0x0000003bffd00000,0x0000003bffe00000] [id=1492]
  0x0000022da12656f0 GCTaskThread "GC Thread#3" [stack: 0x0000003bffe00000,0x0000003bfff00000] [id=10772]
  0x0000022da0fc3700 GCTaskThread "GC Thread#4" [stack: 0x0000003bfff00000,0x0000003c00000000] [id=18076]
  0x0000022da0fc39c0 GCTaskThread "GC Thread#5" [stack: 0x0000003b80000000,0x0000003b80100000] [id=11052]
  0x0000022da0fc3c80 GCTaskThread "GC Thread#6" [stack: 0x0000003b80100000,0x0000003b80200000] [id=5024]
  0x0000022da1567cc0 GCTaskThread "GC Thread#7" [stack: 0x0000003b80700000,0x0000003b80800000] [id=13848]

Threads with active compile tasks:
C2 CompilerThread0    37550 10396       4       org.codehaus.plexus.interpolation.reflection.ReflectionValueExtractor::evaluate (242 bytes)
C2 CompilerThread1    37550 10402   !   4       org.codehaus.plexus.interpolation.ObjectBasedValueSource::getValue (66 bytes)

VM state: synchronizing (normal execution)

VM Mutex/Monitor currently owned by a thread:  ([mutex/lock_event])
[0x0000022d84ba4c50] Threads_lock - owner thread: 0x0000022d84c58450
[0x0000022d84ba4ce0] Heap_lock - owner thread: 0x0000022da6200700

Heap address: 0x00000000c0000000, size: 1024 MB, Compressed Oops mode: 32-bit

CDS archive(s) not mapped
Compressed class space mapped at: 0x0000000100000000-0x0000000140000000, reserved size: 1073741824
Narrow klass base: 0x0000000000000000, Narrow klass shift: 3, Narrow klass range: 0x140000000

GC Precious Log:
 CPUs: 8 total, 8 available
 Memory: 7975M
 Large Page Support: Disabled
 NUMA Support: Disabled
 Compressed Oops: Enabled (32-bit)
 Alignments: Space 512K, Generation 512K, Heap 2M
 Heap Min Capacity: 100M
 Heap Initial Capacity: 100M
 Heap Max Capacity: 1G
 Pre-touch: Disabled
 Parallel Workers: 8

Heap:
 PSYoungGen      total 2560K, used 2144K [0x00000000eab00000, 0x00000000eae80000, 0x0000000100000000)
  eden space 1536K, 100% used [0x00000000eab00000,0x00000000eac80000,0x00000000eac80000)
  from space 1024K, 59% used [0x00000000ead80000,0x00000000eae18000,0x00000000eae80000)
  to   space 1024K, 0% used [0x00000000eac80000,0x00000000eac80000,0x00000000ead80000)
 ParOldGen       total 172032K, used 158855K [0x00000000c0000000, 0x00000000ca800000, 0x00000000eab00000)
  object space 172032K, 92% used [0x00000000c0000000,0x00000000c9b21d78,0x00000000ca800000)
 Metaspace       used 67279K, committed 68480K, reserved 1114112K
  class space    used 7039K, committed 7616K, reserved 1048576K

Card table byte_map: [0x0000022d98200000,0x0000022d98410000] _byte_map_base: 0x0000022d97c00000

Marking Bits: (ParMarkBitMap*) 0x00007ffd1f416940
 Begin Bits: [0x0000022d98570000, 0x0000022d99570000)
 End Bits:   [0x0000022d99570000, 0x0000022d9a570000)

Polling page: 0x0000022d84c60000

Metaspace:

Usage:
  Non-class:     58.83 MB used.
      Class:      6.87 MB used.
       Both:     65.70 MB used.

Virtual space:
  Non-class space:       64.00 MB reserved,      59.44 MB ( 93%) committed,  1 nodes.
      Class space:        1.00 GB reserved,       7.44 MB ( <1%) committed,  1 nodes.
             Both:        1.06 GB reserved,      66.88 MB (  6%) committed. 

Chunk freelists:
   Non-Class:  4.11 MB
       Class:  8.47 MB
        Both:  12.58 MB

MaxMetaspaceSize: unlimited
CompressedClassSpaceSize: 1.00 GB
Initial GC threshold: 21.00 MB
Current GC threshold: 110.44 MB
CDS: off
MetaspaceReclaimPolicy: balanced
 - commit_granule_bytes: 65536.
 - commit_granule_words: 8192.
 - virtual_space_node_default_size: 8388608.
 - enlarge_chunks_in_place: 1.
 - new_chunks_are_fully_committed: 0.
 - uncommit_free_chunks: 1.
 - use_allocation_guard: 0.
 - handle_deallocations: 1.


Internal statistics:

num_allocs_failed_limit: 6.
num_arena_births: 870.
num_arena_deaths: 14.
num_vsnodes_births: 2.
num_vsnodes_deaths: 0.
num_space_committed: 1070.
num_space_uncommitted: 0.
num_chunks_returned_to_freelist: 20.
num_chunks_taken_from_freelist: 3691.
num_chunk_merges: 11.
num_chunk_splits: 2230.
num_chunks_enlarged: 1231.
num_inconsistent_stats: 0.

CodeHeap 'non-profiled nmethods': size=120000Kb used=6756Kb max_used=6756Kb free=113243Kb
 bounds [0x0000022d90af0000, 0x0000022d91190000, 0x0000022d98020000]
CodeHeap 'profiled nmethods': size=120000Kb used=19144Kb max_used=19144Kb free=100855Kb
 bounds [0x0000022d89020000, 0x0000022d8a2e0000, 0x0000022d90550000]
CodeHeap 'non-nmethods': size=5760Kb used=1366Kb max_used=1431Kb free=4393Kb
 bounds [0x0000022d90550000, 0x0000022d907c0000, 0x0000022d90af0000]
 total_blobs=9705 nmethods=9004 adapters=614
 compilation: enabled
              stopped_count=0, restarted_count=0
 full_count=0

Compilation events (20 events):
Event: 37.348 Thread 0x0000022d9fc19c30 10400       3       org.apache.maven.model.Activation::<init> (10 bytes)
Event: 37.348 Thread 0x0000022d9fc19c30 nmethod 10400 0x0000022d8a2cf710 code [0x0000022d8a2cf8a0, 0x0000022d8a2cfa18]
Event: 37.348 Thread 0x0000022d9fc19c30 10403       3       org.codehaus.plexus.interpolation.RegexBasedInterpolator::addValueSource (12 bytes)
Event: 37.348 Thread 0x0000022d9fc19c30 nmethod 10403 0x0000022d8a2cfb10 code [0x0000022d8a2cfcc0, 0x0000022d8a2cfe88]
Event: 37.386 Thread 0x0000022da5d1e480 nmethod 10394 0x0000022d91185e90 code [0x0000022d91186140, 0x0000022d91187b10]
Event: 37.386 Thread 0x0000022da5d1e480 10401       4       java.util.HashMap::keysToArray (81 bytes)
Event: 37.389 Thread 0x0000022d9fc19c30 10404       3       ch.qos.logback.classic.Logger::filterAndLog_1 (68 bytes)
Event: 37.391 Thread 0x0000022d9fc19c30 nmethod 10404 0x0000022d8a2cff90 code [0x0000022d8a2d0180, 0x0000022d8a2d0678]
Event: 37.391 Thread 0x0000022d9fc19c30 10405       3       ch.qos.logback.classic.LoggerContext::getTurboFilterChainDecision_1 (38 bytes)
Event: 37.392 Thread 0x0000022da5d1e480 nmethod 10401 0x0000022d91188b90 code [0x0000022d91188d20, 0x0000022d91188ed8]
Event: 37.392 Thread 0x0000022d9fc19c30 nmethod 10405 0x0000022d8a2d0810 code [0x0000022d8a2d09e0, 0x0000022d8a2d0e88]
Event: 37.392 Thread 0x0000022da5d1e480 10402   !   4       org.codehaus.plexus.interpolation.ObjectBasedValueSource::getValue (66 bytes)
Event: 37.495 Thread 0x0000022d9fc19c30 10407       1       org.apache.maven.model.MailingList::setUnsubscribe (6 bytes)
Event: 37.495 Thread 0x0000022d9fc19c30 nmethod 10407 0x0000022d91189090 code [0x0000022d91189220, 0x0000022d911892f8]
Event: 37.499 Thread 0x0000022d9fc19c30 10408   !   3       org.apache.maven.model.MailingList::clone (105 bytes)
Event: 37.502 Thread 0x0000022d9fc19c30 nmethod 10408 0x0000022d8a2d1090 code [0x0000022d8a2d1360, 0x0000022d8a2d21c8]
Event: 37.502 Thread 0x0000022d9fc19c30 10409       3       org.codehaus.plexus.util.StringUtils::isBlank (43 bytes)
Event: 37.503 Thread 0x0000022d9fc19c30 nmethod 10409 0x0000022d8a2d2810 code [0x0000022d8a2d2a80, 0x0000022d8a2d3498]
Event: 37.503 Thread 0x0000022d9fc19c30 10411       3       java.util.concurrent.ThreadPoolExecutor::isRunning (10 bytes)
Event: 37.503 Thread 0x0000022d9fc19c30 nmethod 10411 0x0000022d8a2d3910 code [0x0000022d8a2d3aa0, 0x0000022d8a2d3bd8]

GC Heap History (20 events):
Event: 36.656 GC heap before
{Heap before GC invocations=203 (full 7):
 PSYoungGen      total 2560K, used 2015K [0x00000000eab00000, 0x00000000eae80000, 0x0000000100000000)
  eden space 1536K, 100% used [0x00000000eab00000,0x00000000eac80000,0x00000000eac80000)
  from space 1024K, 46% used [0x00000000ead80000,0x00000000eadf7ef8,0x00000000eae80000)
  to   space 1024K, 0% used [0x00000000eac80000,0x00000000eac80000,0x00000000ead80000)
 ParOldGen       total 172032K, used 155540K [0x00000000c0000000, 0x00000000ca800000, 0x00000000eab00000)
  object space 172032K, 90% used [0x00000000c0000000,0x00000000c97e5088,0x00000000ca800000)
 Metaspace       used 67075K, committed 68224K, reserved 1114112K
  class space    used 7012K, committed 7552K, reserved 1048576K
}
Event: 36.660 GC heap after
{Heap after GC invocations=203 (full 7):
 PSYoungGen      total 2560K, used 480K [0x00000000eab00000, 0x00000000eae00000, 0x0000000100000000)
  eden space 1536K, 0% used [0x00000000eab00000,0x00000000eab00000,0x00000000eac80000)
  from space 1024K, 46% used [0x00000000eac80000,0x00000000eacf8000,0x00000000ead80000)
  to   space 512K, 0% used [0x00000000ead80000,0x00000000ead80000,0x00000000eae00000)
 ParOldGen       total 172032K, used 155880K [0x00000000c0000000, 0x00000000ca800000, 0x00000000eab00000)
  object space 172032K, 90% used [0x00000000c0000000,0x00000000c983a270,0x00000000ca800000)
 Metaspace       used 67075K, committed 68224K, reserved 1114112K
  class space    used 7012K, committed 7552K, reserved 1048576K
}
Event: 36.670 GC heap before
{Heap before GC invocations=204 (full 7):
 PSYoungGen      total 2560K, used 2010K [0x00000000eab00000, 0x00000000eae00000, 0x0000000100000000)
  eden space 1536K, 99% used [0x00000000eab00000,0x00000000eac7eac8,0x00000000eac80000)
  from space 1024K, 46% used [0x00000000eac80000,0x00000000eacf8000,0x00000000ead80000)
  to   space 512K, 0% used [0x00000000ead80000,0x00000000ead80000,0x00000000eae00000)
 ParOldGen       total 172032K, used 155880K [0x00000000c0000000, 0x00000000ca800000, 0x00000000eab00000)
  object space 172032K, 90% used [0x00000000c0000000,0x00000000c983a270,0x00000000ca800000)
 Metaspace       used 67077K, committed 68224K, reserved 1114112K
  class space    used 7012K, committed 7552K, reserved 1048576K
}
Event: 36.673 GC heap after
{Heap after GC invocations=204 (full 7):
 PSYoungGen      total 2048K, used 480K [0x00000000eab00000, 0x00000000eae80000, 0x0000000100000000)
  eden space 1536K, 0% used [0x00000000eab00000,0x00000000eab00000,0x00000000eac80000)
  from space 512K, 93% used [0x00000000ead80000,0x00000000eadf82f0,0x00000000eae00000)
  to   space 1024K, 0% used [0x00000000eac80000,0x00000000eac80000,0x00000000ead80000)
 ParOldGen       total 172032K, used 156242K [0x00000000c0000000, 0x00000000ca800000, 0x00000000eab00000)
  object space 172032K, 90% used [0x00000000c0000000,0x00000000c9894850,0x00000000ca800000)
 Metaspace       used 67077K, committed 68224K, reserved 1114112K
  class space    used 7012K, committed 7552K, reserved 1048576K
}
Event: 36.720 GC heap before
{Heap before GC invocations=205 (full 7):
 PSYoungGen      total 2048K, used 2016K [0x00000000eab00000, 0x00000000eae80000, 0x0000000100000000)
  eden space 1536K, 100% used [0x00000000eab00000,0x00000000eac80000,0x00000000eac80000)
  from space 512K, 93% used [0x00000000ead80000,0x00000000eadf82f0,0x00000000eae00000)
  to   space 1024K, 0% used [0x00000000eac80000,0x00000000eac80000,0x00000000ead80000)
 ParOldGen       total 172032K, used 156242K [0x00000000c0000000, 0x00000000ca800000, 0x00000000eab00000)
  object space 172032K, 90% used [0x00000000c0000000,0x00000000c9894850,0x00000000ca800000)
 Metaspace       used 67084K, committed 68224K, reserved 1114112K
  class space    used 7012K, committed 7552K, reserved 1048576K
}
Event: 36.722 GC heap after
{Heap after GC invocations=205 (full 7):
 PSYoungGen      total 2560K, used 497K [0x00000000eab00000, 0x00000000eae80000, 0x0000000100000000)
  eden space 1536K, 0% used [0x00000000eab00000,0x00000000eab00000,0x00000000eac80000)
  from space 1024K, 48% used [0x00000000eac80000,0x00000000eacfc528,0x00000000ead80000)
  to   space 1024K, 0% used [0x00000000ead80000,0x00000000ead80000,0x00000000eae80000)
 ParOldGen       total 172032K, used 156704K [0x00000000c0000000, 0x00000000ca800000, 0x00000000eab00000)
  object space 172032K, 91% used [0x00000000c0000000,0x00000000c99083e0,0x00000000ca800000)
 Metaspace       used 67084K, committed 68224K, reserved 1114112K
  class space    used 7012K, committed 7552K, reserved 1048576K
}
Event: 37.004 GC heap before
{Heap before GC invocations=206 (full 7):
 PSYoungGen      total 2560K, used 2033K [0x00000000eab00000, 0x00000000eae80000, 0x0000000100000000)
  eden space 1536K, 99% used [0x00000000eab00000,0x00000000eac7fff0,0x00000000eac80000)
  from space 1024K, 48% used [0x00000000eac80000,0x00000000eacfc528,0x00000000ead80000)
  to   space 1024K, 0% used [0x00000000ead80000,0x00000000ead80000,0x00000000eae80000)
 ParOldGen       total 172032K, used 156704K [0x00000000c0000000, 0x00000000ca800000, 0x00000000eab00000)
  object space 172032K, 91% used [0x00000000c0000000,0x00000000c99083e0,0x00000000ca800000)
 Metaspace       used 67089K, committed 68224K, reserved 1114112K
  class space    used 7012K, committed 7552K, reserved 1048576K
}
Event: 37.006 GC heap after
{Heap after GC invocations=206 (full 7):
 PSYoungGen      total 2560K, used 510K [0x00000000eab00000, 0x00000000eae80000, 0x0000000100000000)
  eden space 1536K, 0% used [0x00000000eab00000,0x00000000eab00000,0x00000000eac80000)
  from space 1024K, 49% used [0x00000000ead80000,0x00000000eadff9a8,0x00000000eae80000)
  to   space 1024K, 0% used [0x00000000eac80000,0x00000000eac80000,0x00000000ead80000)
 ParOldGen       total 172032K, used 157084K [0x00000000c0000000, 0x00000000ca800000, 0x00000000eab00000)
  object space 172032K, 91% used [0x00000000c0000000,0x00000000c9967300,0x00000000ca800000)
 Metaspace       used 67089K, committed 68224K, reserved 1114112K
  class space    used 7012K, committed 7552K, reserved 1048576K
}
Event: 37.089 GC heap before
{Heap before GC invocations=207 (full 7):
 PSYoungGen      total 2560K, used 2041K [0x00000000eab00000, 0x00000000eae80000, 0x0000000100000000)
  eden space 1536K, 99% used [0x00000000eab00000,0x00000000eac7ed80,0x00000000eac80000)
  from space 1024K, 49% used [0x00000000ead80000,0x00000000eadff9a8,0x00000000eae80000)
  to   space 1024K, 0% used [0x00000000eac80000,0x00000000eac80000,0x00000000ead80000)
 ParOldGen       total 172032K, used 157084K [0x00000000c0000000, 0x00000000ca800000, 0x00000000eab00000)
  object space 172032K, 91% used [0x00000000c0000000,0x00000000c9967300,0x00000000ca800000)
 Metaspace       used 67132K, committed 68352K, reserved 1114112K
  class space    used 7016K, committed 7616K, reserved 1048576K
}
Event: 37.093 GC heap after
{Heap after GC invocations=207 (full 7):
 PSYoungGen      total 2560K, used 424K [0x00000000eab00000, 0x00000000eae00000, 0x0000000100000000)
  eden space 1536K, 0% used [0x00000000eab00000,0x00000000eab00000,0x00000000eac80000)
  from space 1024K, 41% used [0x00000000eac80000,0x00000000eacea318,0x00000000ead80000)
  to   space 512K, 0% used [0x00000000ead80000,0x00000000ead80000,0x00000000eae00000)
 ParOldGen       total 172032K, used 157469K [0x00000000c0000000, 0x00000000ca800000, 0x00000000eab00000)
  object space 172032K, 91% used [0x00000000c0000000,0x00000000c99c7430,0x00000000ca800000)
 Metaspace       used 67132K, committed 68352K, reserved 1114112K
  class space    used 7016K, committed 7616K, reserved 1048576K
}
Event: 37.166 GC heap before
{Heap before GC invocations=208 (full 7):
 PSYoungGen      total 2560K, used 1956K [0x00000000eab00000, 0x00000000eae00000, 0x0000000100000000)
  eden space 1536K, 99% used [0x00000000eab00000,0x00000000eac7ee18,0x00000000eac80000)
  from space 1024K, 41% used [0x00000000eac80000,0x00000000eacea318,0x00000000ead80000)
  to   space 512K, 0% used [0x00000000ead80000,0x00000000ead80000,0x00000000eae00000)
 ParOldGen       total 172032K, used 157469K [0x00000000c0000000, 0x00000000ca800000, 0x00000000eab00000)
  object space 172032K, 91% used [0x00000000c0000000,0x00000000c99c7430,0x00000000ca800000)
 Metaspace       used 67222K, committed 68416K, reserved 1114112K
  class space    used 7032K, committed 7616K, reserved 1048576K
}
Event: 37.168 GC heap after
{Heap after GC invocations=208 (full 7):
 PSYoungGen      total 2048K, used 384K [0x00000000eab00000, 0x00000000eae00000, 0x0000000100000000)
  eden space 1536K, 0% used [0x00000000eab00000,0x00000000eab00000,0x00000000eac80000)
  from space 512K, 75% used [0x00000000ead80000,0x00000000eade0000,0x00000000eae00000)
  to   space 512K, 0% used [0x00000000ead00000,0x00000000ead00000,0x00000000ead80000)
 ParOldGen       total 172032K, used 157725K [0x00000000c0000000, 0x00000000ca800000, 0x00000000eab00000)
  object space 172032K, 91% used [0x00000000c0000000,0x00000000c9a07748,0x00000000ca800000)
 Metaspace       used 67222K, committed 68416K, reserved 1114112K
  class space    used 7032K, committed 7616K, reserved 1048576K
}
Event: 37.227 GC heap before
{Heap before GC invocations=209 (full 7):
 PSYoungGen      total 2048K, used 1920K [0x00000000eab00000, 0x00000000eae00000, 0x0000000100000000)
  eden space 1536K, 100% used [0x00000000eab00000,0x00000000eac80000,0x00000000eac80000)
  from space 512K, 75% used [0x00000000ead80000,0x00000000eade0000,0x00000000eae00000)
  to   space 512K, 0% used [0x00000000ead00000,0x00000000ead00000,0x00000000ead80000)
 ParOldGen       total 172032K, used 157725K [0x00000000c0000000, 0x00000000ca800000, 0x00000000eab00000)
  object space 172032K, 91% used [0x00000000c0000000,0x00000000c9a07748,0x00000000ca800000)
 Metaspace       used 67262K, committed 68416K, reserved 1114112K
  class space    used 7038K, committed 7616K, reserved 1048576K
}
Event: 37.230 GC heap after
{Heap after GC invocations=209 (full 7):
 PSYoungGen      total 2048K, used 384K [0x00000000eab00000, 0x00000000eae00000, 0x0000000100000000)
  eden space 1536K, 0% used [0x00000000eab00000,0x00000000eab00000,0x00000000eac80000)
  from space 512K, 75% used [0x00000000ead00000,0x00000000ead60238,0x00000000ead80000)
  to   space 512K, 0% used [0x00000000ead80000,0x00000000ead80000,0x00000000eae00000)
 ParOldGen       total 172032K, used 158023K [0x00000000c0000000, 0x00000000ca800000, 0x00000000eab00000)
  object space 172032K, 91% used [0x00000000c0000000,0x00000000c9a51e58,0x00000000ca800000)
 Metaspace       used 67262K, committed 68416K, reserved 1114112K
  class space    used 7038K, committed 7616K, reserved 1048576K
}
Event: 37.281 GC heap before
{Heap before GC invocations=210 (full 7):
 PSYoungGen      total 2048K, used 1920K [0x00000000eab00000, 0x00000000eae00000, 0x0000000100000000)
  eden space 1536K, 100% used [0x00000000eab00000,0x00000000eac80000,0x00000000eac80000)
  from space 512K, 75% used [0x00000000ead00000,0x00000000ead60238,0x00000000ead80000)
  to   space 512K, 0% used [0x00000000ead80000,0x00000000ead80000,0x00000000eae00000)
 ParOldGen       total 172032K, used 158023K [0x00000000c0000000, 0x00000000ca800000, 0x00000000eab00000)
  object space 172032K, 91% used [0x00000000c0000000,0x00000000c9a51e58,0x00000000ca800000)
 Metaspace       used 67264K, committed 68416K, reserved 1114112K
  class space    used 7038K, committed 7616K, reserved 1048576K
}
Event: 37.282 GC heap after
{Heap after GC invocations=210 (full 7):
 PSYoungGen      total 2048K, used 506K [0x00000000eab00000, 0x00000000eae80000, 0x0000000100000000)
  eden space 1536K, 0% used [0x00000000eab00000,0x00000000eab00000,0x00000000eac80000)
  from space 512K, 99% used [0x00000000ead80000,0x00000000eadfebe0,0x00000000eae00000)
  to   space 1024K, 0% used [0x00000000eac80000,0x00000000eac80000,0x00000000ead80000)
 ParOldGen       total 172032K, used 158240K [0x00000000c0000000, 0x00000000ca800000, 0x00000000eab00000)
  object space 172032K, 91% used [0x00000000c0000000,0x00000000c9a88168,0x00000000ca800000)
 Metaspace       used 67264K, committed 68416K, reserved 1114112K
  class space    used 7038K, committed 7616K, reserved 1048576K
}
Event: 37.300 GC heap before
{Heap before GC invocations=211 (full 7):
 PSYoungGen      total 2048K, used 2042K [0x00000000eab00000, 0x00000000eae80000, 0x0000000100000000)
  eden space 1536K, 99% used [0x00000000eab00000,0x00000000eac7fff8,0x00000000eac80000)
  from space 512K, 99% used [0x00000000ead80000,0x00000000eadfebe0,0x00000000eae00000)
  to   space 1024K, 0% used [0x00000000eac80000,0x00000000eac80000,0x00000000ead80000)
 ParOldGen       total 172032K, used 158240K [0x00000000c0000000, 0x00000000ca800000, 0x00000000eab00000)
  object space 172032K, 91% used [0x00000000c0000000,0x00000000c9a88168,0x00000000ca800000)
 Metaspace       used 67269K, committed 68480K, reserved 1114112K
  class space    used 7038K, committed 7616K, reserved 1048576K
}
Event: 37.305 GC heap after
{Heap after GC invocations=211 (full 7):
 PSYoungGen      total 2560K, used 688K [0x00000000eab00000, 0x00000000eae80000, 0x0000000100000000)
  eden space 1536K, 0% used [0x00000000eab00000,0x00000000eab00000,0x00000000eac80000)
  from space 1024K, 67% used [0x00000000eac80000,0x00000000ead2c010,0x00000000ead80000)
  to   space 1024K, 0% used [0x00000000ead80000,0x00000000ead80000,0x00000000eae80000)
 ParOldGen       total 172032K, used 158647K [0x00000000c0000000, 0x00000000ca800000, 0x00000000eab00000)
  object space 172032K, 92% used [0x00000000c0000000,0x00000000c9aedd78,0x00000000ca800000)
 Metaspace       used 67269K, committed 68480K, reserved 1114112K
  class space    used 7038K, committed 7616K, reserved 1048576K
}
Event: 37.380 GC heap before
{Heap before GC invocations=212 (full 7):
 PSYoungGen      total 2560K, used 2224K [0x00000000eab00000, 0x00000000eae80000, 0x0000000100000000)
  eden space 1536K, 100% used [0x00000000eab00000,0x00000000eac80000,0x00000000eac80000)
  from space 1024K, 67% used [0x00000000eac80000,0x00000000ead2c010,0x00000000ead80000)
  to   space 1024K, 0% used [0x00000000ead80000,0x00000000ead80000,0x00000000eae80000)
 ParOldGen       total 172032K, used 158647K [0x00000000c0000000, 0x00000000ca800000, 0x00000000eab00000)
  object space 172032K, 92% used [0x00000000c0000000,0x00000000c9aedd78,0x00000000ca800000)
 Metaspace       used 67277K, committed 68480K, reserved 1114112K
  class space    used 7039K, committed 7616K, reserved 1048576K
}
Event: 37.383 GC heap after
{Heap after GC invocations=212 (full 7):
 PSYoungGen      total 2560K, used 608K [0x00000000eab00000, 0x00000000eae80000, 0x0000000100000000)
  eden space 1536K, 0% used [0x00000000eab00000,0x00000000eab00000,0x00000000eac80000)
  from space 1024K, 59% used [0x00000000ead80000,0x00000000eae18000,0x00000000eae80000)
  to   space 1024K, 0% used [0x00000000eac80000,0x00000000eac80000,0x00000000ead80000)
 ParOldGen       total 172032K, used 158855K [0x00000000c0000000, 0x00000000ca800000, 0x00000000eab00000)
  object space 172032K, 92% used [0x00000000c0000000,0x00000000c9b21d78,0x00000000ca800000)
 Metaspace       used 67277K, committed 68480K, reserved 1114112K
  class space    used 7039K, committed 7616K, reserved 1048576K
}

Dll operation events (10 events):
Event: 0.019 Loaded shared library c:\Users\Admin\.vscode\extensions\redhat.java-1.36.0-win32-x64\jre\17.0.13-win32-x86_64\bin\java.dll
Event: 0.424 Loaded shared library c:\Users\Admin\.vscode\extensions\redhat.java-1.36.0-win32-x64\jre\17.0.13-win32-x86_64\bin\zip.dll
Event: 0.429 Loaded shared library C:\Users\Admin\.vscode\extensions\redhat.java-1.36.0-win32-x64\jre\17.0.13-win32-x86_64\bin\instrument.dll
Event: 0.465 Loaded shared library C:\Users\Admin\.vscode\extensions\redhat.java-1.36.0-win32-x64\jre\17.0.13-win32-x86_64\bin\net.dll
Event: 0.470 Loaded shared library C:\Users\Admin\.vscode\extensions\redhat.java-1.36.0-win32-x64\jre\17.0.13-win32-x86_64\bin\nio.dll
Event: 0.491 Loaded shared library C:\Users\Admin\.vscode\extensions\redhat.java-1.36.0-win32-x64\jre\17.0.13-win32-x86_64\bin\zip.dll
Event: 0.567 Loaded shared library C:\Users\Admin\.vscode\extensions\redhat.java-1.36.0-win32-x64\jre\17.0.13-win32-x86_64\bin\jimage.dll
Event: 0.866 Loaded shared library c:\Users\Admin\.vscode\extensions\redhat.java-1.36.0-win32-x64\jre\17.0.13-win32-x86_64\bin\verify.dll
Event: 3.545 Loaded shared library C:\Users\Admin\AppData\Roaming\Code\User\globalStorage\redhat.java\1.36.0\config_win\org.eclipse.equinox.launcher\org.eclipse.equinox.launcher.win32.win32.x86_64_1.2.1100.v20240722-2106\eclipse_11904.dll
Event: 7.518 Loaded shared library C:\Windows\Temp\jna-63116079\jna6290136331188853985.dll

Deoptimization events (20 events):
Event: 37.299 Thread 0x0000022da6200700 Uncommon trap: trap_request=0xffffffbe fr.pc=0x0000022d91185998 relative=0x0000000000000178
Event: 37.299 Thread 0x0000022da6200700 Uncommon trap: reason=profile_predicate action=maybe_recompile pc=0x0000022d91185998 method=java.util.HashMap.keysToArray([Ljava/lang/Object;)[Ljava/lang/Object; @ 36 c2
Event: 37.299 Thread 0x0000022da6200700 DEOPT PACKING pc=0x0000022d91185998 sp=0x0000003b836fe430
Event: 37.299 Thread 0x0000022da6200700 DEOPT UNPACKING pc=0x0000022d905a9ea3 sp=0x0000003b836fe3b0 mode 2
Event: 37.300 Thread 0x0000022da6200700 Uncommon trap: trap_request=0xffffffbe fr.pc=0x0000022d91185998 relative=0x0000000000000178
Event: 37.300 Thread 0x0000022da6200700 Uncommon trap: reason=profile_predicate action=maybe_recompile pc=0x0000022d91185998 method=java.util.HashMap.keysToArray([Ljava/lang/Object;)[Ljava/lang/Object; @ 36 c2
Event: 37.300 Thread 0x0000022da6200700 DEOPT PACKING pc=0x0000022d91185998 sp=0x0000003b836fe430
Event: 37.300 Thread 0x0000022da6200700 DEOPT UNPACKING pc=0x0000022d905a9ea3 sp=0x0000003b836fe3b0 mode 2
Event: 37.344 Thread 0x0000022da61fe8a0 Uncommon trap: trap_request=0xffffff45 fr.pc=0x0000022d9111ee68 relative=0x0000000000001ae8
Event: 37.344 Thread 0x0000022da61fe8a0 Uncommon trap: reason=unstable_if action=reinterpret pc=0x0000022d9111ee68 method=org.codehaus.plexus.interpolation.util.StringUtils.capitalizeFirstLetter(Ljava/lang/String;)Ljava/lang/String; @ 13 c2
Event: 37.344 Thread 0x0000022da61fe8a0 DEOPT PACKING pc=0x0000022d9111ee68 sp=0x0000003b835fdec0
Event: 37.344 Thread 0x0000022da61fe8a0 DEOPT UNPACKING pc=0x0000022d905a9ea3 sp=0x0000003b835fde28 mode 2
Event: 37.347 Thread 0x0000022da6202f80 Uncommon trap: trap_request=0xffffffde fr.pc=0x0000022d910d85a0 relative=0x0000000000000f60
Event: 37.347 Thread 0x0000022da6202f80 Uncommon trap: reason=class_check action=maybe_recompile pc=0x0000022d910d85a0 method=java.util.concurrent.ConcurrentHashMap.putVal(Ljava/lang/Object;Ljava/lang/Object;Z)Ljava/lang/Object; @ 242 c2
Event: 37.347 Thread 0x0000022da6202f80 DEOPT PACKING pc=0x0000022d910d85a0 sp=0x0000003b838fe260
Event: 37.347 Thread 0x0000022da6202f80 DEOPT UNPACKING pc=0x0000022d905a9ea3 sp=0x0000003b838fe1d0 mode 2
Event: 37.414 Thread 0x0000022da6201630 Uncommon trap: trap_request=0xffffff76 fr.pc=0x0000022d91188e78 relative=0x0000000000000158
Event: 37.414 Thread 0x0000022da6201630 Uncommon trap: reason=predicate action=maybe_recompile pc=0x0000022d91188e78 method=java.util.HashMap.keysToArray([Ljava/lang/Object;)[Ljava/lang/Object; @ 48 c2
Event: 37.414 Thread 0x0000022da6201630 DEOPT PACKING pc=0x0000022d91188e78 sp=0x0000003b837fdfe0
Event: 37.414 Thread 0x0000022da6201630 DEOPT UNPACKING pc=0x0000022d905a9ea3 sp=0x0000003b837fdf58 mode 2

Classes loaded (20 events):
Event: 33.716 Loading class sun/nio/cs/ISO_8859_1$Encoder
Event: 33.716 Loading class sun/nio/cs/ISO_8859_1$Encoder done
Event: 33.716 Loading class sun/nio/cs/Surrogate$Parser
Event: 33.716 Loading class sun/nio/cs/Surrogate$Parser done
Event: 33.716 Loading class sun/nio/cs/Surrogate
Event: 33.716 Loading class sun/nio/cs/Surrogate done
Event: 34.083 Loading class sun/nio/cs/ISO_8859_1$Decoder
Event: 34.083 Loading class sun/nio/cs/ISO_8859_1$Decoder done
Event: 36.145 Loading class java/util/stream/DistinctOps
Event: 36.146 Loading class java/util/stream/DistinctOps done
Event: 36.146 Loading class java/util/stream/DistinctOps$1
Event: 36.146 Loading class java/util/stream/DistinctOps$1 done
Event: 36.149 Loading class java/util/stream/DistinctOps$1$2
Event: 36.149 Loading class java/util/stream/DistinctOps$1$2 done
Event: 36.633 Loading class java/util/LinkedList$LLSpliterator
Event: 36.633 Loading class java/util/LinkedList$LLSpliterator done
Event: 37.106 Loading class java/util/AbstractList$RandomAccessSpliterator
Event: 37.106 Loading class java/util/AbstractList$RandomAccessSpliterator done
Event: 37.277 Loading class java/util/concurrent/locks/ReentrantReadWriteLock$Sync$HoldCounter
Event: 37.277 Loading class java/util/concurrent/locks/ReentrantReadWriteLock$Sync$HoldCounter done

Classes unloaded (7 events):
Event: 10.728 Thread 0x0000022d84c58450 Unloading class 0x0000000100252000 'java/lang/invoke/LambdaForm$MH+0x0000000100252000'
Event: 10.728 Thread 0x0000022d84c58450 Unloading class 0x0000000100251c00 'java/lang/invoke/LambdaForm$MH+0x0000000100251c00'
Event: 10.728 Thread 0x0000022d84c58450 Unloading class 0x0000000100251800 'java/lang/invoke/LambdaForm$MH+0x0000000100251800'
Event: 10.728 Thread 0x0000022d84c58450 Unloading class 0x0000000100251400 'java/lang/invoke/LambdaForm$MH+0x0000000100251400'
Event: 10.728 Thread 0x0000022d84c58450 Unloading class 0x0000000100251000 'java/lang/invoke/LambdaForm$BMH+0x0000000100251000'
Event: 10.728 Thread 0x0000022d84c58450 Unloading class 0x0000000100250c00 'java/lang/invoke/LambdaForm$DMH+0x0000000100250c00'
Event: 10.728 Thread 0x0000022d84c58450 Unloading class 0x000000010024c400 'java/lang/invoke/LambdaForm$DMH+0x000000010024c400'

Classes redefined (0 events):
No events

Internal exceptions (20 events):
Event: 27.145 Thread 0x0000022d9fdddd60 Exception <a 'sun/nio/fs/WindowsException'{0x00000000eb199110}> (0x00000000eb199110) 
thrown [s\src\hotspot\share\prims\jni.cpp, line 516]
Event: 30.277 Thread 0x0000022da1d25460 Exception <a 'java/lang/NoSuchMethodError'{0x00000000eab3e2e8}: 'void java.lang.invoke.DirectMethodHandle$Holder.invokeStaticInit(java.lang.Object, java.lang.Object, java.lang.Object, java.lang.Object)'> (0x00000000eab3e2e8) 
thrown [s\src\hotspot\share\interpreter\linkResolver.cpp, line 759]
Event: 30.363 Thread 0x0000022d9fddf6b0 Exception <a 'java/io/FileNotFoundException'{0x00000000eae3fe80}> (0x00000000eae3fe80) 
thrown [s\src\hotspot\share\prims\jni.cpp, line 516]
Event: 32.328 Thread 0x0000022d9fdddd60 Implicit null exception at 0x0000022d910a5aaf to 0x0000022d910a6e08
Event: 32.437 Thread 0x0000022d9fdddd60 Exception <a 'java/lang/NoSuchMethodError'{0x00000000eabbb6d0}: 'void java.lang.invoke.DirectMethodHandle$Holder.invokeInterface(java.lang.Object, java.lang.Object)'> (0x00000000eabbb6d0) 
thrown [s\src\hotspot\share\interpreter\linkResolver.cpp, line 759]
Event: 32.552 Thread 0x0000022da61fe8a0 Exception <a 'java/lang/NoSuchMethodError'{0x00000000eab6c850}: 'java.lang.Object java.lang.invoke.Invokers$Holder.linkToTargetMethod(java.lang.Object, java.lang.Object, java.lang.Object, java.lang.Object, java.lang.Object, java.lang.Object, java.lang.Object)'> (0x00000000eab6c850) 
thrown [s\src\hotspot\share\interpreter\linkResolver.cpp, line 759]
Event: 32.969 Thread 0x0000022da6201630 Implicit null exception at 0x0000022d910a40ee to 0x0000022d910a47b8
Event: 33.240 Thread 0x0000022da12dea00 Implicit null exception at 0x0000022d90bcee0e to 0x0000022d90bcf298
Event: 35.030 Thread 0x0000022d9fdddd60 Implicit null exception at 0x0000022d910e591c to 0x0000022d910e5c54
Event: 35.030 Thread 0x0000022d9fdddd60 Implicit null exception at 0x0000022d910e4d21 to 0x0000022d910e504c
Event: 36.155 Thread 0x0000022d9fdddd60 Exception <a 'java/lang/NoSuchMethodError'{0x00000000eab09670}: 'java.lang.Object java.lang.invoke.DirectMethodHandle$Holder.newInvokeSpecial(java.lang.Object, java.lang.Object, int, java.lang.Object, java.lang.Object)'> (0x00000000eab09670) 
thrown [s\src\hotspot\share\interpreter\linkResolver.cpp, line 759]
Event: 36.179 Thread 0x0000022d9fdddd60 Exception <a 'java/lang/NoSuchMethodError'{0x00000000eabec5d0}: 'java.lang.Object java.lang.invoke.DirectMethodHandle$Holder.invokeSpecial(java.lang.Object, java.lang.Object, java.lang.Object, int, java.lang.Object, java.lang.Object, java.lang.Object)'> (0x00000000eabec5d0) 
thrown [s\src\hotspot\share\interpreter\linkResolver.cpp, line 759]
Event: 36.317 Thread 0x0000022d9fdddd60 Exception <a 'java/lang/NoSuchMethodError'{0x00000000eab49558}: 'java.lang.Object java.lang.invoke.DirectMethodHandle$Holder.invokeStatic(java.lang.Object, java.lang.Object, int, java.lang.Object, java.lang.Object)'> (0x00000000eab49558) 
thrown [s\src\hotspot\share\interpreter\linkResolver.cpp, line 759]
Event: 36.317 Thread 0x0000022d9fdddd60 Exception <a 'java/lang/NoSuchMethodError'{0x00000000eab51450}: 'java.lang.Object java.lang.invoke.DirectMethodHandle$Holder.newInvokeSpecial(java.lang.Object, java.lang.Object, int)'> (0x00000000eab51450) 
thrown [s\src\hotspot\share\interpreter\linkResolver.cpp, line 759]
Event: 36.384 Thread 0x0000022d9fdddd60 Exception <a 'java/lang/NoSuchMethodError'{0x00000000eab03fa8}: 'void java.lang.invoke.DirectMethodHandle$Holder.invokeStatic(java.lang.Object, int)'> (0x00000000eab03fa8) 
thrown [s\src\hotspot\share\interpreter\linkResolver.cpp, line 759]
Event: 37.059 Thread 0x0000022d9fdddd60 Exception <a 'java/io/FileNotFoundException'{0x00000000eac52b30}> (0x00000000eac52b30) 
thrown [s\src\hotspot\share\prims\jni.cpp, line 516]
Event: 37.061 Thread 0x0000022d9fdddd60 Exception <a 'java/io/FileNotFoundException'{0x00000000eac53db8}> (0x00000000eac53db8) 
thrown [s\src\hotspot\share\prims\jni.cpp, line 516]
Event: 37.064 Thread 0x0000022d9fdddd60 Exception <a 'java/io/FileNotFoundException'{0x00000000eac54fe8}> (0x00000000eac54fe8) 
thrown [s\src\hotspot\share\prims\jni.cpp, line 516]
Event: 37.104 Thread 0x0000022d9fdddd60 Exception <a 'java/lang/NoSuchMethodError'{0x00000000eab34890}: 'int java.lang.invoke.DirectMethodHandle$Holder.invokeSpecialIFC(java.lang.Object, java.lang.Object, java.lang.Object, java.lang.Object)'> (0x00000000eab34890) 
thrown [s\src\hotspot\share\interpreter\linkResolver.cpp, line 759]
Event: 37.108 Thread 0x0000022d9fdddd60 Exception <a 'java/lang/NoSuchMethodError'{0x00000000eab4a780}: 'int java.lang.invoke.DirectMethodHandle$Holder.invokeStatic(java.lang.Object, java.lang.Object, java.lang.Object, java.lang.Object, java.lang.Object, java.lang.Object)'> (0x00000000eab4a780) 
thrown [s\src\hotspot\share\interpreter\linkResolver.cpp, line 759]

VM Operations (20 events):
Event: 36.656 Executing VM operation: ParallelGCFailedAllocation
Event: 36.660 Executing VM operation: ParallelGCFailedAllocation done
Event: 36.670 Executing VM operation: ParallelGCFailedAllocation
Event: 36.673 Executing VM operation: ParallelGCFailedAllocation done
Event: 36.702 Executing VM operation: ParallelGCFailedAllocation
Event: 36.722 Executing VM operation: ParallelGCFailedAllocation done
Event: 37.004 Executing VM operation: ParallelGCFailedAllocation
Event: 37.006 Executing VM operation: ParallelGCFailedAllocation done
Event: 37.073 Executing VM operation: ParallelGCFailedAllocation
Event: 37.093 Executing VM operation: ParallelGCFailedAllocation done
Event: 37.147 Executing VM operation: ParallelGCFailedAllocation
Event: 37.168 Executing VM operation: ParallelGCFailedAllocation done
Event: 37.214 Executing VM operation: ParallelGCFailedAllocation
Event: 37.230 Executing VM operation: ParallelGCFailedAllocation done
Event: 37.281 Executing VM operation: ParallelGCFailedAllocation
Event: 37.282 Executing VM operation: ParallelGCFailedAllocation done
Event: 37.300 Executing VM operation: ParallelGCFailedAllocation
Event: 37.305 Executing VM operation: ParallelGCFailedAllocation done
Event: 37.348 Executing VM operation: ParallelGCFailedAllocation
Event: 37.383 Executing VM operation: ParallelGCFailedAllocation done

Memory protections (0 events):
No events

Nmethod flushes (20 events):
Event: 26.885 Thread 0x0000022d9fc21420 flushing  nmethod 0x0000022d89d5ba10
Event: 26.885 Thread 0x0000022d9fc21420 flushing  nmethod 0x0000022d89dbd310
Event: 26.885 Thread 0x0000022d9fc21420 flushing  nmethod 0x0000022d89dcd310
Event: 26.885 Thread 0x0000022d9fc21420 flushing  nmethod 0x0000022d89dd1490
Event: 26.885 Thread 0x0000022d9fc21420 flushing  nmethod 0x0000022d89df9490
Event: 26.885 Thread 0x0000022d9fc21420 flushing  nmethod 0x0000022d89df9d10
Event: 26.885 Thread 0x0000022d9fc21420 flushing  nmethod 0x0000022d89dfa590
Event: 26.885 Thread 0x0000022d9fc21420 flushing  nmethod 0x0000022d89e08390
Event: 26.885 Thread 0x0000022d9fc21420 flushing  nmethod 0x0000022d89e13a90
Event: 26.885 Thread 0x0000022d9fc21420 flushing  nmethod 0x0000022d89e3d410
Event: 26.886 Thread 0x0000022d9fc21420 flushing  nmethod 0x0000022d89e46a10
Event: 26.886 Thread 0x0000022d9fc21420 flushing  nmethod 0x0000022d89e47c10
Event: 26.886 Thread 0x0000022d9fc21420 flushing  nmethod 0x0000022d89e4fc10
Event: 26.886 Thread 0x0000022d9fc21420 flushing  nmethod 0x0000022d89e52690
Event: 26.886 Thread 0x0000022d9fc21420 flushing  nmethod 0x0000022d89e5db10
Event: 26.886 Thread 0x0000022d9fc21420 flushing  nmethod 0x0000022d89e7ae10
Event: 26.886 Thread 0x0000022d9fc21420 flushing  nmethod 0x0000022d89ef5b10
Event: 26.886 Thread 0x0000022d9fc21420 flushing  nmethod 0x0000022d89f3a910
Event: 26.886 Thread 0x0000022d9fc21420 flushing  nmethod 0x0000022d89f3af90
Event: 34.693 Thread 0x0000022d9fc21420 flushing  nmethod 0x0000022d897d8590

Events (20 events):
Event: 32.540 Thread 0x0000022d9fdddd60 Thread added: 0x0000022da6201630
Event: 32.541 Thread 0x0000022d9fdddd60 Thread added: 0x0000022da6203eb0
Event: 32.541 Thread 0x0000022d9fdddd60 Thread added: 0x0000022da6202f80
Event: 32.549 Thread 0x0000022d9fdddd60 Thread added: 0x0000022da6203490
Event: 34.767 Thread 0x0000022da5d1e9d0 Thread exited: 0x0000022da5d1e9d0
Event: 34.953 Thread 0x0000022da6203eb0 Thread exited: 0x0000022da6203eb0
Event: 34.954 Thread 0x0000022da6202f80 Thread exited: 0x0000022da6202f80
Event: 34.955 Thread 0x0000022da6201630 Thread exited: 0x0000022da6201630
Event: 34.956 Thread 0x0000022da61fe8a0 Thread exited: 0x0000022da61fe8a0
Event: 34.956 Thread 0x0000022da6203490 Thread exited: 0x0000022da6203490
Event: 35.034 Thread 0x0000022d9fc19c30 Thread added: 0x0000022da5d1d9e0
Event: 35.468 Thread 0x0000022da5d1d9e0 Thread exited: 0x0000022da5d1d9e0
Event: 36.166 Thread 0x0000022d9fc19c30 Thread added: 0x0000022da5d1ef20
Event: 36.310 Thread 0x0000022da5d1ef20 Thread exited: 0x0000022da5d1ef20
Event: 36.427 Thread 0x0000022d9fc19c30 Thread added: 0x0000022da5d1e480
Event: 37.208 Thread 0x0000022d9fdddd60 Thread added: 0x0000022da6205800
Event: 37.208 Thread 0x0000022d9fdddd60 Thread added: 0x0000022da61fe8a0
Event: 37.208 Thread 0x0000022d9fdddd60 Thread added: 0x0000022da6200700
Event: 37.208 Thread 0x0000022d9fdddd60 Thread added: 0x0000022da6201630
Event: 37.208 Thread 0x0000022d9fdddd60 Thread added: 0x0000022da6202f80


Dynamic libraries:
0x00007ff66b700000 - 0x00007ff66b70e000 	c:\Users\Admin\.vscode\extensions\redhat.java-1.36.0-win32-x64\jre\17.0.13-win32-x86_64\bin\java.exe
0x00007ffe0c470000 - 0x00007ffe0c668000 	C:\WINDOWS\SYSTEM32\ntdll.dll
0x00007ffe0a490000 - 0x00007ffe0a552000 	C:\WINDOWS\System32\KERNEL32.DLL
0x00007ffe09e10000 - 0x00007ffe0a10e000 	C:\WINDOWS\System32\KERNELBASE.dll
0x00007ffe0a2f0000 - 0x00007ffe0a3f0000 	C:\WINDOWS\System32\ucrtbase.dll
0x00007ffddcc70000 - 0x00007ffddcc87000 	c:\Users\Admin\.vscode\extensions\redhat.java-1.36.0-win32-x64\jre\17.0.13-win32-x86_64\bin\jli.dll
0x00007ffdcea70000 - 0x00007ffdcea8e000 	c:\Users\Admin\.vscode\extensions\redhat.java-1.36.0-win32-x64\jre\17.0.13-win32-x86_64\bin\VCRUNTIME140.dll
0x00007ffe0a560000 - 0x00007ffe0a6fd000 	C:\WINDOWS\System32\USER32.dll
0x00007ffddcfa0000 - 0x00007ffddd23a000 	C:\WINDOWS\WinSxS\amd64_microsoft.windows.common-controls_6595b64144ccf1df_6.0.19041.4355_none_60b8b9eb71f62e16\COMCTL32.dll
0x00007ffe0b3d0000 - 0x00007ffe0b46e000 	C:\WINDOWS\System32\msvcrt.dll
0x00007ffe09cc0000 - 0x00007ffe09ce2000 	C:\WINDOWS\System32\win32u.dll
0x00007ffe0bf00000 - 0x00007ffe0bf2b000 	C:\WINDOWS\System32\GDI32.dll
0x00007ffe09b10000 - 0x00007ffe09c27000 	C:\WINDOWS\System32\gdi32full.dll
0x00007ffe0a3f0000 - 0x00007ffe0a48d000 	C:\WINDOWS\System32\msvcp_win.dll
0x00007ffe0c010000 - 0x00007ffe0c03f000 	C:\WINDOWS\System32\IMM32.DLL
0x00007ffe00150000 - 0x00007ffe0015c000 	c:\Users\Admin\.vscode\extensions\redhat.java-1.36.0-win32-x64\jre\17.0.13-win32-x86_64\bin\vcruntime140_1.dll
0x00007ffdb8a20000 - 0x00007ffdb8aad000 	c:\Users\Admin\.vscode\extensions\redhat.java-1.36.0-win32-x64\jre\17.0.13-win32-x86_64\bin\msvcp140.dll
0x00007ffd1e870000 - 0x00007ffd1f4db000 	c:\Users\Admin\.vscode\extensions\redhat.java-1.36.0-win32-x64\jre\17.0.13-win32-x86_64\bin\server\jvm.dll
0x00007ffe0c1e0000 - 0x00007ffe0c292000 	C:\WINDOWS\System32\ADVAPI32.dll
0x00007ffe0c390000 - 0x00007ffe0c430000 	C:\WINDOWS\System32\sechost.dll
0x00007ffe0b2a0000 - 0x00007ffe0b3c3000 	C:\WINDOWS\System32\RPCRT4.dll
0x00007ffe0a160000 - 0x00007ffe0a187000 	C:\WINDOWS\System32\bcrypt.dll
0x00007ffe0b520000 - 0x00007ffe0b58b000 	C:\WINDOWS\System32\WS2_32.dll
0x00007ffe09050000 - 0x00007ffe0909b000 	C:\WINDOWS\SYSTEM32\POWRPROF.dll
0x00007ffe07f80000 - 0x00007ffe07fa7000 	C:\WINDOWS\SYSTEM32\WINMM.dll
0x00007ffdfafa0000 - 0x00007ffdfafaa000 	C:\WINDOWS\SYSTEM32\VERSION.dll
0x00007ffe08f10000 - 0x00007ffe08f22000 	C:\WINDOWS\SYSTEM32\UMPDC.dll
0x00007ffe08360000 - 0x00007ffe08372000 	C:\WINDOWS\SYSTEM32\kernel.appcore.dll
0x00007ffdd1780000 - 0x00007ffdd178a000 	c:\Users\Admin\.vscode\extensions\redhat.java-1.36.0-win32-x64\jre\17.0.13-win32-x86_64\bin\jimage.dll
0x00007ffe07d90000 - 0x00007ffe07f74000 	C:\WINDOWS\SYSTEM32\DBGHELP.DLL
0x00007ffe07fb0000 - 0x00007ffe07fe4000 	C:\WINDOWS\SYSTEM32\dbgcore.DLL
0x00007ffe09c30000 - 0x00007ffe09cb2000 	C:\WINDOWS\System32\bcryptPrimitives.dll
0x00007ffdca6f0000 - 0x00007ffdca6fe000 	c:\Users\Admin\.vscode\extensions\redhat.java-1.36.0-win32-x64\jre\17.0.13-win32-x86_64\bin\instrument.dll
0x00007ffdca6c0000 - 0x00007ffdca6e5000 	c:\Users\Admin\.vscode\extensions\redhat.java-1.36.0-win32-x64\jre\17.0.13-win32-x86_64\bin\java.dll
0x00007ffdca6a0000 - 0x00007ffdca6b8000 	c:\Users\Admin\.vscode\extensions\redhat.java-1.36.0-win32-x64\jre\17.0.13-win32-x86_64\bin\zip.dll
0x00007ffe0b590000 - 0x00007ffe0bcff000 	C:\WINDOWS\System32\SHELL32.dll
0x00007ffe07510000 - 0x00007ffe07cb4000 	C:\WINDOWS\SYSTEM32\windows.storage.dll
0x00007ffe0af30000 - 0x00007ffe0b283000 	C:\WINDOWS\System32\combase.dll
0x00007ffe09540000 - 0x00007ffe0956e000 	C:\WINDOWS\SYSTEM32\Wldp.dll
0x00007ffe0ab70000 - 0x00007ffe0ac3d000 	C:\WINDOWS\System32\OLEAUT32.dll
0x00007ffe0b470000 - 0x00007ffe0b51d000 	C:\WINDOWS\System32\SHCORE.dll
0x00007ffe0c2a0000 - 0x00007ffe0c2f5000 	C:\WINDOWS\System32\shlwapi.dll
0x00007ffe09a40000 - 0x00007ffe09a64000 	C:\WINDOWS\SYSTEM32\profapi.dll
0x00007ffdc3210000 - 0x00007ffdc3229000 	C:\Users\Admin\.vscode\extensions\redhat.java-1.36.0-win32-x64\jre\17.0.13-win32-x86_64\bin\net.dll
0x00007ffe06170000 - 0x00007ffe0627d000 	C:\WINDOWS\SYSTEM32\WINHTTP.dll
0x00007ffe092a0000 - 0x00007ffe0930a000 	C:\WINDOWS\system32\mswsock.dll
0x00007ffdc31f0000 - 0x00007ffdc3206000 	C:\Users\Admin\.vscode\extensions\redhat.java-1.36.0-win32-x64\jre\17.0.13-win32-x86_64\bin\nio.dll
0x00007ffdca640000 - 0x00007ffdca650000 	c:\Users\Admin\.vscode\extensions\redhat.java-1.36.0-win32-x64\jre\17.0.13-win32-x86_64\bin\verify.dll
0x00007ffdbe1d0000 - 0x00007ffdbe215000 	C:\Users\Admin\AppData\Roaming\Code\User\globalStorage\redhat.java\1.36.0\config_win\org.eclipse.equinox.launcher\org.eclipse.equinox.launcher.win32.win32.x86_64_1.2.1100.v20240722-2106\eclipse_11904.dll
0x00007ffe0ac40000 - 0x00007ffe0ad6b000 	C:\WINDOWS\System32\ole32.dll
0x00007ffe09490000 - 0x00007ffe094a8000 	C:\WINDOWS\SYSTEM32\CRYPTSP.dll
0x00007ffe08b50000 - 0x00007ffe08b84000 	C:\WINDOWS\system32\rsaenh.dll
0x00007ffe09a00000 - 0x00007ffe09a2e000 	C:\WINDOWS\SYSTEM32\USERENV.dll
0x00007ffe094b0000 - 0x00007ffe094bc000 	C:\WINDOWS\SYSTEM32\CRYPTBASE.dll
0x00007ffe08f30000 - 0x00007ffe08f6b000 	C:\WINDOWS\SYSTEM32\IPHLPAPI.DLL
0x00007ffe0b290000 - 0x00007ffe0b298000 	C:\WINDOWS\System32\NSI.dll
0x00007ffe014a0000 - 0x00007ffe014b7000 	C:\WINDOWS\SYSTEM32\dhcpcsvc6.DLL
0x00007ffe015f0000 - 0x00007ffe0160d000 	C:\WINDOWS\SYSTEM32\dhcpcsvc.DLL
0x00007ffe08f80000 - 0x00007ffe0904a000 	C:\WINDOWS\SYSTEM32\DNSAPI.dll
0x00007ffd28d00000 - 0x00007ffd28d49000 	C:\Windows\Temp\jna-63116079\jna6290136331188853985.dll
0x00007ffe0c380000 - 0x00007ffe0c388000 	C:\WINDOWS\System32\PSAPI.DLL

dbghelp: loaded successfully - version: 4.0.5 - missing functions: none
symbol engine: initialized successfully - sym options: 0x614 - pdb path: .;c:\Users\Admin\.vscode\extensions\redhat.java-1.36.0-win32-x64\jre\17.0.13-win32-x86_64\bin;C:\WINDOWS\SYSTEM32;C:\WINDOWS\WinSxS\amd64_microsoft.windows.common-controls_6595b64144ccf1df_6.0.19041.4355_none_60b8b9eb71f62e16;c:\Users\Admin\.vscode\extensions\redhat.java-1.36.0-win32-x64\jre\17.0.13-win32-x86_64\bin\server;C:\Users\Admin\AppData\Roaming\Code\User\globalStorage\redhat.java\1.36.0\config_win\org.eclipse.equinox.launcher\org.eclipse.equinox.launcher.win32.win32.x86_64_1.2.1100.v20240722-2106;C:\Windows\Temp\jna-63116079

VM Arguments:
jvm_args: --add-modules=ALL-SYSTEM --add-opens=java.base/java.util=ALL-UNNAMED --add-opens=java.base/java.lang=ALL-UNNAMED --add-opens=java.base/sun.nio.fs=ALL-UNNAMED -Declipse.application=org.eclipse.jdt.ls.core.id1 -Dosgi.bundles.defaultStartLevel=4 -Declipse.product=org.eclipse.jdt.ls.core.product -Djava.import.generatesMetadataFilesAtProjectRoot=false -DDetectVMInstallationsJob.disabled=true -Dfile.encoding=utf8 -XX:+UseParallelGC -XX:GCTimeRatio=4 -XX:AdaptiveSizePolicyWeight=90 -Dsun.zip.disableMemoryMapping=true -Xmx1G -Xms100m -Xlog:disable -javaagent:c:\Users\Admin\.vscode\extensions\redhat.java-1.36.0-win32-x64\lombok\lombok-1.18.35.jar -XX:+HeapDumpOnOutOfMemoryError -XX:HeapDumpPath=c:\Users\Admin\AppData\Roaming\Code\User\workspaceStorage\1141ed2dea09336be60d10b4a5feda28\redhat.java -Daether.dependencyCollector.impl=bf 
java_command: c:\Users\Admin\.vscode\extensions\redhat.java-1.36.0-win32-x64\server\plugins\org.eclipse.equinox.launcher_1.6.900.v20240613-2009.jar -configuration c:\Users\Admin\AppData\Roaming\Code\User\globalStorage\redhat.java\1.36.0\config_win -data c:\Users\Admin\AppData\Roaming\Code\User\workspaceStorage\1141ed2dea09336be60d10b4a5feda28\redhat.java\jdt_ws --pipe=\\.\pipe\lsp-4b3541ff786ff1cdf212803d1c99028a-sock
java_class_path (initial): c:\Users\Admin\.vscode\extensions\redhat.java-1.36.0-win32-x64\server\plugins\org.eclipse.equinox.launcher_1.6.900.v20240613-2009.jar
Launcher Type: SUN_STANDARD

[Global flags]
    uintx AdaptiveSizePolicyWeight                 = 90                                        {product} {command line}
     intx CICompilerCount                          = 4                                         {product} {ergonomic}
    uintx GCTimeRatio                              = 4                                         {product} {command line}
     bool HeapDumpOnOutOfMemoryError               = true                                   {manageable} {command line}
    ccstr HeapDumpPath                             = c:\Users\Admin\AppData\Roaming\Code\User\workspaceStorage\1141ed2dea09336be60d10b4a5feda28\redhat.java         {manageable} {command line}
   size_t InitialHeapSize                          = 104857600                                 {product} {command line}
   size_t MaxHeapSize                              = 1073741824                                {product} {command line}
   size_t MaxNewSize                               = 357564416                                 {product} {ergonomic}
   size_t MinHeapDeltaBytes                        = 524288                                    {product} {ergonomic}
   size_t MinHeapSize                              = 104857600                                 {product} {command line}
   size_t NewSize                                  = 34603008                                  {product} {ergonomic}
    uintx NonNMethodCodeHeapSize                   = 5839372                                {pd product} {ergonomic}
    uintx NonProfiledCodeHeapSize                  = 122909434                              {pd product} {ergonomic}
   size_t OldSize                                  = 70254592                                  {product} {ergonomic}
    uintx ProfiledCodeHeapSize                     = 122909434                              {pd product} {ergonomic}
    uintx ReservedCodeCacheSize                    = 251658240                              {pd product} {ergonomic}
     bool SegmentedCodeCache                       = true                                      {product} {ergonomic}
   size_t SoftMaxHeapSize                          = 1073741824                             {manageable} {ergonomic}
     bool UseCompressedClassPointers               = true                           {product lp64_product} {ergonomic}
     bool UseCompressedOops                        = true                           {product lp64_product} {ergonomic}
     bool UseLargePagesIndividualAllocation        = false                                  {pd product} {ergonomic}
     bool UseParallelGC                            = true                                      {product} {command line}

Logging:
Log output configuration:
 #0: stdout all=off uptime,level,tags
 #1: stderr all=off uptime,level,tags

Environment Variables:
JAVA_HOME=D:\dowload\jdk-17.0.13_windows-x64_bin\jdk-17.0.13
PATH=C:\Program Files\Common Files\Oracle\Java\javapath;D:\NTASPORT\dbhomeXE\bin;D:\app\client\Admin\product\12.2.0\client_2\bin;C:\Program Files (x86)\Common Files\Oracle\Java\javapath;C:\WINDOWS\system32;C:\WINDOWS;C:\WINDOWS\System32\Wbem;C:\WINDOWS\System32\WindowsPowerShell\v1.0\;C:\WINDOWS\System32\OpenSSH\;C:\Program Files (x86)\Microsoft SQL Server\160\Tools\Binn\;C:\Program Files\Microsoft SQL Server\160\Tools\Binn\;C:\Program Files\Microsoft SQL Server\Client SDK\ODBC\170\Tools\Binn\;C:\Program Files\Microsoft SQL Server\160\DTS\Binn\;C:\Program Files (x86)\Microsoft SQL Server\160\DTS\Binn\;C:\Program Files\Azure Data Studio\bin;C:\Program Files\NVIDIA Corporation\NVIDIA NvDLISR;C:\Program Files\Microsoft SQL Server\150\Tools\Binn\;C:\Program Files\dotnet\;C:\Program Files\Git\cmd;C:\Program Files\Microsoft\Web Platform Installer\;C:\Program Files\nodejs\;C:\Users\Admin\Downloads\php-8.3.2-nts-Win32-vs16-x64;C:\xampp\htdocs\bai1;C:\Program Files\MySQL\MySQL Server 8.3\bin;C:\xampp\php;C:\ProgramData\ComposerSetup\bin;C:\apache-maven-3.9.7\bin;D:\dowload\jdk-17.0.13_windows-x64_bin\jdk-17.0.13\bin;C:\Program Files\Java\jre1.8.0_202\bin;C:\Users\Admin\AppData\Local\Programs\Python\Python313\Scripts\;C:\Users\Admin\AppData\Local\Programs\Python\Python313\;C:\Users\Admin\AppData\Local\Programs\Python\Launcher\;C:\Users\Admin\AppData\Local\Microsoft\WindowsApps;C:\Users\Admin\AppData\Local\Programs\Microsoft VS Code\bin;C:\Program Files\Azure Data Studio\bin;C:\Users\Admin\.dotnet\tools;C:\Users\Admin\Documents\Zalo Received Files\php-8.2.12-Win32-vs16-x64;C:\Users\Admin\AppData\Roaming\npm;C:\Users\Admin\AppData\Roaming\Composer\vendor\bin;C:\apache-maven-3.9.7\bin;
USERNAME=Admin
OS=Windows_NT
PROCESSOR_IDENTIFIER=Intel64 Family 6 Model 140 Stepping 1, GenuineIntel
TMP=C:\WINDOWS\TEMP
TEMP=C:\Users\Admin\AppData\Local\Temp



Periodic native trim disabled


---------------  S Y S T E M  ---------------

OS:
 Windows 10 , 64 bit Build 19041 (10.0.19041.4957)
OS uptime: 4 days 22:13 hours

CPU: total 8 (initial active 8) (4 cores per cpu, 2 threads per core) family 6 model 140 stepping 1 microcode 0x86, cx8, cmov, fxsr, ht, mmx, 3dnowpref, sse, sse2, sse3, ssse3, sse4.1, sse4.2, popcnt, lzcnt, tsc, tscinvbit, avx, avx2, aes, erms, clmul, bmi1, bmi2, adx, avx512f, avx512dq, avx512cd, avx512bw, avx512vl, sha, fma, vzeroupper, avx512_vpopcntdq, avx512_vpclmulqdq, avx512_vaes, avx512_vnni, clflush, clflushopt, clwb, avx512_vbmi2, avx512_vbmi
Processor Information for all 8 processors :
  Max Mhz: 2419, Current Mhz: 2419, Mhz Limit: 2419

Memory: 4k page, system-wide physical 7975M (363M free)
TotalPageFile size 20965M (AvailPageFile size 0M)
current process WorkingSet (physical memory assigned to process): 396M, peak: 408M
current process commit charge ("private bytes"): 409M, peak: 411M

vm_info: OpenJDK 64-Bit Server VM (17.0.13+11) for windows-amd64 JRE (17.0.13+11), built on Oct 16 2024 00:10:08 by "admin" with MS VC++ 17.7 (VS2022)

END.
