#
# There is insufficient memory for the Java Runtime Environment to continue.
# Native memory allocation (malloc) failed to allocate 32744 bytes. Error detail: ChunkPool::allocate
# Possible reasons:
#   The system is out of physical RAM or swap space
#   This process is running with CompressedOops enabled, and the Java Heap may be blocking the growth of the native heap
# Possible solutions:
#   Reduce memory load on the system
#   Increase physical memory or swap space
#   Check if swap backing store is full
#   Decrease Java heap size (-Xmx/-Xms)
#   Decrease number of Java threads
#   Decrease Java thread stack sizes (-Xss)
#   Set larger code cache with -XX:ReservedCodeCacheSize=
#   JVM is running with Unscaled Compressed Oops mode in which the Java heap is
#     placed in the first 4GB address space. The Java Heap base address is the
#     maximum limit for the native heap growth. Please use -XX:HeapBaseMinAddress
#     to set the Java Heap base and to place the Java Heap above 4GB virtual address.
# This output file may be truncated or incomplete.
#
#  Out of Memory Error (arena.cpp:79), pid=18668, tid=17832
#
# JRE version: OpenJDK Runtime Environment Temurin-17.0.13+11 (17.0.13+11) (build 17.0.13+11)
# Java VM: OpenJDK 64-Bit Server VM Temurin-17.0.13+11 (17.0.13+11, mixed mode, tiered, compressed oops, compressed class ptrs, parallel gc, windows-amd64)
# No core dump will be written. Minidumps are not enabled by default on client versions of Windows
#

---------------  S U M M A R Y ------------

Command Line: --add-modules=ALL-SYSTEM --add-opens=java.base/java.util=ALL-UNNAMED --add-opens=java.base/java.lang=ALL-UNNAMED --add-opens=java.base/sun.nio.fs=ALL-UNNAMED -Declipse.application=org.eclipse.jdt.ls.core.id1 -Dosgi.bundles.defaultStartLevel=4 -Declipse.product=org.eclipse.jdt.ls.core.product -Djava.import.generatesMetadataFilesAtProjectRoot=false -DDetectVMInstallationsJob.disabled=true -Dfile.encoding=utf8 -XX:+UseParallelGC -XX:GCTimeRatio=4 -XX:AdaptiveSizePolicyWeight=90 -Dsun.zip.disableMemoryMapping=true -Xmx1G -Xms100m -Xlog:disable -javaagent:c:\Users\Admin\.vscode\extensions\redhat.java-1.36.0-win32-x64\lombok\lombok-1.18.35.jar c:\Users\Admin\.vscode\extensions\redhat.java-1.36.0-win32-x64\server\plugins\org.eclipse.equinox.launcher_1.6.900.v20240613-2009.jar -configuration c:\Users\Admin\AppData\Roaming\Code\User\globalStorage\redhat.java\1.36.0\config_ss_win -data c:\Users\Admin\AppData\Roaming\Code\User\workspaceStorage\1141ed2dea09336be60d10b4a5feda28\redhat.java\ss_ws --pipe=\\.\pipe\lsp-f45055b4478d53d776b477be915bef76-sock

Host: 11th Gen Intel(R) Core(TM) i5-1135G7 @ 2.40GHz, 8 cores, 7G,  Windows 10 , 64 bit Build 19041 (10.0.19041.4957)
Time: Mon Nov 11 10:47:50 2024 SE Asia Standard Time elapsed time: 39.494930 seconds (0d 0h 0m 39s)

---------------  T H R E A D  ---------------

Current thread (0x00000138df059010):  JavaThread "C2 CompilerThread0" daemon [_thread_in_native, id=17832, stack(0x0000000100f00000,0x0000000101000000)]


Current CompileTask:
C2:  39495 3575   !   4       org.eclipse.osgi.internal.loader.classpath.ClasspathManager::findLocalClass (210 bytes)

Stack: [0x0000000100f00000,0x0000000101000000]
Native frames: (J=compiled Java code, j=interpreted, Vv=VM code, C=native code)
V  [jvm.dll+0x682a19]
V  [jvm.dll+0x839538]
V  [jvm.dll+0x83afe3]
V  [jvm.dll+0x83b653]
V  [jvm.dll+0x24704f]
V  [jvm.dll+0xad03c]
V  [jvm.dll+0xad4cc]
V  [jvm.dll+0x11dc85]
V  [jvm.dll+0x6ac4be]
V  [jvm.dll+0x1baa56]
V  [jvm.dll+0x2181a7]
V  [jvm.dll+0x21748f]
V  [jvm.dll+0x1a3070]
V  [jvm.dll+0x22788c]
V  [jvm.dll+0x2259eb]
V  [jvm.dll+0x7eec98]
V  [jvm.dll+0x7e8ffc]
V  [jvm.dll+0x6818f7]
C  [ucrtbase.dll+0x21bb2]
C  [KERNEL32.DLL+0x17374]
C  [ntdll.dll+0x4cc91]


---------------  P R O C E S S  ---------------

Threads class SMR info:
_java_thread_list=0x00000138e1759c30, length=34, elements={
0x00000138c5e710f0, 0x00000138d9d0e960, 0x00000138c5f2a590, 0x00000138df04a1a0,
0x00000138df04ead0, 0x00000138df051c50, 0x00000138df053d70, 0x00000138df059010,
0x00000138df062ec0, 0x00000138df06f3f0, 0x00000138df1d8ec0, 0x00000138df1d7570,
0x00000138df1d9df0, 0x00000138df1da300, 0x00000138df1da810, 0x00000138df1d7a80,
0x00000138df1d7060, 0x00000138df1d93d0, 0x00000138df1d7f90, 0x00000138df1d89b0,
0x00000138e1662ab0, 0x00000138e16625a0, 0x00000138e1662fc0, 0x00000138e165edf0,
0x00000138e165e8e0, 0x00000138e1660740, 0x00000138e165f810, 0x00000138e165f300,
0x00000138e165cf90, 0x00000138e165c060, 0x00000138e165ca80, 0x00000138e165d4a0,
0x00000138e165d9b0, 0x00000138e0a30040
}

Java Threads: ( => current thread )
  0x00000138c5e710f0 JavaThread "main" [_thread_blocked, id=11380, stack(0x0000000100600000,0x0000000100700000)]
  0x00000138d9d0e960 JavaThread "Reference Handler" daemon [_thread_blocked, id=16472, stack(0x0000000100900000,0x0000000100a00000)]
  0x00000138c5f2a590 JavaThread "Finalizer" daemon [_thread_blocked, id=18984, stack(0x0000000100a00000,0x0000000100b00000)]
  0x00000138df04a1a0 JavaThread "Signal Dispatcher" daemon [_thread_blocked, id=20252, stack(0x0000000100b00000,0x0000000100c00000)]
  0x00000138df04ead0 JavaThread "Attach Listener" daemon [_thread_blocked, id=11748, stack(0x0000000100c00000,0x0000000100d00000)]
  0x00000138df051c50 JavaThread "Service Thread" daemon [_thread_blocked, id=8344, stack(0x0000000100d00000,0x0000000100e00000)]
  0x00000138df053d70 JavaThread "Monitor Deflation Thread" daemon [_thread_blocked, id=19372, stack(0x0000000100e00000,0x0000000100f00000)]
=>0x00000138df059010 JavaThread "C2 CompilerThread0" daemon [_thread_in_native, id=17832, stack(0x0000000100f00000,0x0000000101000000)]
  0x00000138df062ec0 JavaThread "C1 CompilerThread0" daemon [_thread_blocked, id=21756, stack(0x0000000101000000,0x0000000101100000)]
  0x00000138df06f3f0 JavaThread "Sweeper thread" daemon [_thread_blocked, id=17540, stack(0x0000000101100000,0x0000000101200000)]
  0x00000138df1d8ec0 JavaThread "Common-Cleaner" daemon [_thread_blocked, id=8656, stack(0x0000000101200000,0x0000000101300000)]
  0x00000138df1d7570 JavaThread "Notification Thread" daemon [_thread_blocked, id=12084, stack(0x0000000101400000,0x0000000101500000)]
  0x00000138df1d9df0 JavaThread "Active Thread: Equinox Container: c33024f9-954f-4114-b3d3-a68e0847f6bc" [_thread_blocked, id=1256, stack(0x0000000101600000,0x0000000101700000)]
  0x00000138df1da300 JavaThread "Framework Event Dispatcher: Equinox Container: c33024f9-954f-4114-b3d3-a68e0847f6bc" daemon [_thread_blocked, id=17852, stack(0x0000000101d00000,0x0000000101e00000)]
  0x00000138df1da810 JavaThread "Start Level: Equinox Container: c33024f9-954f-4114-b3d3-a68e0847f6bc" daemon [_thread_blocked, id=6608, stack(0x0000000101e00000,0x0000000101f00000)]
  0x00000138df1d7a80 JavaThread "SCR Component Actor" daemon [_thread_blocked, id=3696, stack(0x0000000101f00000,0x0000000102000000)]
  0x00000138df1d7060 JavaThread "Worker-JM" [_thread_blocked, id=17088, stack(0x0000000102100000,0x0000000102200000)]
  0x00000138df1d93d0 JavaThread "JNA Cleaner" daemon [_thread_blocked, id=8804, stack(0x0000000102200000,0x0000000102300000)]
  0x00000138df1d7f90 JavaThread "Worker-0" [_thread_blocked, id=3200, stack(0x0000000102300000,0x0000000102400000)]
  0x00000138df1d89b0 JavaThread "Worker-1" [_thread_blocked, id=736, stack(0x0000000102400000,0x0000000102500000)]
  0x00000138e1662ab0 JavaThread "Thread-2" daemon [_thread_in_native, id=15104, stack(0x0000000102500000,0x0000000102600000)]
  0x00000138e16625a0 JavaThread "Thread-3" daemon [_thread_in_native, id=15520, stack(0x0000000102600000,0x0000000102700000)]
  0x00000138e1662fc0 JavaThread "Thread-4" daemon [_thread_in_native, id=4612, stack(0x0000000102700000,0x0000000102800000)]
  0x00000138e165edf0 JavaThread "Thread-5" daemon [_thread_in_native, id=4116, stack(0x0000000102800000,0x0000000102900000)]
  0x00000138e165e8e0 JavaThread "Thread-6" daemon [_thread_in_native, id=1316, stack(0x0000000102900000,0x0000000102a00000)]
  0x00000138e1660740 JavaThread "Thread-7" daemon [_thread_in_native, id=8880, stack(0x0000000102a00000,0x0000000102b00000)]
  0x00000138e165f810 JavaThread "Thread-8" daemon [_thread_in_native, id=3680, stack(0x0000000102b00000,0x0000000102c00000)]
  0x00000138e165f300 JavaThread "Thread-9" daemon [_thread_in_native, id=13432, stack(0x0000000102c00000,0x0000000102d00000)]
  0x00000138e165cf90 JavaThread "Thread-10" daemon [_thread_in_native, id=19192, stack(0x0000000102d00000,0x0000000102e00000)]
  0x00000138e165c060 JavaThread "pool-2-thread-1" [_thread_blocked, id=16412, stack(0x0000000102e00000,0x0000000102f00000)]
  0x00000138e165ca80 JavaThread "Worker-2" [_thread_blocked, id=7012, stack(0x0000000103000000,0x0000000103100000)]
  0x00000138e165d4a0 JavaThread "WorkspaceEventsHandler" [_thread_blocked, id=10964, stack(0x0000000103100000,0x0000000103200000)]
  0x00000138e165d9b0 JavaThread "pool-1-thread-1" [_thread_in_native, id=9452, stack(0x0000000103200000,0x0000000103300000)]
  0x00000138e0a30040 JavaThread "C2 CompilerThread1" daemon [_thread_blocked, id=20724, stack(0x0000000103300000,0x0000000103400000)]

Other Threads:
  0x00000138d9d09390 VMThread "VM Thread" [stack: 0x0000000100800000,0x0000000100900000] [id=4764]
  0x00000138df3a2520 WatcherThread [stack: 0x0000000101500000,0x0000000101600000] [id=7680]
  0x00000138c5e8b670 GCTaskThread "GC Thread#0" [stack: 0x0000000100700000,0x0000000100800000] [id=9928]
  0x00000138e0500c50 GCTaskThread "GC Thread#1" [stack: 0x0000000101700000,0x0000000101800000] [id=15372]
  0x00000138e05080e0 GCTaskThread "GC Thread#2" [stack: 0x0000000101800000,0x0000000101900000] [id=5592]
  0x00000138e0500f10 GCTaskThread "GC Thread#3" [stack: 0x0000000101900000,0x0000000101a00000] [id=10928]
  0x00000138e0281000 GCTaskThread "GC Thread#4" [stack: 0x0000000101a00000,0x0000000101b00000] [id=7332]
  0x00000138e02812c0 GCTaskThread "GC Thread#5" [stack: 0x0000000101b00000,0x0000000101c00000] [id=12376]
  0x00000138e0281580 GCTaskThread "GC Thread#6" [stack: 0x0000000101c00000,0x0000000101d00000] [id=15112]
  0x00000138e05fbe40 GCTaskThread "GC Thread#7" [stack: 0x0000000102000000,0x0000000102100000] [id=9560]

Threads with active compile tasks:
C2 CompilerThread0    39522 3575   !   4       org.eclipse.osgi.internal.loader.classpath.ClasspathManager::findLocalClass (210 bytes)

VM state: not at safepoint (normal execution)

VM Mutex/Monitor currently owned by a thread: None

Heap address: 0x00000000c0000000, size: 1024 MB, Compressed Oops mode: 32-bit

CDS archive(s) not mapped
Compressed class space mapped at: 0x0000013880000000-0x00000138c0000000, reserved size: 1073741824
Narrow klass base: 0x0000013880000000, Narrow klass shift: 0, Narrow klass range: 0x40000000

GC Precious Log:
 CPUs: 8 total, 8 available
 Memory: 7975M
 Large Page Support: Disabled
 NUMA Support: Disabled
 Compressed Oops: Enabled (32-bit)
 Alignments: Space 512K, Generation 512K, Heap 2M
 Heap Min Capacity: 100M
 Heap Initial Capacity: 100M
 Heap Max Capacity: 1G
 Pre-touch: Disabled
 Parallel Workers: 8

Heap:
 PSYoungGen      total 24576K, used 12961K [0x00000000eab00000, 0x00000000ec580000, 0x0000000100000000)
  eden space 22528K, 54% used [0x00000000eab00000,0x00000000eb70eb90,0x00000000ec100000)
  from space 2048K, 30% used [0x00000000ec280000,0x00000000ec319c10,0x00000000ec480000)
  to   space 1024K, 0% used [0x00000000ec480000,0x00000000ec480000,0x00000000ec580000)
 ParOldGen       total 68608K, used 13804K [0x00000000c0000000, 0x00000000c4300000, 0x00000000eab00000)
  object space 68608K, 20% used [0x00000000c0000000,0x00000000c0d7b278,0x00000000c4300000)
 Metaspace       used 40732K, committed 41472K, reserved 1114112K
  class space    used 4165K, committed 4480K, reserved 1048576K

Card table byte_map: [0x00000138c5810000,0x00000138c5a20000] _byte_map_base: 0x00000138c5210000

Marking Bits: (ParMarkBitMap*) 0x00007ffd1f416940
 Begin Bits: [0x00000138d7b10000, 0x00000138d8b10000)
 End Bits:   [0x00000138d8b10000, 0x00000138d9b10000)

Polling page: 0x00000138c3e50000

Metaspace:

Usage:
  Non-class:     35.71 MB used.
      Class:      4.07 MB used.
       Both:     39.78 MB used.

Virtual space:
  Non-class space:       64.00 MB reserved,      36.12 MB ( 56%) committed,  1 nodes.
      Class space:        1.00 GB reserved,       4.38 MB ( <1%) committed,  1 nodes.
             Both:        1.06 GB reserved,      40.50 MB (  4%) committed. 

Chunk freelists:
   Non-Class:  11.89 MB
       Class:  11.52 MB
        Both:  23.41 MB

MaxMetaspaceSize: unlimited
CompressedClassSpaceSize: 1.00 GB
Initial GC threshold: 21.00 MB
Current GC threshold: 58.38 MB
CDS: off
MetaspaceReclaimPolicy: balanced
 - commit_granule_bytes: 65536.
 - commit_granule_words: 8192.
 - virtual_space_node_default_size: 8388608.
 - enlarge_chunks_in_place: 1.
 - new_chunks_are_fully_committed: 0.
 - uncommit_free_chunks: 1.
 - use_allocation_guard: 0.
 - handle_deallocations: 1.


Internal statistics:

num_allocs_failed_limit: 6.
num_arena_births: 392.
num_arena_deaths: 14.
num_vsnodes_births: 2.
num_vsnodes_deaths: 0.
num_space_committed: 648.
num_space_uncommitted: 0.
num_chunks_returned_to_freelist: 20.
num_chunks_taken_from_freelist: 1735.
num_chunk_merges: 11.
num_chunk_splits: 1113.
num_chunks_enlarged: 716.
num_inconsistent_stats: 0.

CodeHeap 'non-profiled nmethods': size=120000Kb used=1759Kb max_used=1759Kb free=118240Kb
 bounds [0x00000138d05e0000, 0x00000138d0850000, 0x00000138d7b10000]
CodeHeap 'profiled nmethods': size=120000Kb used=7188Kb max_used=7188Kb free=112811Kb
 bounds [0x00000138c8b10000, 0x00000138c9220000, 0x00000138d0040000]
CodeHeap 'non-nmethods': size=5760Kb used=1323Kb max_used=1343Kb free=4437Kb
 bounds [0x00000138d0040000, 0x00000138d02b0000, 0x00000138d05e0000]
 total_blobs=4245 nmethods=3600 adapters=559
 compilation: enabled
              stopped_count=0, restarted_count=0
 full_count=0

Compilation events (20 events):
Event: 38.803 Thread 0x00000138df062ec0 3597       3       java.nio.CharBuffer::position (6 bytes)
Event: 38.804 Thread 0x00000138df062ec0 nmethod 3597 0x00000138c920f090 code [0x00000138c920f240, 0x00000138c920f3e8]
Event: 38.865 Thread 0x00000138df062ec0 3599       3       java.lang.Long::compareTo (12 bytes)
Event: 38.866 Thread 0x00000138df062ec0 nmethod 3599 0x00000138c920f490 code [0x00000138c920f640, 0x00000138c920f8b8]
Event: 38.871 Thread 0x00000138e0a30040 3598       4       java.util.TreeMap::put (221 bytes)
Event: 38.906 Thread 0x00000138df062ec0 3600       3       java.util.Arrays::copyOf (19 bytes)
Event: 38.907 Thread 0x00000138df062ec0 nmethod 3600 0x00000138c920f990 code [0x00000138c920fb40, 0x00000138c920fe28]
Event: 38.950 Thread 0x00000138df062ec0 3601       3       jdk.internal.reflect.Reflection::filter (163 bytes)
Event: 38.950 Thread 0x00000138e0a30040 nmethod 3598 0x00000138d0794590 code [0x00000138d07947a0, 0x00000138d0795818]
Event: 38.950 Thread 0x00000138e0a30040 3596       4       java.net.URI::quote (214 bytes)
Event: 38.951 Thread 0x00000138df062ec0 nmethod 3601 0x00000138c920ff90 code [0x00000138c9210200, 0x00000138c9210f48]
Event: 38.977 Thread 0x00000138e0a30040 nmethod 3596 0x00000138d0796390 code [0x00000138d0796580, 0x00000138d0796f90]
Event: 38.978 Thread 0x00000138e0a30040 3591       4       java.lang.CharacterDataLatin1::getType (11 bytes)
Event: 38.979 Thread 0x00000138e0a30040 nmethod 3591 0x00000138d0797890 code [0x00000138d0797a00, 0x00000138d0797ab8]
Event: 38.982 Thread 0x00000138df062ec0 3602   !   3       lombok.launch.ShadowClassLoader::urlToDefineClass (273 bytes)
Event: 38.984 Thread 0x00000138df062ec0 nmethod 3602 0x00000138c9211310 code [0x00000138c92116a0, 0x00000138c9212f38]
Event: 38.995 Thread 0x00000138df062ec0 3603   !   3       org.eclipse.osgi.internal.loader.classpath.ClasspathManager::findLocalResource (183 bytes)
Event: 38.997 Thread 0x00000138df062ec0 nmethod 3603 0x00000138c9213990 code [0x00000138c9213c40, 0x00000138c9214e38]
Event: 39.161 Thread 0x00000138e0a30040 3604       4       java.io.FilterInputStream::read (11 bytes)
Event: 39.162 Thread 0x00000138e0a30040 nmethod 3604 0x00000138d0797b90 code [0x00000138d0797d00, 0x00000138d0797d98]

GC Heap History (20 events):
Event: 4.068 GC heap before
{Heap before GC invocations=4 (full 0):
 PSYoungGen      total 29696K, used 12291K [0x00000000eab00000, 0x00000000ecc00000, 0x0000000100000000)
  eden space 25600K, 32% used [0x00000000eab00000,0x00000000eb304690,0x00000000ec400000)
  from space 4096K, 99% used [0x00000000ec400000,0x00000000ec7fc8c0,0x00000000ec800000)
  to   space 4096K, 0% used [0x00000000ec800000,0x00000000ec800000,0x00000000ecc00000)
 ParOldGen       total 68608K, used 2464K [0x00000000c0000000, 0x00000000c4300000, 0x00000000eab00000)
  object space 68608K, 3% used [0x00000000c0000000,0x00000000c02683e0,0x00000000c4300000)
 Metaspace       used 21106K, committed 21504K, reserved 1114112K
  class space    used 2155K, committed 2304K, reserved 1048576K
}
Event: 4.072 GC heap after
{Heap after GC invocations=4 (full 0):
 PSYoungGen      total 29696K, used 4095K [0x00000000eab00000, 0x00000000ecc00000, 0x0000000100000000)
  eden space 25600K, 0% used [0x00000000eab00000,0x00000000eab00000,0x00000000ec400000)
  from space 4096K, 99% used [0x00000000ec800000,0x00000000ecbfff50,0x00000000ecc00000)
  to   space 4096K, 0% used [0x00000000ec400000,0x00000000ec400000,0x00000000ec800000)
 ParOldGen       total 68608K, used 2948K [0x00000000c0000000, 0x00000000c4300000, 0x00000000eab00000)
  object space 68608K, 4% used [0x00000000c0000000,0x00000000c02e13f0,0x00000000c4300000)
 Metaspace       used 21106K, committed 21504K, reserved 1114112K
  class space    used 2155K, committed 2304K, reserved 1048576K
}
Event: 4.072 GC heap before
{Heap before GC invocations=5 (full 1):
 PSYoungGen      total 29696K, used 4095K [0x00000000eab00000, 0x00000000ecc00000, 0x0000000100000000)
  eden space 25600K, 0% used [0x00000000eab00000,0x00000000eab00000,0x00000000ec400000)
  from space 4096K, 99% used [0x00000000ec800000,0x00000000ecbfff50,0x00000000ecc00000)
  to   space 4096K, 0% used [0x00000000ec400000,0x00000000ec400000,0x00000000ec800000)
 ParOldGen       total 68608K, used 2948K [0x00000000c0000000, 0x00000000c4300000, 0x00000000eab00000)
  object space 68608K, 4% used [0x00000000c0000000,0x00000000c02e13f0,0x00000000c4300000)
 Metaspace       used 21106K, committed 21504K, reserved 1114112K
  class space    used 2155K, committed 2304K, reserved 1048576K
}
Event: 4.103 GC heap after
{Heap after GC invocations=5 (full 1):
 PSYoungGen      total 29696K, used 0K [0x00000000eab00000, 0x00000000ecc00000, 0x0000000100000000)
  eden space 25600K, 0% used [0x00000000eab00000,0x00000000eab00000,0x00000000ec400000)
  from space 4096K, 0% used [0x00000000ec800000,0x00000000ec800000,0x00000000ecc00000)
  to   space 4096K, 0% used [0x00000000ec400000,0x00000000ec400000,0x00000000ec800000)
 ParOldGen       total 68608K, used 6915K [0x00000000c0000000, 0x00000000c4300000, 0x00000000eab00000)
  object space 68608K, 10% used [0x00000000c0000000,0x00000000c06c0e20,0x00000000c4300000)
 Metaspace       used 21093K, committed 21504K, reserved 1114112K
  class space    used 2152K, committed 2304K, reserved 1048576K
}
Event: 5.233 GC heap before
{Heap before GC invocations=6 (full 1):
 PSYoungGen      total 29696K, used 25600K [0x00000000eab00000, 0x00000000ecc00000, 0x0000000100000000)
  eden space 25600K, 100% used [0x00000000eab00000,0x00000000ec400000,0x00000000ec400000)
  from space 4096K, 0% used [0x00000000ec800000,0x00000000ec800000,0x00000000ecc00000)
  to   space 4096K, 0% used [0x00000000ec400000,0x00000000ec400000,0x00000000ec800000)
 ParOldGen       total 68608K, used 6915K [0x00000000c0000000, 0x00000000c4300000, 0x00000000eab00000)
  object space 68608K, 10% used [0x00000000c0000000,0x00000000c06c0e20,0x00000000c4300000)
 Metaspace       used 24023K, committed 24576K, reserved 1114112K
  class space    used 2452K, committed 2688K, reserved 1048576K
}
Event: 5.237 GC heap after
{Heap after GC invocations=6 (full 1):
 PSYoungGen      total 27648K, used 2355K [0x00000000eab00000, 0x00000000eca80000, 0x0000000100000000)
  eden space 25088K, 0% used [0x00000000eab00000,0x00000000eab00000,0x00000000ec380000)
  from space 2560K, 92% used [0x00000000ec400000,0x00000000ec64cf60,0x00000000ec680000)
  to   space 3584K, 0% used [0x00000000ec700000,0x00000000ec700000,0x00000000eca80000)
 ParOldGen       total 68608K, used 6923K [0x00000000c0000000, 0x00000000c4300000, 0x00000000eab00000)
  object space 68608K, 10% used [0x00000000c0000000,0x00000000c06c2e20,0x00000000c4300000)
 Metaspace       used 24023K, committed 24576K, reserved 1114112K
  class space    used 2452K, committed 2688K, reserved 1048576K
}
Event: 5.848 GC heap before
{Heap before GC invocations=7 (full 1):
 PSYoungGen      total 27648K, used 27443K [0x00000000eab00000, 0x00000000eca80000, 0x0000000100000000)
  eden space 25088K, 100% used [0x00000000eab00000,0x00000000ec380000,0x00000000ec380000)
  from space 2560K, 92% used [0x00000000ec400000,0x00000000ec64cf60,0x00000000ec680000)
  to   space 3584K, 0% used [0x00000000ec700000,0x00000000ec700000,0x00000000eca80000)
 ParOldGen       total 68608K, used 6923K [0x00000000c0000000, 0x00000000c4300000, 0x00000000eab00000)
  object space 68608K, 10% used [0x00000000c0000000,0x00000000c06c2e20,0x00000000c4300000)
 Metaspace       used 28192K, committed 28736K, reserved 1114112K
  class space    used 2758K, committed 3008K, reserved 1048576K
}
Event: 5.850 GC heap after
{Heap after GC invocations=7 (full 1):
 PSYoungGen      total 27648K, used 2929K [0x00000000eab00000, 0x00000000eca00000, 0x0000000100000000)
  eden space 24576K, 0% used [0x00000000eab00000,0x00000000eab00000,0x00000000ec300000)
  from space 3072K, 95% used [0x00000000ec700000,0x00000000ec9dc430,0x00000000eca00000)
  to   space 3072K, 0% used [0x00000000ec400000,0x00000000ec400000,0x00000000ec700000)
 ParOldGen       total 68608K, used 6923K [0x00000000c0000000, 0x00000000c4300000, 0x00000000eab00000)
  object space 68608K, 10% used [0x00000000c0000000,0x00000000c06c2e20,0x00000000c4300000)
 Metaspace       used 28192K, committed 28736K, reserved 1114112K
  class space    used 2758K, committed 3008K, reserved 1048576K
}
Event: 6.556 GC heap before
{Heap before GC invocations=8 (full 1):
 PSYoungGen      total 27648K, used 27505K [0x00000000eab00000, 0x00000000eca00000, 0x0000000100000000)
  eden space 24576K, 100% used [0x00000000eab00000,0x00000000ec300000,0x00000000ec300000)
  from space 3072K, 95% used [0x00000000ec700000,0x00000000ec9dc430,0x00000000eca00000)
  to   space 3072K, 0% used [0x00000000ec400000,0x00000000ec400000,0x00000000ec700000)
 ParOldGen       total 68608K, used 6923K [0x00000000c0000000, 0x00000000c4300000, 0x00000000eab00000)
  object space 68608K, 10% used [0x00000000c0000000,0x00000000c06c2e20,0x00000000c4300000)
 Metaspace       used 30497K, committed 31040K, reserved 1114112K
  class space    used 2946K, committed 3136K, reserved 1048576K
}
Event: 6.562 GC heap after
{Heap after GC invocations=8 (full 1):
 PSYoungGen      total 27136K, used 3071K [0x00000000eab00000, 0x00000000ecb80000, 0x0000000100000000)
  eden space 24064K, 0% used [0x00000000eab00000,0x00000000eab00000,0x00000000ec280000)
  from space 3072K, 99% used [0x00000000ec400000,0x00000000ec6ffe90,0x00000000ec700000)
  to   space 4608K, 0% used [0x00000000ec700000,0x00000000ec700000,0x00000000ecb80000)
 ParOldGen       total 68608K, used 8181K [0x00000000c0000000, 0x00000000c4300000, 0x00000000eab00000)
  object space 68608K, 11% used [0x00000000c0000000,0x00000000c07fd5e8,0x00000000c4300000)
 Metaspace       used 30497K, committed 31040K, reserved 1114112K
  class space    used 2946K, committed 3136K, reserved 1048576K
}
Event: 7.429 GC heap before
{Heap before GC invocations=9 (full 1):
 PSYoungGen      total 27136K, used 27135K [0x00000000eab00000, 0x00000000ecb80000, 0x0000000100000000)
  eden space 24064K, 100% used [0x00000000eab00000,0x00000000ec280000,0x00000000ec280000)
  from space 3072K, 99% used [0x00000000ec400000,0x00000000ec6ffe90,0x00000000ec700000)
  to   space 4608K, 0% used [0x00000000ec700000,0x00000000ec700000,0x00000000ecb80000)
 ParOldGen       total 68608K, used 8181K [0x00000000c0000000, 0x00000000c4300000, 0x00000000eab00000)
  object space 68608K, 11% used [0x00000000c0000000,0x00000000c07fd5e8,0x00000000c4300000)
 Metaspace       used 34202K, committed 34880K, reserved 1114112K
  class space    used 3389K, committed 3584K, reserved 1048576K
}
Event: 7.433 GC heap after
{Heap after GC invocations=9 (full 1):
 PSYoungGen      total 28160K, used 4346K [0x00000000eab00000, 0x00000000ecb80000, 0x0000000100000000)
  eden space 23552K, 0% used [0x00000000eab00000,0x00000000eab00000,0x00000000ec200000)
  from space 4608K, 94% used [0x00000000ec700000,0x00000000ecb3e8f0,0x00000000ecb80000)
  to   space 4608K, 0% used [0x00000000ec280000,0x00000000ec280000,0x00000000ec700000)
 ParOldGen       total 68608K, used 8189K [0x00000000c0000000, 0x00000000c4300000, 0x00000000eab00000)
  object space 68608K, 11% used [0x00000000c0000000,0x00000000c07ff5e8,0x00000000c4300000)
 Metaspace       used 34202K, committed 34880K, reserved 1114112K
  class space    used 3389K, committed 3584K, reserved 1048576K
}
Event: 7.523 GC heap before
{Heap before GC invocations=10 (full 1):
 PSYoungGen      total 28160K, used 10648K [0x00000000eab00000, 0x00000000ecb80000, 0x0000000100000000)
  eden space 23552K, 26% used [0x00000000eab00000,0x00000000eb1277c8,0x00000000ec200000)
  from space 4608K, 94% used [0x00000000ec700000,0x00000000ecb3e8f0,0x00000000ecb80000)
  to   space 4608K, 0% used [0x00000000ec280000,0x00000000ec280000,0x00000000ec700000)
 ParOldGen       total 68608K, used 8189K [0x00000000c0000000, 0x00000000c4300000, 0x00000000eab00000)
  object space 68608K, 11% used [0x00000000c0000000,0x00000000c07ff5e8,0x00000000c4300000)
 Metaspace       used 35238K, committed 35840K, reserved 1114112K
  class space    used 3502K, committed 3712K, reserved 1048576K
}
Event: 7.528 GC heap after
{Heap after GC invocations=10 (full 1):
 PSYoungGen      total 25600K, used 1999K [0x00000000eab00000, 0x00000000ec800000, 0x0000000100000000)
  eden space 23552K, 0% used [0x00000000eab00000,0x00000000eab00000,0x00000000ec200000)
  from space 2048K, 97% used [0x00000000ec280000,0x00000000ec473d28,0x00000000ec480000)
  to   space 3072K, 0% used [0x00000000ec500000,0x00000000ec500000,0x00000000ec800000)
 ParOldGen       total 68608K, used 10653K [0x00000000c0000000, 0x00000000c4300000, 0x00000000eab00000)
  object space 68608K, 15% used [0x00000000c0000000,0x00000000c0a67608,0x00000000c4300000)
 Metaspace       used 35238K, committed 35840K, reserved 1114112K
  class space    used 3502K, committed 3712K, reserved 1048576K
}
Event: 7.528 GC heap before
{Heap before GC invocations=11 (full 2):
 PSYoungGen      total 25600K, used 1999K [0x00000000eab00000, 0x00000000ec800000, 0x0000000100000000)
  eden space 23552K, 0% used [0x00000000eab00000,0x00000000eab00000,0x00000000ec200000)
  from space 2048K, 97% used [0x00000000ec280000,0x00000000ec473d28,0x00000000ec480000)
  to   space 3072K, 0% used [0x00000000ec500000,0x00000000ec500000,0x00000000ec800000)
 ParOldGen       total 68608K, used 10653K [0x00000000c0000000, 0x00000000c4300000, 0x00000000eab00000)
  object space 68608K, 15% used [0x00000000c0000000,0x00000000c0a67608,0x00000000c4300000)
 Metaspace       used 35238K, committed 35840K, reserved 1114112K
  class space    used 3502K, committed 3712K, reserved 1048576K
}
Event: 7.565 GC heap after
{Heap after GC invocations=11 (full 2):
 PSYoungGen      total 25600K, used 0K [0x00000000eab00000, 0x00000000ec800000, 0x0000000100000000)
  eden space 23552K, 0% used [0x00000000eab00000,0x00000000eab00000,0x00000000ec200000)
  from space 2048K, 0% used [0x00000000ec280000,0x00000000ec280000,0x00000000ec480000)
  to   space 3072K, 0% used [0x00000000ec500000,0x00000000ec500000,0x00000000ec800000)
 ParOldGen       total 68608K, used 12372K [0x00000000c0000000, 0x00000000c4300000, 0x00000000eab00000)
  object space 68608K, 18% used [0x00000000c0000000,0x00000000c0c15250,0x00000000c4300000)
 Metaspace       used 35238K, committed 35840K, reserved 1114112K
  class space    used 3502K, committed 3712K, reserved 1048576K
}
Event: 35.617 GC heap before
{Heap before GC invocations=12 (full 2):
 PSYoungGen      total 25600K, used 23552K [0x00000000eab00000, 0x00000000ec800000, 0x0000000100000000)
  eden space 23552K, 100% used [0x00000000eab00000,0x00000000ec200000,0x00000000ec200000)
  from space 2048K, 0% used [0x00000000ec280000,0x00000000ec280000,0x00000000ec480000)
  to   space 3072K, 0% used [0x00000000ec500000,0x00000000ec500000,0x00000000ec800000)
 ParOldGen       total 68608K, used 12372K [0x00000000c0000000, 0x00000000c4300000, 0x00000000eab00000)
  object space 68608K, 18% used [0x00000000c0000000,0x00000000c0c15250,0x00000000c4300000)
 Metaspace       used 38399K, committed 39104K, reserved 1114112K
  class space    used 3897K, committed 4224K, reserved 1048576K
}
Event: 35.627 GC heap after
{Heap after GC invocations=12 (full 2):
 PSYoungGen      total 24576K, used 1523K [0x00000000eab00000, 0x00000000ec680000, 0x0000000100000000)
  eden space 23040K, 0% used [0x00000000eab00000,0x00000000eab00000,0x00000000ec180000)
  from space 1536K, 99% used [0x00000000ec500000,0x00000000ec67ceb8,0x00000000ec680000)
  to   space 2048K, 0% used [0x00000000ec280000,0x00000000ec280000,0x00000000ec480000)
 ParOldGen       total 68608K, used 12380K [0x00000000c0000000, 0x00000000c4300000, 0x00000000eab00000)
  object space 68608K, 18% used [0x00000000c0000000,0x00000000c0c17250,0x00000000c4300000)
 Metaspace       used 38399K, committed 39104K, reserved 1114112K
  class space    used 3897K, committed 4224K, reserved 1048576K
}
Event: 38.262 GC heap before
{Heap before GC invocations=13 (full 2):
 PSYoungGen      total 24576K, used 24523K [0x00000000eab00000, 0x00000000ec680000, 0x0000000100000000)
  eden space 23040K, 99% used [0x00000000eab00000,0x00000000ec175f90,0x00000000ec180000)
  from space 1536K, 99% used [0x00000000ec500000,0x00000000ec67ceb8,0x00000000ec680000)
  to   space 2048K, 0% used [0x00000000ec280000,0x00000000ec280000,0x00000000ec480000)
 ParOldGen       total 68608K, used 12380K [0x00000000c0000000, 0x00000000c4300000, 0x00000000eab00000)
  object space 68608K, 18% used [0x00000000c0000000,0x00000000c0c17250,0x00000000c4300000)
 Metaspace       used 40085K, committed 40832K, reserved 1114112K
  class space    used 4092K, committed 4416K, reserved 1048576K
}
Event: 38.266 GC heap after
{Heap after GC invocations=13 (full 2):
 PSYoungGen      total 24576K, used 615K [0x00000000eab00000, 0x00000000ec580000, 0x0000000100000000)
  eden space 22528K, 0% used [0x00000000eab00000,0x00000000eab00000,0x00000000ec100000)
  from space 2048K, 30% used [0x00000000ec280000,0x00000000ec319c10,0x00000000ec480000)
  to   space 1024K, 0% used [0x00000000ec480000,0x00000000ec480000,0x00000000ec580000)
 ParOldGen       total 68608K, used 13804K [0x00000000c0000000, 0x00000000c4300000, 0x00000000eab00000)
  object space 68608K, 20% used [0x00000000c0000000,0x00000000c0d7b278,0x00000000c4300000)
 Metaspace       used 40085K, committed 40832K, reserved 1114112K
  class space    used 4092K, committed 4416K, reserved 1048576K
}

Dll operation events (10 events):
Event: 0.011 Loaded shared library c:\Users\Admin\.vscode\extensions\redhat.java-1.36.0-win32-x64\jre\17.0.13-win32-x86_64\bin\java.dll
Event: 0.189 Loaded shared library c:\Users\Admin\.vscode\extensions\redhat.java-1.36.0-win32-x64\jre\17.0.13-win32-x86_64\bin\zip.dll
Event: 0.194 Loaded shared library C:\Users\Admin\.vscode\extensions\redhat.java-1.36.0-win32-x64\jre\17.0.13-win32-x86_64\bin\instrument.dll
Event: 0.210 Loaded shared library C:\Users\Admin\.vscode\extensions\redhat.java-1.36.0-win32-x64\jre\17.0.13-win32-x86_64\bin\net.dll
Event: 0.212 Loaded shared library C:\Users\Admin\.vscode\extensions\redhat.java-1.36.0-win32-x64\jre\17.0.13-win32-x86_64\bin\nio.dll
Event: 0.223 Loaded shared library C:\Users\Admin\.vscode\extensions\redhat.java-1.36.0-win32-x64\jre\17.0.13-win32-x86_64\bin\zip.dll
Event: 0.244 Loaded shared library C:\Users\Admin\.vscode\extensions\redhat.java-1.36.0-win32-x64\jre\17.0.13-win32-x86_64\bin\jimage.dll
Event: 0.324 Loaded shared library c:\Users\Admin\.vscode\extensions\redhat.java-1.36.0-win32-x64\jre\17.0.13-win32-x86_64\bin\verify.dll
Event: 1.852 Loaded shared library C:\Users\Admin\AppData\Roaming\Code\User\globalStorage\redhat.java\1.36.0\config_ss_win\org.eclipse.equinox.launcher\org.eclipse.equinox.launcher.win32.win32.x86_64_1.2.1100.v20240722-2106\eclipse_11904.dll
Event: 4.433 Loaded shared library C:\Windows\Temp\jna-63116079\jna3617735125361970830.dll

Deoptimization events (20 events):
Event: 34.277 Thread 0x00000138e165d9b0 Uncommon trap: trap_request=0xffffff45 fr.pc=0x00000138d061af6c relative=0x00000000000004ac
Event: 34.277 Thread 0x00000138e165d9b0 Uncommon trap: reason=unstable_if action=reinterpret pc=0x00000138d061af6c method=java.util.HashMap$HashIterator.<init>(Ljava/util/HashMap;)V @ 45 c2
Event: 34.277 Thread 0x00000138e165d9b0 DEOPT PACKING pc=0x00000138d061af6c sp=0x00000001032fe040
Event: 34.278 Thread 0x00000138e165d9b0 DEOPT UNPACKING pc=0x00000138d0099ea3 sp=0x00000001032fdeb0 mode 2
Event: 35.495 Thread 0x00000138e165d9b0 DEOPT PACKING pc=0x00000138c8fe22d6 sp=0x00000001032fcfe0
Event: 35.495 Thread 0x00000138e165d9b0 DEOPT UNPACKING pc=0x00000138d009a9e3 sp=0x00000001032fc4f0 mode 0
Event: 35.497 Thread 0x00000138e165d9b0 DEOPT PACKING pc=0x00000138c8fe22d6 sp=0x00000001032fcfe0
Event: 35.498 Thread 0x00000138e165d9b0 DEOPT UNPACKING pc=0x00000138d009a9e3 sp=0x00000001032fc4f0 mode 0
Event: 36.465 Thread 0x00000138e165d9b0 Uncommon trap: trap_request=0xffffffbe fr.pc=0x00000138d077d14c relative=0x000000000000142c
Event: 36.465 Thread 0x00000138e165d9b0 Uncommon trap: reason=profile_predicate action=maybe_recompile pc=0x00000138d077d14c method=java.util.Properties.load0(Ljava/util/Properties$LineReader;)V @ 29 c2
Event: 36.465 Thread 0x00000138e165d9b0 DEOPT PACKING pc=0x00000138d077d14c sp=0x00000001032fbee0
Event: 36.465 Thread 0x00000138e165d9b0 DEOPT UNPACKING pc=0x00000138d0099ea3 sp=0x00000001032fbeb8 mode 2
Event: 36.465 Thread 0x00000138e165d9b0 DEOPT PACKING pc=0x00000138c90506a8 sp=0x00000001032fbde0
Event: 36.465 Thread 0x00000138e165d9b0 DEOPT UNPACKING pc=0x00000138d009a9e3 sp=0x00000001032fb2c8 mode 0
Event: 36.723 Thread 0x00000138e165d9b0 DEOPT PACKING pc=0x00000138c8b84261 sp=0x00000001032f8710
Event: 36.723 Thread 0x00000138e165d9b0 DEOPT UNPACKING pc=0x00000138d009a9e3 sp=0x00000001032f7c08 mode 0
Event: 36.941 Thread 0x00000138e165d9b0 DEOPT PACKING pc=0x00000138c8fea1b1 sp=0x00000001032f8940
Event: 36.996 Thread 0x00000138e165d9b0 DEOPT UNPACKING pc=0x00000138d009a9e3 sp=0x00000001032f7df0 mode 0
Event: 38.681 Thread 0x00000138e165d9b0 DEOPT PACKING pc=0x00000138c8ce54b3 sp=0x00000001032f8340
Event: 38.681 Thread 0x00000138e165d9b0 DEOPT UNPACKING pc=0x00000138d009a9e3 sp=0x00000001032f7878 mode 0

Classes loaded (20 events):
Event: 8.243 Loading class java/util/concurrent/CompletableFuture$AltResult
Event: 8.243 Loading class java/util/concurrent/CompletableFuture$AltResult done
Event: 8.244 Loading class java/util/concurrent/CompletableFuture$Completion
Event: 8.244 Loading class java/util/concurrent/CompletableFuture$AsynchronousCompletionTask
Event: 8.244 Loading class java/util/concurrent/CompletableFuture$AsynchronousCompletionTask done
Event: 8.244 Loading class java/util/concurrent/ForkJoinTask
Event: 8.245 Loading class java/util/concurrent/ForkJoinTask done
Event: 8.245 Loading class java/util/concurrent/CompletableFuture$Completion done
Event: 8.278 Loading class sun/nio/ch/WindowsAsynchronousFileChannelImpl$WriteTask
Event: 8.278 Loading class sun/nio/ch/WindowsAsynchronousFileChannelImpl$WriteTask done
Event: 34.532 Loading class java/nio/file/InvalidPathException
Event: 34.532 Loading class java/nio/file/InvalidPathException done
Event: 34.986 Loading class java/util/regex/Pattern$BackRef
Event: 34.986 Loading class java/util/regex/Pattern$BackRef done
Event: 35.506 Loading class java/lang/ExceptionInInitializerError
Event: 35.506 Loading class java/lang/ExceptionInInitializerError done
Event: 37.835 Loading class java/util/Vector$1
Event: 37.835 Loading class java/util/Vector$1 done
Event: 39.088 Loading class java/util/regex/Pattern$Caret
Event: 39.089 Loading class java/util/regex/Pattern$Caret done

Classes unloaded (7 events):
Event: 4.076 Thread 0x00000138d9d09390 Unloading class 0x000001388021b400 'java/lang/invoke/LambdaForm$MH+0x000001388021b400'
Event: 4.076 Thread 0x00000138d9d09390 Unloading class 0x000001388021b000 'java/lang/invoke/LambdaForm$MH+0x000001388021b000'
Event: 4.076 Thread 0x00000138d9d09390 Unloading class 0x000001388021ac00 'java/lang/invoke/LambdaForm$MH+0x000001388021ac00'
Event: 4.076 Thread 0x00000138d9d09390 Unloading class 0x000001388021a800 'java/lang/invoke/LambdaForm$MH+0x000001388021a800'
Event: 4.076 Thread 0x00000138d9d09390 Unloading class 0x000001388021a400 'java/lang/invoke/LambdaForm$BMH+0x000001388021a400'
Event: 4.076 Thread 0x00000138d9d09390 Unloading class 0x000001388021a000 'java/lang/invoke/LambdaForm$DMH+0x000001388021a000'
Event: 4.076 Thread 0x00000138d9d09390 Unloading class 0x0000013880214400 'java/lang/invoke/LambdaForm$DMH+0x0000013880214400'

Classes redefined (0 events):
No events

Internal exceptions (20 events):
Event: 7.300 Thread 0x00000138c5e710f0 Exception <a 'java/lang/NoSuchMethodError'{0x00000000ebcb2428}: 'void java.lang.invoke.DirectMethodHandle$Holder.invokeStatic(java.lang.Object, java.lang.Object, java.lang.Object, java.lang.Object)'> (0x00000000ebcb2428) 
thrown [s\src\hotspot\share\interpreter\linkResolver.cpp, line 759]
Event: 7.322 Thread 0x00000138df1d89b0 Exception <a 'sun/nio/fs/WindowsException'{0x00000000ebdc11e8}> (0x00000000ebdc11e8) 
thrown [s\src\hotspot\share\prims\jni.cpp, line 516]
Event: 7.322 Thread 0x00000138df1d89b0 Exception <a 'sun/nio/fs/WindowsException'{0x00000000ebdc1840}> (0x00000000ebdc1840) 
thrown [s\src\hotspot\share\prims\jni.cpp, line 516]
Event: 7.323 Thread 0x00000138df1d89b0 Exception <a 'sun/nio/fs/WindowsException'{0x00000000ebdc2268}> (0x00000000ebdc2268) 
thrown [s\src\hotspot\share\prims\jni.cpp, line 516]
Event: 7.323 Thread 0x00000138df1d89b0 Exception <a 'sun/nio/fs/WindowsException'{0x00000000ebdc28c0}> (0x00000000ebdc28c0) 
thrown [s\src\hotspot\share\prims\jni.cpp, line 516]
Event: 7.335 Thread 0x00000138df1d89b0 Exception <a 'sun/nio/fs/WindowsException'{0x00000000ebe3b5a0}> (0x00000000ebe3b5a0) 
thrown [s\src\hotspot\share\prims\jni.cpp, line 516]
Event: 7.336 Thread 0x00000138df1d89b0 Exception <a 'sun/nio/fs/WindowsException'{0x00000000ebe3bbf8}> (0x00000000ebe3bbf8) 
thrown [s\src\hotspot\share\prims\jni.cpp, line 516]
Event: 7.368 Thread 0x00000138df1d89b0 Exception <a 'java/lang/NoSuchMethodError'{0x00000000ec002c48}: 'void java.lang.invoke.DirectMethodHandle$Holder.invokeVirtual(java.lang.Object, java.lang.Object, java.lang.Object, java.lang.Object)'> (0x00000000ec002c48) 
thrown [s\src\hotspot\share\interpreter\linkResolver.cpp, line 759]
Event: 7.591 Thread 0x00000138df1d89b0 Exception <a 'java/io/FileNotFoundException'{0x00000000eac77e90}> (0x00000000eac77e90) 
thrown [s\src\hotspot\share\prims\jni.cpp, line 516]
Event: 7.592 Thread 0x00000138df1d89b0 Exception <a 'java/io/FileNotFoundException'{0x00000000eac79110}> (0x00000000eac79110) 
thrown [s\src\hotspot\share\prims\jni.cpp, line 516]
Event: 7.595 Thread 0x00000138df1d89b0 Exception <a 'java/lang/NoSuchMethodError'{0x00000000eaca2490}: 'java.lang.Object java.lang.invoke.DirectMethodHandle$Holder.newInvokeSpecial(java.lang.Object, java.lang.Object, java.lang.Object, int)'> (0x00000000eaca2490) 
thrown [s\src\hotspot\share\interpreter\linkResolver.cpp, line 759]
Event: 7.596 Thread 0x00000138df1d89b0 Exception <a 'java/lang/NoSuchMethodError'{0x00000000eaca6598}: 'java.lang.Object java.lang.invoke.DirectMethodHandle$Holder.invokeSpecial(java.lang.Object, java.lang.Object, java.lang.Object, java.lang.Object, int)'> (0x00000000eaca6598) 
thrown [s\src\hotspot\share\interpreter\linkResolver.cpp, line 759]
Event: 7.597 Thread 0x00000138df1d89b0 Exception <a 'java/lang/NoSuchMethodError'{0x00000000eaca9ca0}: 'java.lang.Object java.lang.invoke.Invokers$Holder.linkToTargetMethod(java.lang.Object, java.lang.Object, int, java.lang.Object)'> (0x00000000eaca9ca0) 
thrown [s\src\hotspot\share\interpreter\linkResolver.cpp, line 759]
Event: 7.601 Thread 0x00000138df1d89b0 Exception <a 'java/lang/NoSuchMethodError'{0x00000000eacb5c20}: 'void java.lang.invoke.DirectMethodHandle$Holder.invokeStaticInit(java.lang.Object, java.lang.Object, java.lang.Object)'> (0x00000000eacb5c20) 
thrown [s\src\hotspot\share\interpreter\linkResolver.cpp, line 759]
Event: 7.605 Thread 0x00000138c5e710f0 Exception <a 'java/lang/NoSuchMethodError'{0x00000000eacf7578}: 'void java.lang.invoke.DirectMethodHandle$Holder.invokeSpecial(java.lang.Object, java.lang.Object, java.lang.Object, java.lang.Object, java.lang.Object, java.lang.Object)'> (0x00000000eacf7578) 
thrown [s\src\hotspot\share\interpreter\linkResolver.cpp, line 759]
Event: 7.625 Thread 0x00000138c5e710f0 Exception <a 'java/lang/IncompatibleClassChangeError'{0x00000000ead00cf8}: Found class java.lang.Object, but interface was expected> (0x00000000ead00cf8) 
thrown [s\src\hotspot\share\interpreter\linkResolver.cpp, line 826]
Event: 7.984 Thread 0x00000138e165d9b0 Exception <a 'java/io/FileNotFoundException'{0x00000000eb3b2280}> (0x00000000eb3b2280) 
thrown [s\src\hotspot\share\prims\jni.cpp, line 516]
Event: 8.141 Thread 0x00000138e165d9b0 Exception <a 'sun/nio/fs/WindowsException'{0x00000000eb53b100}> (0x00000000eb53b100) 
thrown [s\src\hotspot\share\prims\jni.cpp, line 516]
Event: 8.311 Thread 0x00000138df1d89b0 Exception <a 'java/lang/NoSuchMethodError'{0x00000000eb76d588}: 'java.lang.Object java.lang.invoke.DirectMethodHandle$Holder.newInvokeSpecial(java.lang.Object, java.lang.Object, java.lang.Object, java.lang.Object, java.lang.Object, java.lang.Object)'> (0x00000000eb76d588) 
thrown [s\src\hotspot\share\interpreter\linkResolver.cpp, line 759]
Event: 34.543 Thread 0x00000138e165d9b0 Exception <a 'java/lang/NoSuchMethodError'{0x00000000eb99d9a0}: 'java.lang.Object java.lang.invoke.DirectMethodHandle$Holder.invokeInterface(java.lang.Object, java.lang.Object, java.lang.Object)'> (0x00000000eb99d9a0) 
thrown [s\src\hotspot\share\interpreter\linkResolver.cpp, line 759]

VM Operations (20 events):
Event: 7.428 Executing VM operation: ParallelGCFailedAllocation
Event: 7.433 Executing VM operation: ParallelGCFailedAllocation done
Event: 7.522 Executing VM operation: CollectForMetadataAllocation
Event: 7.565 Executing VM operation: CollectForMetadataAllocation done
Event: 7.948 Executing VM operation: HandshakeAllThreads
Event: 7.948 Executing VM operation: HandshakeAllThreads done
Event: 8.948 Executing VM operation: Cleanup
Event: 8.948 Executing VM operation: Cleanup done
Event: 35.198 Executing VM operation: Cleanup
Event: 35.198 Executing VM operation: Cleanup done
Event: 35.617 Executing VM operation: ParallelGCFailedAllocation
Event: 35.627 Executing VM operation: ParallelGCFailedAllocation done
Event: 36.558 Executing VM operation: HandshakeAllThreads
Event: 36.558 Executing VM operation: HandshakeAllThreads done
Event: 37.563 Executing VM operation: Cleanup
Event: 37.563 Executing VM operation: Cleanup done
Event: 38.262 Executing VM operation: ParallelGCFailedAllocation
Event: 38.266 Executing VM operation: ParallelGCFailedAllocation done
Event: 39.279 Executing VM operation: Cleanup
Event: 39.279 Executing VM operation: Cleanup done

Memory protections (0 events):
No events

Nmethod flushes (0 events):
No events

Events (20 events):
Event: 6.282 Thread 0x00000138df1da810 Thread added: 0x00000138e232ee00
Event: 6.527 Thread 0x00000138e232ee00 Thread exited: 0x00000138e232ee00
Event: 7.025 Thread 0x00000138df2fd130 Thread exited: 0x00000138df2fd130
Event: 7.195 Thread 0x00000138c5e710f0 Thread added: 0x00000138e1662ab0
Event: 7.195 Thread 0x00000138c5e710f0 Thread added: 0x00000138e16625a0
Event: 7.195 Thread 0x00000138c5e710f0 Thread added: 0x00000138e1662fc0
Event: 7.196 Thread 0x00000138c5e710f0 Thread added: 0x00000138e165edf0
Event: 7.196 Thread 0x00000138c5e710f0 Thread added: 0x00000138e165e8e0
Event: 7.196 Thread 0x00000138c5e710f0 Thread added: 0x00000138e1660740
Event: 7.196 Thread 0x00000138c5e710f0 Thread added: 0x00000138e165f810
Event: 7.196 Thread 0x00000138c5e710f0 Thread added: 0x00000138e165f300
Event: 7.196 Thread 0x00000138c5e710f0 Thread added: 0x00000138e165cf90
Event: 7.238 Thread 0x00000138c5e710f0 Thread added: 0x00000138e165c060
Event: 7.591 Thread 0x00000138df062ec0 Thread added: 0x00000138e2c4e0e0
Event: 7.606 Thread 0x00000138df1d7f90 Thread added: 0x00000138e165ca80
Event: 7.670 Thread 0x00000138c5e710f0 Thread added: 0x00000138e165d4a0
Event: 7.670 Thread 0x00000138c5e710f0 Thread added: 0x00000138e165d9b0
Event: 8.261 Thread 0x00000138e2c4e0e0 Thread exited: 0x00000138e2c4e0e0
Event: 9.828 Thread 0x00000138df1d84a0 Thread exited: 0x00000138df1d84a0
Event: 38.867 Thread 0x00000138df062ec0 Thread added: 0x00000138e0a30040


Dynamic libraries:
0x00007ff66b700000 - 0x00007ff66b70e000 	c:\Users\Admin\.vscode\extensions\redhat.java-1.36.0-win32-x64\jre\17.0.13-win32-x86_64\bin\java.exe
0x00007ffe0c470000 - 0x00007ffe0c668000 	C:\WINDOWS\SYSTEM32\ntdll.dll
0x00007ffe0a490000 - 0x00007ffe0a552000 	C:\WINDOWS\System32\KERNEL32.DLL
0x00007ffe09e10000 - 0x00007ffe0a10e000 	C:\WINDOWS\System32\KERNELBASE.dll
0x00007ffe0a2f0000 - 0x00007ffe0a3f0000 	C:\WINDOWS\System32\ucrtbase.dll
0x00007ffdcea70000 - 0x00007ffdcea8e000 	c:\Users\Admin\.vscode\extensions\redhat.java-1.36.0-win32-x64\jre\17.0.13-win32-x86_64\bin\VCRUNTIME140.dll
0x00007ffddcc70000 - 0x00007ffddcc87000 	c:\Users\Admin\.vscode\extensions\redhat.java-1.36.0-win32-x64\jre\17.0.13-win32-x86_64\bin\jli.dll
0x00007ffe0a560000 - 0x00007ffe0a6fd000 	C:\WINDOWS\System32\USER32.dll
0x00007ffe09cc0000 - 0x00007ffe09ce2000 	C:\WINDOWS\System32\win32u.dll
0x00007ffe0bf00000 - 0x00007ffe0bf2b000 	C:\WINDOWS\System32\GDI32.dll
0x00007ffddcfa0000 - 0x00007ffddd23a000 	C:\WINDOWS\WinSxS\amd64_microsoft.windows.common-controls_6595b64144ccf1df_6.0.19041.4355_none_60b8b9eb71f62e16\COMCTL32.dll
0x00007ffe09b10000 - 0x00007ffe09c27000 	C:\WINDOWS\System32\gdi32full.dll
0x00007ffe0b3d0000 - 0x00007ffe0b46e000 	C:\WINDOWS\System32\msvcrt.dll
0x00007ffe0a3f0000 - 0x00007ffe0a48d000 	C:\WINDOWS\System32\msvcp_win.dll
0x00007ffe0c010000 - 0x00007ffe0c03f000 	C:\WINDOWS\System32\IMM32.DLL
0x00007ffe00150000 - 0x00007ffe0015c000 	c:\Users\Admin\.vscode\extensions\redhat.java-1.36.0-win32-x64\jre\17.0.13-win32-x86_64\bin\vcruntime140_1.dll
0x00007ffdb8a20000 - 0x00007ffdb8aad000 	c:\Users\Admin\.vscode\extensions\redhat.java-1.36.0-win32-x64\jre\17.0.13-win32-x86_64\bin\msvcp140.dll
0x00007ffd1e870000 - 0x00007ffd1f4db000 	c:\Users\Admin\.vscode\extensions\redhat.java-1.36.0-win32-x64\jre\17.0.13-win32-x86_64\bin\server\jvm.dll
0x00007ffe0c1e0000 - 0x00007ffe0c292000 	C:\WINDOWS\System32\ADVAPI32.dll
0x00007ffe0c390000 - 0x00007ffe0c430000 	C:\WINDOWS\System32\sechost.dll
0x00007ffe0b2a0000 - 0x00007ffe0b3c3000 	C:\WINDOWS\System32\RPCRT4.dll
0x00007ffe0a160000 - 0x00007ffe0a187000 	C:\WINDOWS\System32\bcrypt.dll
0x00007ffe0b520000 - 0x00007ffe0b58b000 	C:\WINDOWS\System32\WS2_32.dll
0x00007ffe07f80000 - 0x00007ffe07fa7000 	C:\WINDOWS\SYSTEM32\WINMM.dll
0x00007ffdfafa0000 - 0x00007ffdfafaa000 	C:\WINDOWS\SYSTEM32\VERSION.dll
0x00007ffe09050000 - 0x00007ffe0909b000 	C:\WINDOWS\SYSTEM32\POWRPROF.dll
0x00007ffe08f10000 - 0x00007ffe08f22000 	C:\WINDOWS\SYSTEM32\UMPDC.dll
0x00007ffe08360000 - 0x00007ffe08372000 	C:\WINDOWS\SYSTEM32\kernel.appcore.dll
0x00007ffdd1780000 - 0x00007ffdd178a000 	c:\Users\Admin\.vscode\extensions\redhat.java-1.36.0-win32-x64\jre\17.0.13-win32-x86_64\bin\jimage.dll
0x00007ffe07d90000 - 0x00007ffe07f74000 	C:\WINDOWS\SYSTEM32\DBGHELP.DLL
0x00007ffe07fb0000 - 0x00007ffe07fe4000 	C:\WINDOWS\SYSTEM32\dbgcore.DLL
0x00007ffe09c30000 - 0x00007ffe09cb2000 	C:\WINDOWS\System32\bcryptPrimitives.dll
0x00007ffdca6f0000 - 0x00007ffdca6fe000 	c:\Users\Admin\.vscode\extensions\redhat.java-1.36.0-win32-x64\jre\17.0.13-win32-x86_64\bin\instrument.dll
0x00007ffdca6c0000 - 0x00007ffdca6e5000 	c:\Users\Admin\.vscode\extensions\redhat.java-1.36.0-win32-x64\jre\17.0.13-win32-x86_64\bin\java.dll
0x00007ffdca6a0000 - 0x00007ffdca6b8000 	c:\Users\Admin\.vscode\extensions\redhat.java-1.36.0-win32-x64\jre\17.0.13-win32-x86_64\bin\zip.dll
0x00007ffe0b590000 - 0x00007ffe0bcff000 	C:\WINDOWS\System32\SHELL32.dll
0x00007ffe07510000 - 0x00007ffe07cb4000 	C:\WINDOWS\SYSTEM32\windows.storage.dll
0x00007ffe0af30000 - 0x00007ffe0b283000 	C:\WINDOWS\System32\combase.dll
0x00007ffe09540000 - 0x00007ffe0956e000 	C:\WINDOWS\SYSTEM32\Wldp.dll
0x00007ffe0ab70000 - 0x00007ffe0ac3d000 	C:\WINDOWS\System32\OLEAUT32.dll
0x00007ffe0b470000 - 0x00007ffe0b51d000 	C:\WINDOWS\System32\SHCORE.dll
0x00007ffe0c2a0000 - 0x00007ffe0c2f5000 	C:\WINDOWS\System32\shlwapi.dll
0x00007ffe09a40000 - 0x00007ffe09a64000 	C:\WINDOWS\SYSTEM32\profapi.dll
0x00007ffdc3210000 - 0x00007ffdc3229000 	C:\Users\Admin\.vscode\extensions\redhat.java-1.36.0-win32-x64\jre\17.0.13-win32-x86_64\bin\net.dll
0x00007ffe06170000 - 0x00007ffe0627d000 	C:\WINDOWS\SYSTEM32\WINHTTP.dll
0x00007ffe092a0000 - 0x00007ffe0930a000 	C:\WINDOWS\system32\mswsock.dll
0x00007ffdc31f0000 - 0x00007ffdc3206000 	C:\Users\Admin\.vscode\extensions\redhat.java-1.36.0-win32-x64\jre\17.0.13-win32-x86_64\bin\nio.dll
0x00007ffdca640000 - 0x00007ffdca650000 	c:\Users\Admin\.vscode\extensions\redhat.java-1.36.0-win32-x64\jre\17.0.13-win32-x86_64\bin\verify.dll
0x00007ffdcd150000 - 0x00007ffdcd195000 	C:\Users\Admin\AppData\Roaming\Code\User\globalStorage\redhat.java\1.36.0\config_ss_win\org.eclipse.equinox.launcher\org.eclipse.equinox.launcher.win32.win32.x86_64_1.2.1100.v20240722-2106\eclipse_11904.dll
0x00007ffe0ac40000 - 0x00007ffe0ad6b000 	C:\WINDOWS\System32\ole32.dll
0x00007ffe09490000 - 0x00007ffe094a8000 	C:\WINDOWS\SYSTEM32\CRYPTSP.dll
0x00007ffe08b50000 - 0x00007ffe08b84000 	C:\WINDOWS\system32\rsaenh.dll
0x00007ffe09a00000 - 0x00007ffe09a2e000 	C:\WINDOWS\SYSTEM32\USERENV.dll
0x00007ffe094b0000 - 0x00007ffe094bc000 	C:\WINDOWS\SYSTEM32\CRYPTBASE.dll
0x00007ffe08f30000 - 0x00007ffe08f6b000 	C:\WINDOWS\SYSTEM32\IPHLPAPI.DLL
0x00007ffe0b290000 - 0x00007ffe0b298000 	C:\WINDOWS\System32\NSI.dll
0x00007ffe014a0000 - 0x00007ffe014b7000 	C:\WINDOWS\SYSTEM32\dhcpcsvc6.DLL
0x00007ffe015f0000 - 0x00007ffe0160d000 	C:\WINDOWS\SYSTEM32\dhcpcsvc.DLL
0x00007ffe08f80000 - 0x00007ffe0904a000 	C:\WINDOWS\SYSTEM32\DNSAPI.dll
0x00007ffdca650000 - 0x00007ffdca699000 	C:\Windows\Temp\jna-63116079\jna3617735125361970830.dll
0x00007ffe0c380000 - 0x00007ffe0c388000 	C:\WINDOWS\System32\PSAPI.DLL

dbghelp: loaded successfully - version: 4.0.5 - missing functions: none
symbol engine: initialized successfully - sym options: 0x614 - pdb path: .;c:\Users\Admin\.vscode\extensions\redhat.java-1.36.0-win32-x64\jre\17.0.13-win32-x86_64\bin;C:\WINDOWS\SYSTEM32;C:\WINDOWS\WinSxS\amd64_microsoft.windows.common-controls_6595b64144ccf1df_6.0.19041.4355_none_60b8b9eb71f62e16;c:\Users\Admin\.vscode\extensions\redhat.java-1.36.0-win32-x64\jre\17.0.13-win32-x86_64\bin\server;C:\Users\Admin\AppData\Roaming\Code\User\globalStorage\redhat.java\1.36.0\config_ss_win\org.eclipse.equinox.launcher\org.eclipse.equinox.launcher.win32.win32.x86_64_1.2.1100.v20240722-2106;C:\Windows\Temp\jna-63116079

VM Arguments:
jvm_args: --add-modules=ALL-SYSTEM --add-opens=java.base/java.util=ALL-UNNAMED --add-opens=java.base/java.lang=ALL-UNNAMED --add-opens=java.base/sun.nio.fs=ALL-UNNAMED -Declipse.application=org.eclipse.jdt.ls.core.id1 -Dosgi.bundles.defaultStartLevel=4 -Declipse.product=org.eclipse.jdt.ls.core.product -Djava.import.generatesMetadataFilesAtProjectRoot=false -DDetectVMInstallationsJob.disabled=true -Dfile.encoding=utf8 -XX:+UseParallelGC -XX:GCTimeRatio=4 -XX:AdaptiveSizePolicyWeight=90 -Dsun.zip.disableMemoryMapping=true -Xmx1G -Xms100m -Xlog:disable -javaagent:c:\Users\Admin\.vscode\extensions\redhat.java-1.36.0-win32-x64\lombok\lombok-1.18.35.jar 
java_command: c:\Users\Admin\.vscode\extensions\redhat.java-1.36.0-win32-x64\server\plugins\org.eclipse.equinox.launcher_1.6.900.v20240613-2009.jar -configuration c:\Users\Admin\AppData\Roaming\Code\User\globalStorage\redhat.java\1.36.0\config_ss_win -data c:\Users\Admin\AppData\Roaming\Code\User\workspaceStorage\1141ed2dea09336be60d10b4a5feda28\redhat.java\ss_ws --pipe=\\.\pipe\lsp-f45055b4478d53d776b477be915bef76-sock
java_class_path (initial): c:\Users\Admin\.vscode\extensions\redhat.java-1.36.0-win32-x64\server\plugins\org.eclipse.equinox.launcher_1.6.900.v20240613-2009.jar
Launcher Type: SUN_STANDARD

[Global flags]
    uintx AdaptiveSizePolicyWeight                 = 90                                        {product} {command line}
     intx CICompilerCount                          = 4                                         {product} {ergonomic}
    uintx GCTimeRatio                              = 4                                         {product} {command line}
   size_t InitialHeapSize                          = 104857600                                 {product} {command line}
   size_t MaxHeapSize                              = 1073741824                                {product} {command line}
   size_t MaxNewSize                               = 357564416                                 {product} {ergonomic}
   size_t MinHeapDeltaBytes                        = 524288                                    {product} {ergonomic}
   size_t MinHeapSize                              = 104857600                                 {product} {command line}
   size_t NewSize                                  = 34603008                                  {product} {ergonomic}
    uintx NonNMethodCodeHeapSize                   = 5839372                                {pd product} {ergonomic}
    uintx NonProfiledCodeHeapSize                  = 122909434                              {pd product} {ergonomic}
   size_t OldSize                                  = 70254592                                  {product} {ergonomic}
    uintx ProfiledCodeHeapSize                     = 122909434                              {pd product} {ergonomic}
    uintx ReservedCodeCacheSize                    = 251658240                              {pd product} {ergonomic}
     bool SegmentedCodeCache                       = true                                      {product} {ergonomic}
   size_t SoftMaxHeapSize                          = 1073741824                             {manageable} {ergonomic}
     bool UseCompressedClassPointers               = true                           {product lp64_product} {ergonomic}
     bool UseCompressedOops                        = true                           {product lp64_product} {ergonomic}
     bool UseLargePagesIndividualAllocation        = false                                  {pd product} {ergonomic}
     bool UseParallelGC                            = true                                      {product} {command line}

Logging:
Log output configuration:
 #0: stdout all=off uptime,level,tags
 #1: stderr all=off uptime,level,tags

Environment Variables:
JAVA_HOME=D:\dowload\jdk-17.0.13_windows-x64_bin\jdk-17.0.13
PATH=C:\Program Files\Common Files\Oracle\Java\javapath;D:\NTASPORT\dbhomeXE\bin;D:\app\client\Admin\product\12.2.0\client_2\bin;C:\Program Files (x86)\Common Files\Oracle\Java\javapath;C:\WINDOWS\system32;C:\WINDOWS;C:\WINDOWS\System32\Wbem;C:\WINDOWS\System32\WindowsPowerShell\v1.0\;C:\WINDOWS\System32\OpenSSH\;C:\Program Files (x86)\Microsoft SQL Server\160\Tools\Binn\;C:\Program Files\Microsoft SQL Server\160\Tools\Binn\;C:\Program Files\Microsoft SQL Server\Client SDK\ODBC\170\Tools\Binn\;C:\Program Files\Microsoft SQL Server\160\DTS\Binn\;C:\Program Files (x86)\Microsoft SQL Server\160\DTS\Binn\;C:\Program Files\Azure Data Studio\bin;C:\Program Files\NVIDIA Corporation\NVIDIA NvDLISR;C:\Program Files\Microsoft SQL Server\150\Tools\Binn\;C:\Program Files\dotnet\;C:\Program Files\Git\cmd;C:\Program Files\Microsoft\Web Platform Installer\;C:\Program Files\nodejs\;C:\Users\Admin\Downloads\php-8.3.2-nts-Win32-vs16-x64;C:\xampp\htdocs\bai1;C:\Program Files\MySQL\MySQL Server 8.3\bin;C:\xampp\php;C:\ProgramData\ComposerSetup\bin;C:\apache-maven-3.9.7\bin;D:\dowload\jdk-17.0.13_windows-x64_bin\jdk-17.0.13\bin;C:\Program Files\Java\jre1.8.0_202\bin;C:\Users\Admin\AppData\Local\Programs\Python\Python313\Scripts\;C:\Users\Admin\AppData\Local\Programs\Python\Python313\;C:\Users\Admin\AppData\Local\Programs\Python\Launcher\;C:\Users\Admin\AppData\Local\Microsoft\WindowsApps;C:\Users\Admin\AppData\Local\Programs\Microsoft VS Code\bin;C:\Program Files\Azure Data Studio\bin;C:\Users\Admin\.dotnet\tools;C:\Users\Admin\Documents\Zalo Received Files\php-8.2.12-Win32-vs16-x64;C:\Users\Admin\AppData\Roaming\npm;C:\Users\Admin\AppData\Roaming\Composer\vendor\bin;C:\apache-maven-3.9.7\bin;
USERNAME=Admin
OS=Windows_NT
PROCESSOR_IDENTIFIER=Intel64 Family 6 Model 140 Stepping 1, GenuineIntel
TMP=C:\WINDOWS\TEMP
TEMP=C:\Users\Admin\AppData\Local\Temp



Periodic native trim disabled


---------------  S Y S T E M  ---------------

OS:
 Windows 10 , 64 bit Build 19041 (10.0.19041.4957)
OS uptime: 4 days 22:13 hours

CPU: total 8 (initial active 8) (4 cores per cpu, 2 threads per core) family 6 model 140 stepping 1 microcode 0x86, cx8, cmov, fxsr, ht, mmx, 3dnowpref, sse, sse2, sse3, ssse3, sse4.1, sse4.2, popcnt, lzcnt, tsc, tscinvbit, avx, avx2, aes, erms, clmul, bmi1, bmi2, adx, avx512f, avx512dq, avx512cd, avx512bw, avx512vl, sha, fma, vzeroupper, avx512_vpopcntdq, avx512_vpclmulqdq, avx512_vaes, avx512_vnni, clflush, clflushopt, clwb, avx512_vbmi2, avx512_vbmi
Processor Information for all 8 processors :
  Max Mhz: 2419, Current Mhz: 2419, Mhz Limit: 2419

Memory: 4k page, system-wide physical 7975M (362M free)
TotalPageFile size 20965M (AvailPageFile size 0M)
current process WorkingSet (physical memory assigned to process): 176M, peak: 176M
current process commit charge ("private bytes"): 275M, peak: 275M

vm_info: OpenJDK 64-Bit Server VM (17.0.13+11) for windows-amd64 JRE (17.0.13+11), built on Oct 16 2024 00:10:08 by "admin" with MS VC++ 17.7 (VS2022)

END.
